SF:lib/helpers/draw_path_helper.dart
DA:26,1
DA:31,1
DA:33,1
DA:34,1
DA:37,1
DA:39,3
DA:40,7
DA:41,4
DA:44,1
DA:46,3
DA:47,7
DA:48,4
DA:51,1
DA:53,3
DA:54,7
DA:55,4
DA:58,1
DA:60,3
DA:61,7
DA:62,4
DA:65,1
DA:67,4
DA:68,1
DA:69,1
DA:70,5
DA:71,5
DA:75,6
DA:78,1
DA:80,4
DA:81,1
DA:82,1
DA:83,5
DA:84,5
DA:88,6
DA:91,1
DA:93,4
DA:94,1
DA:95,1
DA:96,5
DA:97,5
DA:101,6
DA:104,1
DA:106,4
DA:107,1
DA:108,1
DA:109,5
DA:110,5
DA:114,6
DA:117,0
DA:123,2
DA:124,2
DA:128,1
DA:129,1
DA:130,2
DA:131,2
DA:133,1
DA:134,2
DA:135,1
DA:136,4
DA:138,2
DA:142,1
DA:147,1
DA:148,2
DA:149,2
DA:152,1
DA:153,2
DA:154,2
DA:155,4
DA:157,2
DA:165,2
DA:178,0
DA:182,4
DA:186,2
DA:188,2
DA:189,4
DA:190,4
LF:76
LH:74
end_of_record
SF:lib/models/canvas_resize.dart
DA:24,3
DA:26,3
DA:28,3
DA:30,2
DA:32,2
DA:34,2
DA:36,2
DA:38,2
DA:40,2
DA:42,2
DA:48,3
DA:53,3
DA:56,3
DA:57,8
DA:58,8
DA:59,2
DA:63,15
DA:64,15
DA:65,3
LF:19
LH:19
end_of_record
SF:lib/providers/layers_provider.dart
DA:28,6
DA:29,6
DA:32,6
DA:33,6
DA:34,6
DA:36,18
DA:42,2
DA:45,2
DA:48,5
DA:49,5
DA:55,12
DA:58,6
DA:59,6
DA:60,18
DA:61,6
DA:68,6
DA:71,6
DA:78,2
DA:81,2
DA:82,2
DA:83,2
DA:95,6
DA:98,5
DA:99,10
DA:100,2
DA:112,2
DA:115,2
DA:116,2
DA:117,2
DA:121,2
DA:126,4
DA:130,2
DA:132,2
DA:133,6
DA:135,2
DA:139,2
DA:141,2
DA:143,2
DA:150,4
DA:151,2
DA:155,2
DA:157,2
DA:159,0
DA:161,0
DA:166,0
DA:167,0
DA:171,0
DA:173,0
DA:179,6
DA:180,6
DA:181,6
DA:182,12
DA:189,5
DA:190,10
DA:194,18
DA:197,0
DA:200,0
DA:203,0
DA:208,8
DA:211,6
DA:212,6
DA:213,18
DA:214,6
DA:215,24
DA:216,12
DA:218,6
DA:219,18
DA:220,6
DA:225,12
DA:228,1
DA:229,2
DA:230,1
DA:234,6
DA:235,12
DA:236,6
DA:241,30
DA:244,4
DA:245,8
DA:249,6
DA:250,6
DA:251,12
DA:255,6
DA:256,6
DA:258,6
DA:259,2
DA:264,6
DA:265,18
DA:266,0
DA:271,4
DA:274,6
DA:277,4
DA:278,4
DA:279,6
DA:281,4
DA:286,4
DA:287,4
DA:288,4
DA:289,4
DA:290,8
DA:291,4
DA:296,1
DA:297,2
DA:298,3
DA:303,1
DA:304,1
DA:305,2
DA:309,1
DA:310,5
DA:314,2
DA:315,5
DA:327,1
DA:328,1
DA:329,2
DA:332,2
DA:334,1
DA:335,1
DA:337,1
DA:339,5
DA:347,1
DA:348,1
DA:353,1
DA:355,1
DA:356,1
DA:358,1
DA:360,1
DA:362,1
DA:364,1
DA:366,1
DA:368,2
DA:369,1
DA:372,1
DA:374,1
DA:376,0
DA:378,0
DA:381,0
DA:382,0
DA:385,0
DA:387,0
DA:388,0
DA:390,0
DA:391,0
DA:397,6
DA:400,0
DA:401,0
DA:402,0
DA:403,0
DA:405,0
DA:419,0
DA:420,0
DA:421,0
DA:433,0
DA:434,0
DA:435,0
DA:437,0
DA:438,0
DA:439,0
DA:440,0
DA:441,0
DA:442,0
DA:444,0
DA:445,0
DA:447,0
DA:453,0
DA:454,0
DA:456,0
DA:461,1
DA:462,1
DA:463,1
DA:465,3
DA:466,1
DA:467,1
DA:472,1
DA:475,2
DA:476,3
DA:477,3
DA:480,1
DA:484,0
DA:485,0
DA:486,0
DA:487,0
DA:494,0
DA:496,0
DA:497,0
DA:498,0
DA:499,0
DA:501,0
DA:502,0
DA:504,0
DA:510,0
DA:511,0
DA:514,0
DA:515,0
DA:517,0
DA:520,0
DA:521,0
DA:523,0
DA:529,1
DA:530,1
DA:532,1
DA:536,2
DA:540,0
DA:542,0
DA:545,0
DA:546,0
DA:549,0
DA:556,0
DA:559,0
DA:560,0
DA:561,0
DA:562,0
DA:564,0
LF:211
LH:138
end_of_record
SF:lib/helpers/color_helper.dart
DA:15,1
DA:16,1
DA:19,1
DA:22,1
DA:25,1
DA:49,3
DA:55,3
DA:56,6
DA:65,3
DA:70,6
DA:71,3
DA:72,3
DA:73,3
DA:74,3
DA:75,6
DA:76,3
DA:77,3
DA:78,3
DA:79,3
DA:80,6
DA:81,3
DA:82,3
DA:83,3
DA:84,3
DA:85,6
DA:86,3
DA:87,3
DA:88,3
DA:89,3
DA:91,3
DA:92,3
DA:93,3
DA:94,3
DA:95,3
DA:98,1
DA:102,1
DA:114,1
DA:117,4
DA:118,4
DA:119,4
DA:121,1
DA:124,2
DA:139,1
DA:140,2
DA:141,2
DA:142,1
DA:144,2
DA:145,3
DA:157,1
DA:158,2
DA:159,1
DA:173,7
DA:181,0
DA:182,0
DA:185,0
LF:55
LH:52
end_of_record
SF:lib/helpers/constants.dart
DA:229,2
DA:230,2
DA:231,2
DA:232,2
DA:233,2
DA:234,2
DA:237,2
DA:238,0
DA:239,0
DA:240,0
DA:242,2
DA:243,0
DA:244,0
DA:245,0
DA:246,0
DA:247,0
DA:249,2
DA:250,2
DA:251,0
DA:252,0
LF:20
LH:10
end_of_record
SF:lib/helpers/image_helper.dart
DA:12,0
DA:20,2
DA:21,2
DA:23,0
DA:26,4
DA:27,2
DA:28,2
DA:29,2
DA:32,4
DA:33,4
DA:34,2
DA:35,22
DA:36,6
DA:41,2
DA:42,2
DA:43,2
DA:47,4
DA:48,2
DA:49,8
DA:53,2
DA:54,8
DA:57,4
DA:62,1
DA:68,0
DA:70,0
DA:71,0
DA:73,0
DA:77,1
DA:78,1
DA:79,2
DA:83,0
DA:84,0
DA:89,0
DA:92,0
DA:94,0
DA:95,0
DA:97,0
DA:105,0
DA:109,0
DA:116,0
DA:118,0
DA:127,0
DA:129,0
DA:139,2
DA:140,2
DA:141,2
DA:142,2
DA:143,2
DA:144,2
DA:146,2
DA:148,10
DA:149,6
DA:153,2
DA:154,10
DA:160,1
DA:161,1
DA:162,1
DA:164,1
DA:165,1
DA:166,1
DA:167,1
DA:168,1
DA:171,3
DA:173,2
DA:175,1
DA:176,5
DA:182,0
DA:183,0
DA:188,0
DA:189,0
DA:190,0
DA:194,0
DA:195,0
DA:197,0
DA:198,0
DA:199,0
DA:200,0
DA:201,0
DA:202,0
DA:205,0
DA:208,0
DA:211,0
DA:218,0
DA:222,0
DA:223,0
DA:224,0
DA:225,0
DA:226,0
DA:234,8
DA:242,7
DA:243,14
DA:244,21
DA:248,1
DA:249,2
DA:250,1
LF:95
LH:54
end_of_record
SF:lib/helpers/log_helper.dart
DA:21,0
DA:22,0
DA:23,0
DA:24,0
DA:25,0
DA:26,0
DA:27,0
DA:28,0
DA:29,0
DA:30,0
DA:31,0
LF:11
LH:0
end_of_record
SF:lib/helpers/transform_helper.dart
DA:17,1
DA:23,2
DA:24,2
DA:26,1
DA:27,1
DA:30,3
DA:32,2
DA:33,2
DA:34,1
DA:38,2
DA:39,2
DA:40,1
DA:41,1
DA:44,9
DA:45,9
DA:46,9
DA:47,9
DA:49,4
DA:50,5
DA:52,2
DA:53,3
DA:55,1
DA:61,2
DA:62,2
DA:63,2
DA:64,1
DA:65,3
DA:66,1
DA:68,2
DA:69,2
DA:70,2
DA:71,2
DA:72,2
DA:73,2
DA:77,1
DA:84,1
DA:85,2
DA:89,2
DA:92,1
DA:101,1
DA:106,2
DA:107,2
DA:108,2
DA:109,2
DA:110,2
DA:111,2
DA:112,2
DA:113,2
DA:114,2
DA:117,1
DA:118,1
DA:120,1
DA:121,1
DA:124,3
DA:126,1
DA:128,2
DA:129,2
DA:130,2
DA:142,0
DA:149,0
DA:150,0
DA:152,0
DA:153,0
DA:162,1
DA:169,2
DA:170,2
DA:172,1
DA:173,1
DA:182,0
DA:186,0
DA:187,0
DA:190,0
DA:191,0
DA:196,1
DA:197,1
DA:198,1
DA:200,0
LF:77
LH:66
end_of_record
SF:lib/models/brush_style.dart
DA:14,6
LF:1
LH:1
end_of_record
SF:lib/models/fill_model.dart
DA:32,2
DA:35,1
DA:36,1
DA:37,2
DA:38,0
DA:45,1
DA:47,2
DA:48,1
DA:52,0
DA:53,0
DA:57,2
DA:58,2
DA:60,4
DA:61,1
DA:62,2
DA:63,2
DA:65,4
DA:66,1
DA:67,2
DA:73,1
LF:20
LH:17
end_of_record
SF:lib/models/visible_model.dart
DA:7,3
DA:8,3
LF:2
LH:2
end_of_record
SF:lib/models/image_placement_model.dart
DA:22,12
DA:25,12
DA:28,2
DA:29,2
DA:30,2
DA:31,1
DA:32,1
DA:36,3
DA:39,2
DA:43,2
DA:44,2
DA:45,2
DA:46,2
DA:47,2
DA:50,1
DA:52,1
DA:53,1
DA:54,1
DA:55,1
DA:56,1
LF:20
LH:20
end_of_record
SF:lib/models/render_helper.dart
DA:14,0
DA:20,0
DA:21,0
DA:22,0
DA:23,0
DA:24,0
DA:25,0
DA:26,0
DA:39,0
DA:45,0
DA:46,0
DA:47,0
DA:48,0
DA:49,0
DA:50,0
DA:64,1
DA:72,1
DA:73,1
DA:74,1
DA:75,2
DA:76,1
DA:77,1
DA:78,1
DA:81,1
DA:82,2
DA:83,2
DA:84,1
DA:88,1
DA:89,1
DA:100,1
DA:107,1
DA:108,1
DA:109,1
DA:110,2
DA:111,1
DA:113,3
DA:114,1
DA:115,4
DA:116,4
DA:118,1
DA:119,1
DA:120,2
DA:121,1
DA:122,1
DA:123,1
DA:128,1
DA:132,1
DA:133,1
DA:143,1
DA:149,1
DA:150,1
DA:151,1
DA:152,1
DA:153,2
DA:155,1
DA:156,1
DA:157,2
DA:158,2
DA:160,2
DA:161,3
DA:163,1
DA:164,2
DA:165,3
DA:175,1
DA:182,1
DA:183,1
DA:184,1
DA:185,2
DA:186,1
DA:188,1
DA:189,3
DA:190,3
DA:191,2
DA:192,1
DA:196,1
DA:197,1
DA:207,2
DA:213,2
DA:215,3
DA:217,2
DA:219,2
DA:220,2
DA:227,1
DA:228,1
DA:229,1
DA:230,1
DA:231,1
DA:232,1
DA:240,1
DA:245,2
DA:255,2
DA:262,2
DA:263,0
DA:267,0
DA:268,0
DA:271,2
DA:282,0
DA:289,0
DA:294,0
DA:302,0
DA:307,0
DA:308,0
DA:310,0
DA:311,0
DA:312,0
DA:313,0
DA:315,0
DA:319,0
DA:329,1
DA:333,4
DA:338,1
DA:339,1
DA:341,1
DA:345,1
DA:346,1
DA:347,1
DA:348,1
DA:349,1
DA:350,1
DA:353,2
DA:355,1
DA:358,3
DA:359,2
DA:361,2
LF:124
LH:94
end_of_record
SF:lib/models/text_object.dart
DA:6,3
DA:23,2
DA:24,4
DA:25,5
DA:28,2
DA:29,2
DA:30,2
DA:31,2
DA:32,2
DA:33,2
DA:34,2
DA:35,2
DA:41,2
DA:43,2
DA:44,4
DA:45,4
DA:46,2
DA:47,2
DA:52,1
DA:53,2
DA:57,1
DA:58,1
DA:59,1
DA:60,4
DA:61,4
LF:25
LH:25
end_of_record
SF:lib/models/selector_model.dart
DA:22,3
DA:25,0
DA:27,0
DA:28,0
DA:29,0
DA:30,0
DA:31,0
DA:32,0
DA:36,0
DA:37,0
DA:38,0
DA:39,0
DA:44,0
DA:45,0
DA:47,0
DA:51,0
DA:52,0
DA:56,0
DA:60,0
DA:61,0
DA:62,0
DA:63,0
DA:68,0
DA:69,0
DA:70,0
DA:71,0
DA:72,0
DA:78,1
DA:79,1
DA:80,1
DA:84,3
DA:85,1
DA:86,0
DA:92,0
DA:93,0
DA:95,0
DA:96,0
DA:97,0
DA:98,0
DA:99,0
DA:101,0
DA:104,0
DA:105,0
DA:106,0
DA:107,0
DA:109,0
DA:112,0
DA:113,0
DA:117,0
DA:123,0
DA:124,0
DA:125,0
DA:126,0
DA:128,0
DA:129,0
DA:131,0
DA:135,0
DA:137,0
DA:138,0
DA:140,0
DA:144,0
DA:145,0
DA:146,0
DA:147,0
DA:148,0
DA:149,0
DA:150,0
DA:152,0
DA:154,0
DA:155,0
DA:156,0
DA:157,0
DA:159,0
DA:163,0
DA:170,0
DA:171,0
DA:175,0
DA:176,0
DA:179,0
DA:180,0
DA:181,0
DA:182,0
DA:185,0
DA:186,0
DA:187,0
DA:188,0
DA:192,0
LF:87
LH:6
end_of_record
SF:lib/models/transform_model.dart
DA:45,1
DA:49,1
DA:50,1
DA:51,2
DA:52,1
DA:53,1
DA:54,1
DA:55,1
DA:57,1
DA:58,1
DA:62,1
DA:63,5
DA:67,1
DA:68,5
DA:69,5
DA:73,1
DA:74,4
DA:75,5
DA:80,3
DA:83,0
DA:86,0
DA:89,0
DA:92,1
DA:93,1
DA:94,1
DA:95,1
DA:99,1
DA:100,1
DA:101,1
DA:102,1
DA:106,0
DA:107,0
DA:108,0
DA:109,0
DA:113,1
DA:114,1
DA:115,1
DA:116,1
DA:117,1
DA:121,1
DA:122,1
DA:123,1
DA:127,0
DA:128,0
DA:129,0
DA:130,0
DA:131,0
DA:135,0
DA:136,0
DA:137,0
DA:138,0
DA:142,1
DA:143,1
DA:144,1
DA:148,1
DA:149,1
DA:153,1
DA:155,4
DA:156,1
DA:157,2
DA:158,1
DA:160,1
DA:161,2
DA:162,2
DA:166,0
DA:167,0
DA:168,0
DA:169,0
DA:171,0
DA:172,0
DA:173,0
DA:174,0
DA:175,0
DA:177,0
DA:181,1
DA:182,1
DA:183,4
DA:184,4
DA:185,4
DA:186,4
DA:188,4
DA:189,4
DA:190,4
DA:191,4
DA:197,1
DA:198,1
DA:199,8
DA:200,8
DA:205,1
DA:206,2
DA:209,3
DA:210,3
DA:211,3
DA:212,3
DA:213,2
DA:214,2
DA:215,0
DA:217,2
DA:218,1
DA:220,2
DA:221,1
DA:223,2
DA:224,1
DA:227,1
DA:230,1
DA:232,1
DA:233,1
DA:234,1
DA:235,1
DA:236,2
LF:110
LH:83
end_of_record
SF:lib/models/user_action_drawing.dart
DA:10,7
DA:50,1
DA:52,2
DA:73,2
DA:74,6
DA:77,1
DA:79,1
DA:95,6
DA:97,2
DA:98,2
DA:99,2
DA:102,2
DA:103,2
DA:104,2
DA:105,2
DA:108,2
DA:109,2
DA:110,2
DA:111,2
DA:114,2
DA:115,2
DA:116,2
DA:117,2
DA:118,2
DA:121,2
DA:122,2
DA:123,2
DA:124,2
DA:125,2
DA:128,2
DA:129,2
DA:130,2
DA:133,2
DA:139,2
DA:142,2
DA:143,2
DA:144,2
LF:37
LH:37
end_of_record
SF:lib/providers/app_preferences.dart
DA:12,4
DA:33,2
DA:36,4
DA:39,2
DA:42,2
DA:45,0
DA:50,0
DA:55,6
DA:58,3
DA:59,3
DA:60,3
DA:62,2
DA:66,0
DA:69,0
DA:70,0
DA:74,1
DA:75,1
DA:76,2
DA:80,1
DA:81,1
DA:82,3
DA:86,1
DA:87,1
DA:88,3
DA:92,0
DA:95,0
DA:96,0
DA:102,0
DA:103,0
DA:104,0
DA:106,0
DA:109,0
DA:113,3
DA:114,5
DA:116,6
DA:119,6
DA:122,10
DA:124,10
DA:126,6
DA:128,6
LF:40
LH:27
end_of_record
SF:lib/providers/app_provider.dart
DA:32,3
DA:33,9
DA:37,9
DA:38,2
DA:39,2
DA:43,0
DA:45,0
DA:48,0
DA:54,6
DA:57,0
DA:60,0
DA:61,0
DA:62,0
DA:66,6
DA:71,2
DA:82,2
DA:85,2
DA:94,3
DA:95,6
DA:97,6
DA:98,6
DA:99,6
DA:100,3
DA:104,1
DA:105,5
DA:109,0
DA:110,0
DA:114,1
DA:120,1
DA:122,2
DA:123,0
DA:127,5
DA:130,1
DA:133,1
DA:135,5
DA:137,2
DA:138,0
DA:141,1
DA:146,2
DA:147,9
DA:148,9
DA:152,0
DA:153,0
DA:154,0
DA:155,0
DA:157,0
DA:158,0
DA:161,0
DA:166,0
DA:167,0
DA:168,0
DA:172,0
DA:173,0
DA:174,0
DA:179,0
DA:181,0
DA:182,0
DA:185,0
DA:188,0
DA:191,0
DA:194,0
DA:195,0
DA:196,0
DA:200,0
DA:204,0
DA:205,0
DA:211,0
DA:212,0
DA:213,0
DA:215,0
DA:216,0
DA:217,0
DA:220,0
DA:224,0
DA:228,0
DA:229,0
DA:231,0
DA:232,0
DA:237,0
DA:238,0
DA:239,0
DA:241,0
DA:242,0
DA:244,0
DA:245,0
DA:246,0
DA:247,0
DA:249,0
DA:252,0
DA:253,0
DA:255,0
DA:256,0
DA:259,0
DA:261,0
DA:262,0
DA:263,0
DA:265,0
DA:267,0
DA:268,0
DA:269,0
DA:270,0
DA:271,0
DA:273,0
DA:274,0
DA:275,0
DA:276,0
DA:280,0
DA:281,0
DA:285,0
DA:286,0
DA:287,0
DA:297,0
DA:298,0
DA:302,0
DA:303,0
DA:308,0
DA:310,0
DA:311,0
DA:312,0
DA:313,0
DA:314,0
DA:316,0
DA:317,0
DA:318,0
DA:321,0
DA:322,0
DA:327,0
DA:328,0
DA:330,0
DA:331,0
DA:336,0
DA:338,0
DA:343,0
DA:344,0
DA:345,0
DA:347,0
DA:349,0
DA:351,0
DA:352,0
DA:354,0
DA:359,0
DA:363,0
DA:365,0
DA:366,0
DA:367,0
DA:368,0
DA:372,0
DA:373,0
DA:374,0
DA:378,0
DA:379,0
DA:380,0
DA:384,0
DA:387,0
DA:388,0
DA:389,0
DA:396,3
DA:397,3
DA:398,6
DA:399,3
DA:409,2
DA:412,4
DA:413,0
DA:416,4
DA:417,4
DA:418,8
DA:419,4
DA:422,4
DA:426,1
DA:427,2
DA:428,1
DA:432,0
DA:433,0
DA:434,0
DA:438,1
DA:442,2
DA:444,2
DA:445,0
DA:446,0
DA:450,0
DA:459,1
DA:466,3
DA:467,3
DA:468,2
DA:469,3
DA:471,1
DA:473,1
DA:481,10
DA:483,10
DA:484,1
DA:486,1
DA:497,1
DA:498,1
DA:500,1
DA:502,2
DA:504,1
DA:508,2
DA:514,6
DA:517,1
DA:518,2
DA:519,1
DA:527,2
DA:530,0
DA:531,0
DA:532,0
DA:539,3
DA:542,1
DA:543,2
DA:544,1
DA:551,3
DA:554,1
DA:555,2
DA:556,1
DA:564,2
DA:567,0
DA:568,0
DA:569,0
DA:573,2
DA:581,1
DA:582,1
DA:583,1
DA:585,1
DA:587,1
DA:593,1
DA:598,1
DA:599,3
DA:600,5
DA:605,0
DA:606,0
DA:607,0
DA:608,0
DA:609,0
DA:612,0
DA:613,0
DA:614,0
DA:620,0
DA:621,0
DA:622,0
DA:625,0
DA:626,0
DA:627,0
DA:630,0
DA:634,0
DA:635,0
DA:636,0
DA:639,0
DA:640,0
DA:641,0
DA:644,0
DA:648,0
DA:649,0
DA:650,0
DA:651,0
DA:652,0
DA:653,0
DA:654,0
DA:661,0
DA:662,0
DA:663,0
DA:665,0
DA:696,0
DA:697,0
DA:698,0
DA:699,0
DA:700,0
DA:701,0
DA:702,0
DA:704,0
DA:706,0
DA:709,0
DA:710,0
DA:715,0
DA:716,0
DA:719,0
DA:720,0
DA:725,0
DA:726,0
DA:727,0
DA:728,0
DA:732,0
DA:733,0
DA:734,0
DA:735,0
DA:736,0
DA:737,0
DA:742,0
DA:744,0
DA:745,0
DA:746,0
DA:747,0
DA:753,0
DA:754,0
DA:759,0
DA:760,0
DA:761,0
DA:764,0
DA:765,0
DA:766,0
DA:768,0
DA:769,0
DA:775,0
DA:777,0
DA:782,0
DA:783,0
DA:787,0
DA:788,0
DA:789,0
DA:793,0
DA:795,0
DA:796,0
DA:797,0
DA:798,0
DA:799,0
DA:803,0
DA:804,0
DA:805,0
DA:806,0
DA:807,0
DA:809,0
DA:811,0
DA:812,0
DA:813,0
DA:814,0
DA:815,0
DA:816,0
DA:818,0
DA:819,0
DA:820,0
DA:822,0
DA:823,0
DA:827,0
DA:833,0
DA:834,0
DA:835,0
DA:836,0
DA:837,0
DA:838,0
DA:841,0
DA:845,0
DA:846,0
DA:847,0
DA:850,0
DA:852,0
DA:853,0
DA:855,0
DA:856,0
DA:857,0
DA:858,0
DA:859,0
DA:860,0
DA:865,0
DA:866,0
DA:868,0
DA:869,0
DA:871,0
DA:872,0
DA:873,0
DA:874,0
DA:875,0
DA:876,0
DA:877,0
DA:878,0
DA:879,0
DA:880,0
DA:883,0
DA:889,0
DA:890,0
DA:892,0
DA:893,0
DA:894,0
DA:895,0
DA:896,0
DA:897,0
DA:904,0
DA:905,0
DA:909,0
DA:918,3
DA:919,3
LF:378
LH:90
end_of_record
SF:lib/providers/undo_provider.dart
DA:17,5
DA:18,5
DA:21,5
DA:22,0
DA:23,15
DA:29,0
DA:32,0
DA:38,3
DA:41,0
DA:44,4
DA:45,8
DA:46,8
DA:54,4
DA:59,4
DA:65,4
DA:68,8
DA:70,4
DA:75,1
DA:76,1
DA:80,2
DA:81,2
DA:82,2
DA:83,1
DA:87,0
DA:88,0
DA:92,0
DA:93,0
DA:94,0
DA:95,0
DA:99,0
DA:100,0
DA:101,0
DA:102,0
DA:106,1
DA:107,2
DA:111,1
DA:112,2
DA:116,1
DA:118,2
DA:120,0
DA:126,1
DA:131,1
DA:132,3
DA:133,1
DA:134,1
DA:135,1
DA:141,4
DA:156,1
DA:158,1
LF:49
LH:34
end_of_record
SF:lib/services/fill_service.dart
DA:12,1
DA:24,1
DA:31,1
DA:37,3
DA:39,1
DA:41,1
DA:44,1
DA:45,1
DA:46,1
DA:54,1
DA:63,2
DA:64,0
DA:65,2
DA:67,1
DA:73,3
DA:75,1
DA:78,5
DA:79,0
DA:86,2
DA:88,0
DA:90,0
DA:91,0
DA:92,0
DA:93,0
DA:94,0
DA:96,0
DA:99,1
DA:100,5
DA:101,1
DA:102,9
DA:103,9
DA:105,1
DA:106,9
DA:107,9
DA:112,1
DA:115,1
DA:116,1
DA:117,1
DA:125,1
DA:131,8
DA:132,0
DA:135,2
DA:136,2
DA:139,6
DA:140,0
DA:144,1
DA:150,1
DA:151,1
DA:152,1
LF:49
LH:38
end_of_record
SF:lib/providers/layer_provider.dart
DA:25,7
DA:35,7
DA:36,7
DA:37,7
DA:44,0
DA:47,0
DA:50,0
DA:51,0
DA:59,10
DA:62,2
DA:63,2
DA:64,2
DA:110,8
DA:113,3
DA:114,3
DA:115,3
DA:122,2
DA:123,4
DA:124,2
DA:125,4
DA:127,4
DA:128,12
DA:129,4
DA:141,8
DA:144,2
DA:145,2
DA:146,2
DA:155,8
DA:158,1
DA:159,1
DA:160,1
DA:164,6
DA:167,6
DA:170,3
DA:171,6
DA:172,12
DA:173,21
DA:176,3
DA:177,3
DA:180,3
DA:181,0
DA:184,3
DA:185,0
DA:188,3
DA:192,0
DA:193,0
DA:194,0
DA:195,0
DA:196,0
DA:197,0
DA:201,0
DA:207,0
DA:208,0
DA:210,0
DA:212,0
DA:213,0
DA:214,0
DA:215,0
DA:217,0
DA:220,0
DA:221,0
DA:226,0
DA:227,0
DA:228,0
DA:229,0
DA:230,0
DA:231,0
DA:232,0
DA:233,0
DA:236,0
DA:237,0
DA:239,0
DA:240,0
DA:241,0
DA:242,0
DA:243,0
DA:244,0
DA:245,0
DA:246,0
DA:249,0
DA:250,0
DA:251,0
DA:252,0
DA:253,0
DA:254,0
DA:255,0
DA:257,0
DA:258,0
DA:259,0
DA:261,0
DA:262,0
DA:264,0
DA:265,0
DA:266,0
DA:270,0
DA:271,0
DA:272,0
DA:274,0
DA:275,0
DA:276,0
DA:284,0
DA:285,0
DA:288,0
DA:292,15
DA:295,6
DA:296,12
DA:297,6
DA:298,6
DA:302,2
DA:307,2
DA:309,2
DA:311,2
DA:312,8
DA:313,8
DA:316,2
DA:324,2
DA:330,0
DA:331,0
DA:335,2
DA:336,4
DA:337,8
DA:338,2
DA:339,2
DA:344,1
DA:345,2
DA:346,4
DA:347,1
DA:348,1
DA:361,4
DA:364,2
DA:365,2
DA:366,2
DA:367,2
DA:368,2
DA:371,4
DA:372,6
DA:373,6
DA:377,4
DA:378,2
DA:379,4
DA:382,2
DA:385,4
DA:389,6
DA:390,6
DA:391,6
DA:392,13
DA:393,1
DA:394,1
DA:399,3
DA:400,3
DA:401,6
DA:402,6
DA:407,4
DA:408,4
DA:409,4
DA:411,8
DA:412,4
DA:414,4
DA:415,4
DA:419,3
DA:428,0
DA:430,0
DA:433,3
DA:436,0
DA:441,4
DA:443,4
DA:444,20
DA:445,8
DA:447,4
DA:449,8
DA:451,6
DA:455,4
DA:456,3
DA:457,6
DA:458,3
DA:459,18
DA:465,7
DA:466,3
DA:467,3
DA:468,0
DA:470,0
DA:471,0
DA:473,0
DA:474,0
DA:475,0
DA:480,3
DA:481,1
DA:483,1
DA:484,2
DA:486,1
DA:487,1
DA:488,1
DA:493,2
DA:494,1
DA:496,1
DA:497,2
DA:499,2
DA:500,2
DA:501,1
DA:502,1
DA:508,2
DA:509,1
DA:511,1
DA:512,2
DA:514,2
DA:515,2
DA:516,1
DA:517,1
DA:522,2
DA:523,1
DA:525,1
DA:526,2
DA:528,2
DA:529,2
DA:530,1
DA:531,1
DA:536,2
DA:541,2
DA:542,2
DA:544,2
DA:545,4
DA:547,2
DA:548,2
DA:549,2
DA:554,2
DA:555,0
DA:557,0
DA:558,0
DA:560,0
DA:561,0
DA:562,0
DA:567,2
DA:568,2
DA:571,2
DA:572,4
DA:575,1
DA:578,1
DA:579,1
DA:581,1
DA:582,2
DA:584,1
DA:593,4
LF:242
LH:160
end_of_record
SF:lib/services/flood_fill.dart
DA:18,4
DA:26,1
DA:36,2
DA:50,1
DA:51,4
DA:71,1
DA:77,1
DA:79,1
DA:84,1
DA:85,1
DA:88,4
DA:93,1
DA:94,1
DA:95,2
DA:96,2
DA:97,2
DA:104,2
DA:108,1
DA:109,2
DA:112,1
DA:115,2
DA:116,2
DA:118,1
DA:119,1
DA:120,1
DA:121,1
DA:124,4
DA:129,2
DA:130,1
DA:135,1
DA:136,1
DA:137,2
DA:138,2
DA:139,2
DA:142,3
DA:143,3
DA:144,3
DA:145,3
DA:150,1
DA:153,4
DA:154,4
DA:157,3
DA:158,3
DA:159,3
DA:160,3
DA:166,1
DA:168,1
DA:171,2
DA:172,5
DA:176,2
DA:177,1
DA:178,5
DA:180,2
DA:181,2
DA:183,3
DA:184,2
DA:186,2
DA:191,0
DA:192,0
DA:193,0
DA:194,0
DA:195,0
DA:205,1
DA:206,1
DA:207,1
DA:208,1
DA:209,3
DA:215,3
DA:219,2
DA:220,5
DA:221,4
LF:71
LH:66
end_of_record
SF:lib/widgets/action_type_icon.dart
DA:7,2
DA:12,2
DA:13,2
DA:14,2
DA:15,2
DA:16,2
DA:17,1
DA:18,2
DA:19,1
DA:20,2
DA:21,1
DA:22,2
DA:23,0
DA:24,2
DA:25,1
DA:26,2
DA:27,1
DA:31,2
DA:32,0
DA:33,2
DA:34,0
DA:35,2
DA:36,2
DA:37,1
DA:38,1
DA:43,2
DA:45,2
LF:27
LH:24
end_of_record
SF:lib/widgets/svg_icon.dart
DA:11,3
DA:15,3
DA:19,3
DA:29,1
DA:33,1
LF:5
LH:5
end_of_record
SF:lib/files/file_ora.dart
DA:15,0
DA:60,1
DA:65,1
DA:66,1
DA:67,2
DA:71,0
DA:73,0
DA:76,2
DA:81,1
DA:87,2
DA:90,2
DA:91,0
DA:92,2
DA:96,0
DA:97,0
DA:102,0
DA:104,2
DA:109,1
DA:114,1
DA:115,2
DA:116,2
DA:117,2
DA:120,1
DA:121,1
DA:125,1
DA:131,1
DA:132,2
DA:133,2
DA:134,1
DA:136,2
DA:137,1
DA:145,1
DA:151,1
DA:152,1
DA:153,1
DA:154,1
DA:156,2
DA:158,1
DA:159,1
DA:160,2
DA:161,2
DA:164,1
DA:166,1
DA:167,1
DA:169,1
DA:170,1
DA:171,1
DA:174,2
DA:175,1
DA:177,1
DA:195,1
DA:197,1
DA:199,1
DA:201,1
DA:203,1
DA:205,1
DA:207,1
DA:209,1
DA:211,1
DA:213,1
DA:215,1
DA:217,1
DA:219,1
DA:234,1
DA:241,6
DA:243,1
DA:244,1
DA:246,1
DA:251,0
DA:254,0
DA:279,1
DA:280,1
DA:281,3
DA:282,1
DA:300,2
DA:301,2
DA:302,2
DA:305,2
DA:306,2
DA:308,2
DA:309,2
DA:314,2
DA:317,6
DA:318,2
DA:319,2
DA:322,4
DA:324,2
DA:326,2
DA:327,2
DA:329,2
DA:330,4
DA:334,4
DA:335,2
DA:336,2
DA:337,2
DA:338,4
DA:346,2
DA:347,2
DA:349,2
DA:350,2
DA:351,2
DA:353,8
DA:355,2
DA:357,8
DA:360,2
DA:362,2
DA:363,2
DA:364,2
DA:366,4
DA:367,2
DA:369,2
DA:371,0
DA:373,0
DA:375,0
DA:377,2
DA:381,2
DA:382,0
DA:384,0
DA:385,0
DA:386,0
DA:391,2
DA:398,4
DA:399,2
DA:400,2
DA:402,2
DA:403,2
DA:408,4
DA:421,2
DA:425,4
DA:426,2
DA:428,2
DA:429,4
DA:430,4
DA:431,4
DA:432,4
DA:433,4
DA:434,4
LF:137
LH:121
end_of_record
SF:lib/files/export_download_non_web.dart
DA:31,0
DA:35,0
DA:38,0
DA:39,0
DA:54,0
DA:59,0
DA:60,0
DA:80,0
DA:84,0
DA:87,0
DA:90,0
DA:105,0
DA:111,0
DA:114,0
DA:115,0
DA:128,0
DA:132,0
DA:135,0
DA:138,0
DA:153,0
DA:158,0
DA:159,0
DA:164,0
DA:168,0
DA:171,0
DA:172,0
DA:177,0
DA:183,0
DA:191,0
DA:192,0
DA:199,0
DA:204,0
DA:205,0
DA:206,0
DA:208,0
DA:209,0
DA:210,0
LF:37
LH:0
end_of_record
SF:lib/files/file_jpeg.dart
DA:13,2
DA:15,2
DA:17,0
DA:21,1
DA:23,1
LF:5
LH:4
end_of_record
SF:lib/files/file_tiff.dart
DA:14,2
DA:15,2
DA:17,0
DA:19,1
DA:20,1
DA:23,0
DA:26,0
DA:30,0
DA:31,0
DA:34,0
DA:35,0
DA:36,0
DA:37,0
DA:38,0
DA:39,0
DA:42,0
DA:43,0
DA:45,0
DA:47,0
DA:48,0
DA:49,0
DA:50,0
DA:54,0
DA:55,0
DA:58,0
DA:62,0
DA:65,0
DA:69,0
DA:70,0
DA:72,0
DA:73,0
DA:74,0
DA:77,0
DA:79,0
DA:80,0
DA:85,0
DA:86,0
DA:92,0
DA:94,0
DA:95,0
DA:97,0
DA:103,0
DA:104,0
DA:105,0
DA:108,0
DA:109,0
DA:113,0
DA:117,0
DA:118,0
DA:122,0
DA:123,0
DA:124,0
DA:125,0
DA:127,0
LF:54
LH:4
end_of_record
SF:lib/helpers/list_helper.dart
DA:28,3
DA:34,3
DA:35,1
DA:39,9
DA:42,3
DA:45,6
DA:46,9
DA:55,1
DA:56,3
DA:61,1
DA:66,1
DA:72,1
DA:77,6
DA:80,1
DA:81,3
DA:83,1
DA:85,3
DA:91,1
DA:96,1
DA:101,7
DA:104,1
DA:105,5
DA:107,1
DA:108,3
DA:113,1
DA:119,1
DA:124,10
DA:127,1
DA:128,8
DA:130,1
DA:131,4
DA:137,2
DA:138,4
DA:139,2
LF:34
LH:34
end_of_record
SF:lib/files/import_files.dart
DA:27,0
DA:36,0
DA:37,0
DA:38,0
DA:40,0
DA:45,0
DA:47,0
DA:48,0
DA:50,0
DA:51,0
DA:52,0
DA:54,0
DA:55,0
DA:56,0
DA:59,0
DA:60,0
DA:63,0
DA:65,0
DA:68,0
DA:72,0
DA:74,0
DA:76,0
DA:77,0
DA:79,0
DA:80,0
DA:82,0
DA:85,0
DA:86,0
DA:87,0
DA:89,0
DA:91,0
DA:92,0
DA:93,0
DA:94,0
DA:96,0
DA:97,0
DA:100,0
DA:101,0
DA:105,0
DA:124,0
DA:125,0
DA:126,0
DA:127,0
DA:129,0
DA:134,0
DA:135,0
DA:147,0
DA:148,0
DA:149,0
DA:150,0
DA:152,0
DA:153,0
DA:155,0
DA:156,0
DA:159,0
DA:162,0
DA:163,0
DA:164,0
DA:165,0
DA:171,0
DA:173,0
DA:177,0
DA:194,0
DA:199,0
DA:203,0
DA:205,0
DA:207,0
DA:208,0
DA:210,0
DA:211,0
DA:214,0
DA:215,0
DA:220,0
DA:222,0
DA:223,0
DA:224,0
DA:233,0
DA:235,0
DA:236,0
DA:237,0
DA:247,3
DA:266,1
DA:267,3
DA:276,0
DA:283,0
DA:285,0
DA:286,0
DA:287,0
DA:288,0
DA:289,0
DA:294,0
DA:295,0
DA:296,0
DA:297,0
DA:307,0
DA:314,0
DA:316,0
DA:319,0
DA:320,0
DA:321,0
DA:322,0
DA:332,0
DA:338,0
DA:353,0
DA:354,0
DA:355,0
DA:357,0
DA:358,0
DA:359,0
DA:360,0
DA:361,0
DA:362,0
DA:363,0
DA:365,0
DA:367,0
DA:368,0
DA:369,0
DA:371,0
DA:378,0
LF:119
LH:3
end_of_record
SF:lib/l10n/app_localizations.dart
DA:65,18
DA:69,5
DA:70,5
DA:697,5
DA:699,6
DA:701,12
DA:704,6
DA:705,18
DA:707,1
DA:711,6
DA:713,6
DA:714,6
DA:715,6
DA:716,0
DA:717,0
DA:718,0
DA:719,0
DA:722,0
LF:18
LH:13
end_of_record
SF:lib/providers/shell_provider.dart
DA:34,2
DA:37,2
DA:43,0
DA:44,0
DA:64,2
DA:67,0
DA:68,0
DA:69,0
DA:77,2
DA:80,0
DA:81,0
DA:82,0
LF:12
LH:4
end_of_record
SF:lib/files/save.dart
DA:13,0
DA:16,0
DA:22,0
DA:23,0
DA:24,0
DA:28,0
DA:31,0
DA:32,0
DA:35,0
DA:37,0
DA:47,0
DA:51,0
DA:52,0
DA:55,0
DA:56,0
DA:58,0
DA:59,0
DA:60,0
DA:62,0
DA:63,0
DA:65,0
DA:66,0
DA:67,0
DA:71,0
DA:72,0
LF:25
LH:0
end_of_record
SF:lib/floating_buttons.dart
DA:21,1
DA:26,1
DA:28,1
DA:30,2
DA:31,0
DA:32,0
DA:36,1
DA:38,2
DA:39,0
DA:40,0
DA:44,1
DA:45,0
DA:48,0
DA:49,0
DA:50,0
DA:51,0
DA:55,0
DA:56,0
DA:57,0
DA:59,0
DA:61,0
DA:62,0
DA:64,0
DA:65,0
DA:66,0
DA:67,0
DA:69,0
DA:70,0
DA:71,0
DA:72,0
DA:77,0
DA:78,0
DA:79,0
DA:80,0
DA:82,0
DA:83,0
DA:90,1
DA:93,1
DA:98,1
DA:99,1
DA:100,0
DA:101,0
DA:102,0
DA:104,0
DA:111,1
DA:112,1
DA:113,1
DA:114,1
DA:115,1
DA:117,2
DA:118,1
DA:121,1
DA:123,6
DA:124,6
DA:125,6
DA:136,1
DA:137,1
DA:138,1
DA:139,1
DA:140,1
DA:142,1
DA:149,1
DA:150,1
DA:151,0
DA:152,0
DA:153,0
DA:168,1
DA:176,1
DA:182,1
DA:183,3
DA:185,1
LF:71
LH:35
end_of_record
SF:lib/widgets/color_picker_dialog.dart
DA:16,1
DA:32,1
DA:33,1
DA:40,1
DA:42,1
DA:43,3
DA:44,4
DA:47,1
DA:49,2
DA:50,1
DA:53,1
DA:55,1
DA:56,1
DA:58,1
DA:60,1
DA:62,4
DA:65,1
DA:66,0
DA:67,0
DA:70,0
DA:71,0
DA:73,0
DA:74,0
DA:76,0
DA:79,0
DA:83,1
DA:84,3
DA:86,1
DA:88,1
DA:95,1
DA:96,2
DA:98,1
DA:100,1
DA:104,1
DA:107,1
DA:109,1
DA:110,1
DA:113,1
DA:114,1
DA:116,1
DA:117,1
DA:120,0
DA:125,1
DA:126,1
DA:127,1
DA:128,1
DA:129,2
DA:130,1
DA:131,3
DA:139,1
DA:141,1
DA:142,1
DA:150,1
DA:151,0
DA:152,0
DA:153,0
DA:154,0
DA:157,1
DA:160,1
DA:163,1
DA:164,1
DA:175,1
DA:176,1
DA:177,0
DA:178,0
DA:179,0
DA:182,0
DA:183,0
DA:184,0
DA:185,0
DA:192,1
DA:194,1
DA:195,1
DA:197,0
DA:198,0
DA:201,0
DA:202,0
DA:204,0
DA:205,0
DA:206,0
DA:213,1
DA:215,1
DA:216,1
DA:217,1
DA:218,1
DA:221,0
DA:223,0
DA:224,0
DA:225,0
DA:233,1
DA:235,0
DA:236,0
DA:237,0
DA:238,0
DA:241,0
DA:242,0
DA:243,0
DA:253,1
DA:255,1
DA:256,1
DA:257,0
DA:258,2
DA:260,1
DA:261,1
DA:262,4
DA:263,3
DA:265,2
DA:276,1
DA:282,1
DA:284,1
DA:285,1
DA:288,1
DA:289,1
LF:113
LH:74
end_of_record
SF:lib/l10n/app_localizations_en.dart
DA:9,12
DA:11,0
DA:14,0
DA:17,0
DA:20,2
DA:23,0
DA:26,0
DA:30,0
DA:34,0
DA:38,0
DA:41,0
DA:45,0
DA:48,0
DA:51,0
DA:54,0
DA:58,0
DA:62,0
DA:65,1
DA:68,0
DA:72,0
DA:76,0
DA:80,0
DA:84,0
DA:87,0
DA:90,2
DA:93,0
DA:96,0
DA:99,0
DA:102,0
DA:105,1
DA:108,0
DA:110,0
DA:113,0
DA:116,0
DA:119,0
DA:122,0
DA:124,0
DA:127,0
DA:130,0
DA:132,0
DA:135,0
DA:138,0
DA:140,0
DA:143,0
DA:146,0
DA:149,0
DA:152,0
DA:154,0
DA:157,0
DA:160,0
DA:163,0
DA:165,0
DA:168,0
DA:170,0
DA:173,0
DA:176,1
DA:179,0
DA:181,0
DA:184,0
DA:186,0
DA:189,0
DA:192,0
DA:195,0
DA:197,0
DA:200,0
DA:203,0
DA:206,0
DA:209,0
DA:212,1
DA:215,0
DA:218,0
DA:221,1
DA:224,0
DA:227,0
DA:230,0
DA:233,0
DA:236,0
DA:239,0
DA:242,0
DA:245,0
DA:248,0
DA:251,1
DA:254,0
DA:257,0
DA:260,0
DA:263,0
DA:266,0
DA:268,0
DA:271,1
DA:274,0
DA:277,1
DA:280,1
DA:283,0
DA:286,0
DA:288,0
DA:291,0
DA:293,0
DA:296,0
DA:298,0
DA:301,0
DA:304,0
DA:307,1
DA:309,1
DA:312,0
DA:315,0
DA:318,1
DA:321,0
DA:324,1
DA:327,2
DA:329,2
DA:332,0
DA:335,0
DA:338,0
DA:342,0
DA:345,0
DA:348,0
DA:351,0
LF:117
LH:18
end_of_record
SF:lib/l10n/app_localizations_es.dart
DA:9,0
DA:11,0
DA:14,0
DA:17,0
DA:20,0
DA:23,0
DA:26,0
DA:30,0
DA:34,0
DA:38,0
DA:41,0
DA:45,0
DA:48,0
DA:51,0
DA:54,0
DA:57,0
DA:61,0
DA:64,0
DA:67,0
DA:71,0
DA:74,0
DA:78,0
DA:82,0
DA:85,0
DA:88,0
DA:91,0
DA:94,0
DA:97,0
DA:100,0
DA:103,0
DA:106,0
DA:108,0
DA:111,0
DA:114,0
DA:117,0
DA:120,0
DA:122,0
DA:125,0
DA:128,0
DA:130,0
DA:133,0
DA:136,0
DA:138,0
DA:141,0
DA:144,0
DA:147,0
DA:150,0
DA:152,0
DA:155,0
DA:158,0
DA:161,0
DA:163,0
DA:166,0
DA:168,0
DA:171,0
DA:174,0
DA:177,0
DA:179,0
DA:182,0
DA:184,0
DA:187,0
DA:190,0
DA:193,0
DA:195,0
DA:198,0
DA:201,0
DA:204,0
DA:207,0
DA:210,0
DA:213,0
DA:216,0
DA:219,0
DA:222,0
DA:225,0
DA:228,0
DA:231,0
DA:234,0
DA:237,0
DA:240,0
DA:243,0
DA:246,0
DA:249,0
DA:252,0
DA:255,0
DA:258,0
DA:261,0
DA:264,0
DA:266,0
DA:269,0
DA:272,0
DA:275,0
DA:278,0
DA:281,0
DA:284,0
DA:286,0
DA:289,0
DA:291,0
DA:294,0
DA:296,0
DA:299,0
DA:302,0
DA:305,0
DA:307,0
DA:310,0
DA:313,0
DA:316,0
DA:319,0
DA:322,0
DA:325,0
DA:327,0
DA:330,0
DA:333,0
DA:336,0
DA:340,0
DA:343,0
DA:346,0
DA:349,0
LF:117
LH:0
end_of_record
SF:lib/l10n/app_localizations_fr.dart
DA:9,0
DA:11,0
DA:14,0
DA:17,0
DA:20,0
DA:23,0
DA:26,0
DA:30,0
DA:34,0
DA:38,0
DA:41,0
DA:45,0
DA:49,0
DA:52,0
DA:55,0
DA:59,0
DA:63,0
DA:66,0
DA:69,0
DA:73,0
DA:77,0
DA:81,0
DA:85,0
DA:88,0
DA:91,0
DA:94,0
DA:97,0
DA:100,0
DA:103,0
DA:106,0
DA:109,0
DA:111,0
DA:114,0
DA:117,0
DA:120,0
DA:123,0
DA:125,0
DA:128,0
DA:131,0
DA:133,0
DA:136,0
DA:139,0
DA:141,0
DA:144,0
DA:147,0
DA:150,0
DA:153,0
DA:155,0
DA:158,0
DA:161,0
DA:164,0
DA:166,0
DA:169,0
DA:171,0
DA:174,0
DA:177,0
DA:180,0
DA:182,0
DA:185,0
DA:187,0
DA:190,0
DA:193,0
DA:196,0
DA:198,0
DA:201,0
DA:204,0
DA:207,0
DA:210,0
DA:213,0
DA:216,0
DA:219,0
DA:222,0
DA:225,0
DA:229,0
DA:232,0
DA:235,0
DA:238,0
DA:241,0
DA:244,0
DA:247,0
DA:250,0
DA:253,0
DA:256,0
DA:259,0
DA:262,0
DA:265,0
DA:268,0
DA:270,0
DA:273,0
DA:276,0
DA:279,0
DA:282,0
DA:285,0
DA:288,0
DA:290,0
DA:293,0
DA:295,0
DA:298,0
DA:300,0
DA:303,0
DA:306,0
DA:309,0
DA:311,0
DA:314,0
DA:317,0
DA:320,0
DA:323,0
DA:326,0
DA:329,0
DA:331,0
DA:334,0
DA:337,0
DA:340,0
DA:344,0
DA:347,0
DA:350,0
DA:353,0
LF:117
LH:0
end_of_record
SF:lib/main.dart
DA:22,0
DA:28,0
DA:29,0
DA:30,0
DA:32,0
DA:33,0
DA:36,0
DA:37,0
DA:38,0
DA:41,0
DA:43,0
DA:44,0
DA:45,0
DA:46,0
DA:48,0
DA:49,0
DA:50,0
DA:51,0
DA:52,0
DA:53,0
DA:54,0
DA:56,0
DA:57,0
DA:58,0
DA:71,0
DA:72,0
DA:73,0
DA:74,0
DA:80,0
DA:85,0
DA:94,2
DA:111,2
DA:113,2
DA:114,2
DA:118,2
DA:119,2
DA:123,2
DA:124,2
DA:126,4
DA:128,6
DA:131,4
DA:133,2
DA:135,2
DA:136,2
DA:137,2
DA:138,2
DA:140,2
DA:147,2
DA:148,2
DA:153,4
DA:154,6
DA:161,4
DA:166,2
DA:170,2
DA:174,2
DA:179,2
DA:183,2
DA:186,2
DA:187,4
DA:189,2
DA:193,0
DA:194,0
LF:62
LH:30
end_of_record
SF:lib/main_screen.dart
DA:17,5
DA:22,2
DA:24,2
DA:25,2
DA:27,4
DA:36,1
DA:37,1
DA:39,5
DA:41,1
DA:42,1
DA:43,1
DA:45,1
DA:46,0
DA:47,1
DA:48,1
DA:49,1
DA:51,1
DA:53,1
DA:59,1
DA:61,1
DA:62,0
DA:64,0
DA:65,0
DA:66,0
DA:67,0
DA:71,1
DA:80,1
DA:85,2
DA:89,1
DA:90,0
DA:92,1
DA:98,1
DA:102,1
DA:103,3
DA:105,0
DA:106,0
DA:108,1
DA:109,1
DA:110,1
DA:111,1
DA:112,1
DA:113,2
DA:114,1
DA:115,1
DA:118,1
DA:119,1
DA:129,0
DA:134,0
DA:135,0
DA:137,0
DA:138,0
DA:139,0
DA:140,0
DA:141,0
DA:142,0
DA:144,0
DA:145,0
DA:146,0
DA:148,0
DA:149,0
DA:150,0
DA:152,0
LF:62
LH:37
end_of_record
SF:lib/my_window_manager.dart
DA:22,0
DA:27,0
DA:34,0
DA:35,0
DA:36,0
DA:37,0
DA:53,0
DA:54,0
DA:60,0
DA:63,0
DA:64,0
DA:68,0
DA:70,0
DA:73,0
DA:75,0
DA:77,0
DA:85,0
DA:86,0
DA:87,0
DA:89,0
DA:90,0
DA:91,0
DA:92,0
DA:100,0
DA:101,0
DA:104,0
DA:105,0
DA:106,0
DA:107,0
DA:110,0
DA:111,0
DA:112,0
DA:113,0
DA:115,0
DA:118,0
DA:119,0
DA:124,0
DA:127,0
DA:128,0
DA:139,0
DA:140,0
DA:141,0
DA:143,0
DA:144,0
DA:153,0
DA:155,0
DA:158,0
DA:161,0
LF:48
LH:0
end_of_record
SF:lib/pages/platforms_page.dart
DA:12,5
DA:14,0
DA:16,0
DA:18,0
DA:19,0
DA:20,0
DA:21,0
DA:23,0
DA:24,0
DA:25,0
DA:26,0
DA:29,0
DA:32,0
DA:35,0
DA:38,0
DA:41,0
DA:47,0
DA:50,0
DA:53,0
DA:56,0
DA:62,0
DA:63,0
DA:65,0
DA:77,0
DA:83,0
DA:84,0
DA:86,0
DA:87,0
DA:88,0
DA:89,0
DA:94,0
DA:96,0
DA:98,0
DA:99,0
DA:101,0
DA:103,0
DA:104,0
DA:106,0
DA:107,0
DA:109,0
LF:40
LH:1
end_of_record
SF:lib/pages/settings_page.dart
DA:9,5
DA:11,0
DA:12,0
DA:20,0
DA:22,0
DA:23,0
DA:25,0
DA:27,0
DA:28,0
DA:29,0
DA:30,0
DA:32,0
DA:33,0
DA:36,0
DA:37,0
DA:38,0
DA:39,0
DA:40,0
DA:42,0
DA:47,0
DA:48,0
DA:50,0
DA:51,0
DA:53,0
DA:55,0
DA:57,0
DA:59,0
DA:61,0
DA:63,0
DA:65,0
DA:71,0
DA:72,0
DA:73,0
DA:74,0
DA:75,0
DA:76,0
DA:77,0
DA:82,0
DA:83,0
DA:84,0
DA:86,0
LF:41
LH:1
end_of_record
SF:lib/widgets/shortcuts.dart
DA:19,2
DA:25,2
DA:26,2
DA:28,2
DA:33,2
DA:39,2
DA:45,2
DA:53,2
DA:58,2
DA:65,2
DA:70,2
DA:77,2
DA:82,2
DA:89,2
DA:94,2
DA:101,2
DA:107,2
DA:111,2
DA:118,2
DA:125,2
DA:131,2
DA:135,2
DA:140,2
DA:142,2
DA:143,2
DA:144,2
DA:145,0
DA:147,2
DA:148,0
DA:150,2
DA:151,0
DA:153,2
DA:154,0
DA:156,2
DA:157,0
DA:159,2
DA:160,0
DA:161,0
DA:164,0
DA:168,2
DA:169,0
DA:174,2
DA:175,0
DA:176,0
DA:177,0
DA:178,0
DA:181,0
DA:183,0
DA:190,2
DA:191,0
DA:192,0
DA:193,0
DA:200,2
DA:201,0
DA:202,0
DA:203,0
DA:204,0
DA:205,0
DA:206,0
DA:213,2
DA:214,0
DA:215,0
DA:221,2
DA:222,0
DA:223,0
DA:228,2
DA:240,5
DA:246,5
DA:252,5
DA:258,5
DA:264,5
DA:270,5
DA:276,5
DA:282,5
DA:288,5
DA:294,5
DA:300,5
DA:306,5
DA:310,0
DA:311,0
DA:313,0
LF:81
LH:50
end_of_record
SF:lib/panels/side_panel/side_panel.dart
DA:13,1
DA:25,1
DA:26,1
DA:32,1
DA:34,1
DA:36,3
DA:38,3
DA:39,1
DA:42,1
DA:44,1
DA:46,2
DA:48,1
DA:49,2
DA:56,3
DA:59,1
DA:61,1
DA:62,3
DA:65,1
DA:67,1
DA:69,1
DA:70,1
DA:71,1
DA:73,1
DA:75,1
DA:81,1
DA:82,1
DA:90,0
DA:91,0
DA:93,0
LF:29
LH:26
end_of_record
SF:lib/widgets/main_view.dart
DA:20,5
DA:24,1
DA:25,1
DA:30,1
DA:32,1
DA:34,1
DA:35,1
DA:36,1
DA:37,1
DA:38,1
DA:40,1
DA:44,1
DA:47,2
DA:48,1
DA:49,1
DA:50,1
DA:54,1
DA:55,1
DA:63,1
DA:64,0
DA:65,0
DA:66,0
DA:67,0
DA:68,0
DA:69,0
DA:70,0
DA:71,0
DA:73,0
DA:74,0
DA:75,0
DA:79,1
DA:80,0
DA:81,0
DA:82,0
DA:83,0
DA:84,0
DA:85,0
DA:86,0
DA:87,0
DA:89,0
DA:90,0
DA:91,0
DA:98,2
DA:99,0
DA:100,0
DA:101,0
DA:103,0
DA:104,0
DA:107,0
DA:108,0
DA:109,0
DA:110,0
DA:111,0
DA:113,0
DA:114,0
DA:115,0
DA:117,0
DA:118,0
DA:120,0
DA:122,0
DA:124,0
DA:125,0
DA:126,0
DA:128,0
DA:129,0
DA:130,0
DA:134,0
DA:136,0
DA:142,2
DA:143,0
DA:146,0
DA:147,0
DA:148,0
DA:149,0
DA:154,1
DA:159,2
DA:160,0
DA:161,0
DA:162,0
DA:163,0
DA:164,0
DA:165,0
DA:166,0
DA:172,2
DA:173,0
DA:174,0
DA:175,0
DA:176,0
DA:177,0
DA:178,0
DA:179,0
DA:190,1
DA:191,1
DA:192,1
DA:193,1
DA:195,1
DA:196,1
DA:197,1
DA:199,1
DA:202,1
DA:203,1
DA:204,1
DA:205,1
DA:206,2
DA:207,2
DA:208,1
DA:209,2
DA:211,1
DA:212,2
DA:213,2
LF:110
LH:44
end_of_record
SF:lib/panels/layers/blend_mode.dart
DA:19,0
DA:20,0
DA:22,0
DA:24,0
DA:26,0
DA:28,0
DA:30,0
DA:32,0
DA:34,0
DA:36,0
DA:38,0
DA:40,0
DA:42,0
DA:44,0
DA:46,0
DA:48,0
DA:50,0
DA:52,0
DA:54,0
DA:56,0
DA:58,0
DA:60,0
DA:62,0
DA:64,0
DA:66,0
DA:68,0
DA:70,0
DA:72,0
DA:74,0
DA:76,0
DA:78,0
DA:92,0
DA:97,0
DA:98,0
DA:99,0
DA:101,0
DA:102,0
DA:103,0
DA:104,0
DA:105,0
DA:107,0
DA:108,0
DA:110,0
DA:112,0
DA:114,0
DA:115,0
DA:116,0
DA:118,0
DA:119,0
DA:120,0
DA:121,0
DA:123,0
DA:130,0
DA:144,1
DA:145,1
DA:146,1
DA:148,0
LF:57
LH:3
end_of_record
SF:lib/panels/layers/layer_selector.dart
DA:43,1
DA:67,1
DA:69,1
DA:70,1
DA:71,2
DA:72,2
DA:73,1
DA:74,2
DA:75,1
DA:76,3
DA:79,1
DA:81,1
DA:82,0
DA:84,0
DA:86,1
DA:89,1
DA:90,1
DA:96,0
DA:97,0
DA:98,0
DA:99,0
DA:100,0
DA:101,0
DA:102,0
DA:104,0
DA:108,0
DA:109,0
DA:111,0
DA:112,0
DA:113,0
DA:115,0
DA:120,0
DA:121,0
DA:122,0
DA:125,0
DA:126,0
DA:127,0
DA:128,0
DA:136,0
DA:139,0
DA:143,1
DA:149,1
DA:150,1
DA:151,1
DA:152,1
DA:153,1
DA:154,1
DA:155,2
DA:159,1
DA:168,0
DA:172,0
DA:174,0
DA:176,0
DA:177,0
DA:178,0
DA:179,0
DA:180,0
DA:190,1
DA:196,1
DA:198,1
DA:199,1
DA:202,0
DA:205,1
DA:208,0
DA:211,1
DA:214,3
DA:216,0
DA:218,0
DA:219,0
DA:223,1
DA:224,4
DA:226,0
DA:227,0
DA:229,0
DA:233,2
DA:234,1
DA:236,1
DA:237,2
DA:238,0
DA:239,0
DA:242,0
DA:243,0
DA:244,0
DA:245,0
DA:246,0
DA:257,1
DA:258,1
DA:259,1
DA:260,1
DA:262,0
DA:263,0
DA:265,3
DA:266,0
DA:268,0
DA:270,1
DA:271,1
DA:272,0
DA:273,0
DA:275,1
DA:276,2
DA:277,1
DA:278,1
DA:280,3
DA:285,1
DA:287,1
DA:288,2
DA:289,2
DA:291,0
DA:298,0
DA:299,0
DA:322,0
DA:323,0
DA:325,0
DA:334,0
DA:335,0
DA:337,0
DA:346,0
DA:347,0
DA:358,0
DA:361,0
DA:362,0
DA:363,0
DA:364,0
DA:365,0
DA:368,0
DA:372,0
DA:385,0
DA:402,1
DA:406,1
DA:409,1
DA:410,4
DA:413,1
DA:414,0
DA:417,0
DA:418,0
DA:419,0
DA:420,0
DA:421,0
DA:423,0
DA:424,1
DA:430,1
DA:434,1
DA:435,0
DA:436,0
DA:437,0
DA:439,0
DA:441,0
DA:443,0
DA:447,1
DA:449,1
DA:450,1
DA:451,1
DA:458,0
DA:463,0
DA:464,0
DA:466,0
DA:467,0
DA:469,0
DA:470,0
DA:471,0
DA:474,0
DA:475,0
DA:476,0
DA:478,0
DA:479,0
DA:483,0
DA:484,0
DA:485,0
DA:486,0
DA:489,0
DA:490,0
DA:492,0
DA:493,0
DA:494,0
DA:496,0
DA:497,0
DA:498,0
DA:504,0
DA:505,0
DA:507,0
DA:509,0
DA:511,0
DA:513,0
DA:515,0
DA:517,0
DA:518,0
DA:519,0
DA:525,0
DA:530,0
LF:189
LH:65
end_of_record
SF:lib/panels/layers/layer_thumbnail.dart
DA:8,1
DA:16,1
DA:19,1
DA:20,1
DA:22,4
DA:24,1
DA:25,1
DA:26,1
DA:27,1
DA:28,1
DA:30,2
DA:31,1
DA:32,1
DA:33,1
DA:34,1
DA:35,3
LF:16
LH:16
end_of_record
SF:lib/widgets/color_preview.dart
DA:15,1
DA:21,1
DA:25,1
DA:27,1
DA:29,1
DA:51,2
DA:79,2
DA:81,2
DA:83,6
DA:85,2
DA:86,2
DA:87,2
DA:88,2
DA:89,2
DA:90,2
DA:93,2
DA:95,2
DA:99,2
DA:100,2
DA:101,2
DA:102,2
DA:103,3
DA:112,2
DA:113,2
DA:114,2
DA:117,2
DA:119,2
DA:120,6
LF:28
LH:28
end_of_record
SF:lib/widgets/container_slider.dart
DA:16,1
DA:52,1
DA:53,1
DA:61,1
DA:63,1
DA:64,8
DA:67,1
DA:69,1
DA:70,1
DA:71,1
DA:72,2
DA:73,1
DA:75,1
DA:76,0
DA:78,1
DA:79,0
DA:80,0
DA:83,1
DA:84,0
DA:85,0
DA:90,1
DA:91,1
DA:93,1
DA:95,1
DA:97,1
DA:98,2
DA:99,1
DA:101,1
DA:103,1
DA:104,3
DA:105,1
DA:107,1
DA:108,4
DA:123,0
DA:124,0
DA:125,0
DA:127,0
DA:133,0
DA:136,0
LF:39
LH:28
end_of_record
SF:lib/widgets/truncated_text.dart
DA:15,0
DA:27,1
DA:29,2
DA:31,1
DA:33,1
DA:45,1
DA:46,3
DA:50,3
DA:53,1
DA:54,3
DA:57,2
DA:59,1
LF:12
LH:11
end_of_record
SF:lib/widgets/image_painter.dart
DA:9,1
DA:14,1
DA:16,1
DA:19,4
DA:20,4
DA:21,1
DA:24,3
DA:25,3
DA:28,3
DA:29,3
DA:31,7
DA:32,1
DA:35,2
DA:38,1
LF:14
LH:14
end_of_record
SF:lib/widgets/transparent_background.dart
DA:16,2
DA:20,2
DA:21,2
DA:22,2
DA:24,2
DA:25,2
DA:27,2
DA:40,5
DA:45,2
DA:47,2
DA:49,4
DA:57,2
DA:62,2
DA:64,2
DA:65,2
DA:68,2
DA:73,0
DA:81,2
DA:87,8
DA:88,2
DA:89,2
DA:90,2
DA:91,2
DA:92,2
DA:93,2
DA:96,2
DA:97,6
DA:98,2
DA:100,6
DA:101,6
DA:102,10
DA:103,2
DA:104,2
DA:105,4
DA:106,4
DA:110,6
DA:115,2
LF:37
LH:36
end_of_record
SF:lib/panels/side_panel/about.dart
DA:17,0
DA:18,0
DA:19,0
DA:20,0
DA:21,0
DA:23,0
DA:27,0
DA:30,0
DA:32,0
DA:37,0
DA:39,0
DA:41,0
DA:42,0
DA:43,0
DA:49,0
LF:15
LH:0
end_of_record
SF:lib/panels/side_panel/canvas_settings.dart
DA:11,0
DA:14,0
DA:27,0
DA:29,0
DA:31,0
DA:32,0
DA:33,0
DA:35,0
DA:36,0
DA:41,0
DA:43,0
DA:44,0
DA:46,0
DA:49,0
DA:50,0
DA:51,0
DA:52,0
DA:57,0
DA:59,0
DA:60,0
DA:62,0
DA:63,0
DA:64,0
DA:69,0
DA:70,0
DA:71,0
DA:72,0
DA:76,0
DA:77,0
DA:78,0
DA:83,0
DA:84,0
DA:85,0
DA:87,0
DA:88,0
DA:91,0
DA:92,0
DA:95,0
DA:96,0
DA:97,0
DA:101,0
DA:104,0
DA:106,0
DA:107,0
DA:108,0
DA:113,0
DA:114,0
DA:115,0
DA:117,0
DA:118,0
DA:119,0
DA:129,0
DA:131,0
DA:132,0
DA:133,0
DA:134,0
DA:135,0
DA:136,0
DA:141,0
DA:143,0
DA:144,0
DA:145,0
DA:146,0
DA:147,0
DA:148,0
DA:149,0
DA:150,0
DA:153,0
DA:154,0
DA:155,0
DA:156,0
DA:160,0
DA:161,0
DA:162,0
DA:163,0
DA:166,0
DA:167,0
DA:168,0
DA:170,0
DA:171,0
DA:174,0
LF:81
LH:0
end_of_record
SF:lib/widgets/nine_grid_selector.dart
DA:12,1
DA:24,1
DA:26,1
DA:29,1
DA:30,1
DA:31,1
DA:33,1
DA:40,1
DA:41,1
DA:42,1
DA:43,4
DA:44,1
DA:45,1
DA:46,4
DA:47,1
DA:49,1
DA:50,4
DA:60,1
DA:72,1
LF:19
LH:19
end_of_record
SF:lib/panels/side_panel/menu.dart
DA:16,5
DA:18,1
DA:20,1
DA:21,1
DA:23,1
DA:24,1
DA:26,0
DA:27,0
DA:28,0
DA:30,0
DA:33,0
DA:35,0
DA:38,0
DA:40,0
DA:43,0
DA:45,0
DA:48,0
DA:49,0
DA:51,0
DA:54,0
DA:56,0
DA:59,0
DA:61,0
DA:64,0
DA:66,0
DA:69,0
DA:71,0
DA:80,0
DA:84,0
DA:85,0
DA:86,0
DA:89,0
DA:90,0
DA:92,0
DA:93,0
DA:95,0
DA:96,0
DA:98,0
DA:99,0
DA:102,0
DA:104,0
DA:105,0
DA:106,0
DA:107,0
DA:108,0
DA:109,0
DA:110,0
DA:119,0
DA:120,0
DA:123,0
DA:124,0
DA:127,0
DA:128,0
DA:131,0
DA:132,0
DA:135,0
DA:136,0
DA:142,0
DA:147,0
DA:149,0
DA:150,0
DA:151,0
DA:152,0
DA:153,0
LF:64
LH:6
end_of_record
SF:lib/panels/side_panel/share_panel.dart
DA:14,0
DA:16,0
DA:18,0
DA:30,0
DA:31,0
DA:32,0
DA:34,0
DA:35,0
DA:37,0
DA:38,0
DA:40,0
DA:42,0
DA:43,0
DA:45,0
DA:46,0
DA:47,0
DA:48,0
DA:51,0
DA:53,0
DA:54,0
DA:55,0
DA:56,0
DA:59,0
DA:61,0
DA:62,0
DA:63,0
DA:64,0
DA:67,0
DA:69,0
DA:70,0
DA:71,0
DA:72,0
DA:75,0
DA:77,0
DA:78,0
DA:79,0
DA:80,0
DA:99,0
DA:100,0
DA:102,0
DA:103,0
DA:104,0
DA:105,0
DA:118,0
DA:121,0
LF:45
LH:0
end_of_record
SF:lib/panels/side_panel/top_menu_and_layers_panel.dart
DA:10,5
DA:12,1
DA:14,1
DA:16,1
DA:17,1
DA:19,1
DA:21,1
DA:23,1
DA:28,1
DA:29,1
DA:30,1
DA:32,0
DA:33,0
DA:34,0
DA:35,0
DA:36,0
DA:37,0
DA:39,1
DA:40,1
DA:41,1
DA:42,2
DA:44,1
DA:45,0
DA:46,0
DA:47,1
DA:50,1
DA:51,2
DA:52,3
LF:28
LH:20
end_of_record
SF:lib/panels/tools/tools_panel.dart
DA:28,1
DA:35,1
DA:37,1
DA:39,1
DA:41,1
DA:42,1
DA:43,1
DA:44,1
DA:46,1
DA:51,1
DA:52,1
DA:54,1
DA:62,1
DA:69,2
DA:70,2
DA:71,1
DA:77,0
DA:79,0
DA:81,0
DA:84,0
DA:86,0
DA:87,0
DA:89,0
DA:90,0
DA:92,0
DA:98,0
DA:103,0
DA:105,0
DA:106,0
DA:107,0
DA:109,0
DA:111,0
DA:112,0
DA:113,0
DA:114,0
DA:118,0
DA:120,0
DA:121,0
DA:122,0
DA:123,0
DA:124,0
DA:132,1
DA:138,1
DA:139,1
DA:140,1
DA:141,0
DA:142,0
DA:143,0
DA:145,0
DA:146,0
DA:147,0
DA:148,0
DA:149,0
DA:150,0
DA:158,1
DA:161,1
DA:162,1
DA:163,1
DA:165,1
DA:167,1
DA:168,1
DA:170,1
DA:172,1
DA:174,0
DA:175,0
DA:180,1
DA:181,1
DA:183,1
DA:185,1
DA:187,0
DA:188,0
DA:193,1
DA:194,1
DA:196,1
DA:198,1
DA:200,1
DA:201,1
DA:206,1
DA:207,1
DA:209,1
DA:211,1
DA:213,1
DA:214,1
DA:219,1
DA:220,1
DA:222,1
DA:224,1
DA:226,1
DA:227,1
DA:232,1
DA:233,1
DA:234,1
DA:236,1
DA:238,1
DA:240,0
DA:241,0
DA:245,1
DA:246,1
DA:248,1
DA:250,3
DA:252,0
DA:253,0
DA:256,1
DA:257,1
DA:258,1
DA:260,1
DA:262,1
DA:264,0
DA:265,0
DA:270,2
DA:271,0
DA:272,0
DA:273,0
DA:275,0
DA:277,0
DA:279,0
DA:280,0
DA:285,1
DA:286,1
DA:288,1
DA:290,1
DA:292,0
DA:293,0
DA:298,1
DA:299,1
DA:300,1
DA:301,1
DA:303,2
DA:305,0
DA:312,1
DA:315,1
DA:316,1
DA:317,1
DA:318,1
DA:321,1
DA:322,0
DA:323,0
DA:324,0
DA:326,0
DA:328,0
DA:332,0
DA:333,0
DA:334,0
DA:336,0
DA:338,0
DA:340,0
DA:341,0
DA:342,0
DA:348,0
DA:349,0
DA:350,0
DA:352,0
DA:354,0
DA:356,0
DA:357,0
DA:358,0
DA:359,0
DA:365,0
DA:366,0
DA:367,0
DA:369,0
DA:371,0
DA:373,0
DA:374,0
DA:375,0
DA:376,0
DA:383,0
DA:384,0
DA:385,0
DA:388,1
DA:389,0
DA:395,1
DA:396,0
DA:397,0
DA:398,0
DA:400,0
DA:402,0
DA:406,0
DA:407,0
DA:408,0
DA:410,0
DA:412,0
DA:414,0
DA:415,0
DA:416,0
DA:422,0
DA:423,0
DA:424,0
DA:426,0
DA:428,0
DA:430,0
DA:431,0
DA:432,0
DA:438,0
DA:439,0
DA:440,0
DA:442,0
DA:444,0
DA:446,0
DA:447,0
DA:448,0
DA:454,0
DA:455,0
DA:456,0
DA:458,0
DA:460,0
DA:462,0
DA:463,0
DA:464,0
DA:468,0
DA:473,0
DA:474,0
DA:475,0
DA:477,0
DA:479,0
DA:481,0
DA:482,0
DA:483,0
DA:487,0
DA:488,0
DA:489,0
DA:491,0
DA:493,0
DA:495,0
DA:496,0
DA:497,0
DA:501,0
DA:502,0
DA:503,0
DA:505,0
DA:507,0
DA:509,0
DA:510,0
DA:511,0
DA:515,0
DA:517,0
DA:518,0
DA:519,0
DA:521,0
DA:525,0
DA:526,0
DA:527,0
DA:530,0
DA:531,0
DA:534,0
DA:538,0
DA:539,0
DA:540,0
DA:542,0
DA:546,0
DA:547,0
DA:548,0
DA:549,0
DA:551,0
DA:552,0
DA:556,0
DA:557,0
DA:558,0
DA:559,0
DA:561,0
DA:565,0
DA:566,0
DA:567,0
DA:575,0
DA:576,0
DA:581,2
DA:582,2
DA:583,1
DA:586,1
DA:587,1
DA:588,1
DA:590,1
DA:592,1
DA:595,1
DA:596,1
DA:597,1
DA:598,0
DA:599,0
DA:602,0
DA:605,0
DA:606,0
DA:611,1
DA:613,1
DA:616,1
DA:619,0
DA:620,0
DA:628,1
DA:629,1
DA:630,1
DA:631,1
DA:633,1
DA:635,1
DA:636,1
DA:637,1
DA:638,0
DA:639,0
DA:641,0
DA:642,0
DA:646,1
DA:648,1
DA:649,1
DA:650,0
DA:657,1
DA:658,1
DA:662,1
DA:663,1
DA:667,1
DA:668,0
DA:672,1
DA:673,2
DA:677,1
DA:678,1
DA:679,3
DA:680,2
DA:681,2
DA:690,1
DA:699,1
DA:700,1
DA:701,1
DA:703,1
DA:704,1
DA:705,1
DA:707,1
DA:709,0
DA:710,0
DA:718,1
DA:724,1
DA:726,1
DA:736,1
LF:329
LH:132
end_of_record
SF:lib/panels/side_panel/side_panel_top_menu.dart
DA:11,1
DA:19,1
DA:21,1
DA:23,1
DA:25,1
DA:27,2
DA:28,1
DA:29,1
DA:31,0
DA:33,2
DA:34,1
DA:35,1
DA:37,0
DA:39,2
DA:40,1
DA:41,1
DA:43,0
DA:45,2
DA:46,1
DA:47,1
DA:49,0
DA:50,0
DA:51,0
DA:54,2
DA:55,1
DA:56,1
DA:57,2
DA:60,0
DA:61,0
DA:69,1
DA:74,1
DA:76,1
DA:83,0
DA:88,0
DA:90,0
LF:35
LH:24
end_of_record
SF:lib/panels/tools/tool_panel_picker.dart
DA:13,1
DA:33,1
DA:35,1
DA:36,1
DA:37,1
DA:38,1
DA:39,1
DA:40,2
LF:8
LH:8
end_of_record
SF:lib/widgets/brush_size_picker.dart
DA:9,2
DA:16,6
DA:18,2
DA:19,2
DA:24,2
DA:26,4
DA:27,4
DA:28,2
DA:31,2
DA:33,2
DA:34,2
DA:35,4
DA:36,4
DA:37,4
DA:38,4
DA:39,2
DA:43,2
DA:45,2
DA:50,1
DA:58,1
DA:60,1
DA:61,1
DA:63,1
DA:64,2
DA:65,1
DA:66,1
DA:71,1
DA:72,1
LF:28
LH:28
end_of_record
SF:lib/widgets/brush_style_picker.dart
DA:9,0
DA:16,0
DA:17,0
DA:22,0
DA:27,0
DA:29,0
DA:30,0
DA:31,0
DA:32,0
DA:33,0
DA:34,0
DA:36,0
DA:37,0
DA:39,0
DA:45,0
DA:47,0
DA:55,1
DA:59,1
DA:60,1
DA:61,2
DA:62,1
DA:63,1
DA:64,2
DA:66,1
DA:67,0
DA:69,0
DA:80,0
DA:85,0
DA:87,0
DA:88,0
DA:90,0
DA:91,0
DA:92,0
DA:93,0
DA:94,0
LF:35
LH:8
end_of_record
SF:lib/widgets/color_selector.dart
DA:10,2
DA:22,2
DA:23,2
DA:36,2
DA:38,2
DA:39,2
DA:42,2
DA:44,2
DA:45,2
DA:48,2
DA:52,4
DA:53,0
DA:55,2
DA:56,2
DA:57,2
DA:58,2
DA:63,2
DA:65,2
DA:66,4
DA:67,2
DA:70,2
DA:71,2
DA:73,2
DA:74,2
DA:75,2
DA:76,2
DA:79,2
DA:80,6
DA:81,1
DA:82,2
DA:83,1
DA:84,4
DA:85,0
DA:87,7
DA:93,2
DA:95,2
DA:96,4
DA:97,2
DA:98,2
DA:102,8
DA:103,1
DA:104,2
DA:105,1
DA:106,7
DA:112,2
DA:114,2
DA:116,2
DA:118,2
DA:119,2
DA:120,2
DA:121,2
DA:123,2
DA:124,2
DA:128,8
DA:129,1
DA:130,2
DA:131,1
DA:132,3
DA:133,4
DA:150,2
DA:151,6
DA:154,4
DA:155,4
DA:156,8
DA:162,2
DA:176,2
DA:178,4
DA:181,2
DA:182,6
DA:183,2
DA:186,2
DA:195,2
DA:200,2
DA:202,2
DA:203,2
DA:204,2
DA:205,6
DA:206,6
DA:207,6
DA:211,6
DA:212,2
DA:215,2
DA:217,6
DA:224,2
DA:232,2
DA:234,2
DA:235,2
DA:236,2
DA:237,6
DA:238,6
DA:242,6
DA:243,2
DA:246,2
DA:248,12
DA:253,2
DA:258,2
DA:259,2
LF:97
LH:95
end_of_record
SF:lib/widgets/text_attributes_widget.dart
DA:13,5
DA:20,0
DA:22,0
DA:23,0
DA:25,0
DA:26,0
DA:28,0
DA:29,0
DA:30,0
DA:31,0
DA:33,0
DA:34,0
DA:35,0
DA:36,0
DA:37,0
DA:39,0
DA:40,0
DA:42,0
DA:43,0
DA:44,0
DA:49,0
DA:51,0
DA:52,0
DA:53,0
DA:55,0
DA:56,0
DA:57,0
DA:61,0
DA:63,0
DA:64,0
DA:65,0
DA:66,0
DA:67,0
DA:68,0
DA:69,0
DA:70,0
DA:71,0
DA:73,0
DA:74,0
DA:75,0
DA:79,0
DA:81,0
DA:82,0
DA:83,0
DA:92,0
LF:45
LH:1
end_of_record
SF:lib/widgets/tolerance_picker.dart
DA:10,1
DA:15,1
DA:17,1
DA:18,1
DA:23,1
DA:25,1
DA:28,1
DA:30,1
DA:31,2
DA:33,1
DA:35,2
DA:36,0
DA:40,1
DA:42,1
DA:47,1
DA:52,1
DA:54,1
DA:55,1
DA:57,1
DA:58,2
DA:59,1
DA:60,1
DA:61,1
DA:62,1
DA:63,0
DA:64,0
LF:26
LH:23
end_of_record
SF:lib/widgets/tool_attribute_widget.dart
DA:6,1
DA:26,1
DA:28,1
DA:29,0
DA:32,0
DA:35,1
DA:36,2
DA:37,1
DA:38,1
DA:39,1
DA:42,1
DA:44,3
DA:45,2
DA:46,1
LF:14
LH:12
end_of_record
SF:lib/widgets/top_colors.dart
DA:24,2
DA:44,2
DA:46,2
DA:47,2
DA:49,3
DA:50,2
DA:51,1
DA:52,1
DA:53,1
DA:54,1
DA:55,1
DA:57,2
DA:58,0
DA:61,1
DA:62,1
DA:63,1
DA:66,0
DA:67,0
DA:70,2
DA:72,2
DA:73,2
DA:74,2
DA:75,2
DA:77,2
DA:78,10
DA:79,2
DA:81,2
DA:85,2
DA:86,2
DA:87,2
DA:88,4
DA:89,2
DA:108,2
DA:109,2
DA:112,3
DA:113,3
DA:114,3
DA:116,3
DA:117,2
DA:121,3
DA:122,2
DA:123,3
DA:124,1
DA:127,3
DA:128,3
DA:129,1
DA:134,4
DA:135,2
DA:136,0
DA:138,0
DA:140,0
DA:142,0
DA:144,0
DA:148,5
LF:54
LH:46
end_of_record
SF:lib/widgets/base_picker.dart
DA:7,3
DA:44,3
DA:46,3
DA:47,12
DA:50,2
DA:52,2
DA:53,16
DA:54,4
DA:55,8
DA:61,3
DA:63,3
DA:66,3
DA:67,18
DA:68,3
DA:80,6
DA:86,1
DA:87,1
DA:88,2
DA:89,1
DA:91,3
LF:20
LH:20
end_of_record
SF:lib/widgets/canvas_gesture_handler.dart
DA:17,1
DA:24,1
DA:25,1
DA:35,1
DA:37,1
DA:38,1
DA:40,1
DA:41,0
DA:42,0
DA:43,0
DA:46,0
DA:49,0
DA:50,0
DA:53,0
DA:54,0
DA:59,0
DA:62,0
DA:63,0
DA:65,0
DA:68,0
DA:72,0
DA:75,0
DA:76,0
DA:80,0
DA:83,1
DA:84,2
DA:85,0
DA:86,0
DA:88,0
DA:90,0
DA:92,0
DA:94,0
DA:95,0
DA:99,1
DA:102,1
DA:103,2
DA:104,0
DA:105,0
DA:107,0
DA:108,0
DA:114,0
DA:115,0
DA:119,1
DA:122,1
DA:123,2
DA:124,0
DA:125,0
DA:126,0
DA:127,0
DA:128,0
DA:130,0
DA:132,1
DA:135,0
DA:136,0
DA:137,0
DA:138,0
DA:139,0
DA:140,0
DA:141,0
DA:144,0
DA:147,2
DA:154,0
DA:155,0
DA:156,0
DA:157,0
DA:158,0
DA:159,0
DA:166,0
DA:171,0
DA:172,0
DA:173,0
DA:175,0
DA:176,0
DA:177,0
DA:179,0
DA:180,0
DA:181,0
DA:182,0
DA:183,0
DA:186,0
DA:187,0
DA:191,1
DA:195,3
DA:197,2
DA:199,3
DA:201,0
DA:203,2
DA:204,3
DA:205,1
DA:210,1
DA:214,2
DA:216,2
DA:218,1
DA:219,0
DA:220,0
DA:223,1
DA:224,0
DA:225,0
DA:229,5
DA:231,0
DA:235,2
DA:239,2
DA:240,0
DA:241,2
DA:242,0
DA:243,2
DA:244,0
DA:245,0
DA:247,1
DA:248,1
DA:254,1
DA:258,2
DA:260,2
DA:262,5
DA:263,1
DA:264,0
DA:265,0
DA:269,1
DA:270,0
DA:271,0
DA:275,2
DA:278,0
DA:282,4
DA:283,0
DA:284,0
DA:285,0
DA:286,0
DA:292,2
DA:295,0
DA:296,0
DA:297,0
DA:303,0
DA:304,0
DA:308,0
DA:312,2
DA:313,0
DA:314,0
DA:315,0
DA:317,0
DA:318,0
DA:319,0
DA:320,0
DA:321,0
DA:322,0
DA:324,0
DA:327,0
DA:328,0
DA:329,0
DA:330,0
DA:332,0
DA:335,0
DA:336,0
DA:337,0
DA:338,0
DA:339,0
DA:342,0
DA:343,0
DA:344,0
DA:345,0
DA:348,0
DA:352,0
DA:353,0
DA:354,0
DA:360,3
DA:362,1
DA:363,1
DA:364,1
DA:365,1
DA:366,1
DA:367,1
DA:368,1
DA:369,1
DA:371,1
DA:377,0
DA:382,0
DA:383,0
DA:387,0
DA:393,0
DA:397,0
DA:399,0
DA:409,0
DA:410,0
DA:411,0
DA:412,0
DA:413,0
DA:414,0
DA:415,0
DA:417,0
DA:418,0
DA:419,0
DA:421,0
LF:191
LH:56
end_of_record
SF:lib/widgets/text_editor_dialog.dart
DA:9,0
DA:25,0
DA:26,0
DA:40,0
DA:42,0
DA:43,0
DA:44,0
DA:45,0
DA:48,0
DA:50,0
DA:51,0
DA:54,0
DA:56,0
DA:58,0
DA:59,0
DA:60,0
DA:62,0
DA:65,0
DA:67,0
DA:68,0
DA:72,0
DA:73,0
DA:76,0
DA:77,0
DA:78,0
DA:79,0
DA:80,0
DA:86,0
DA:87,0
DA:88,0
DA:89,0
DA:90,0
DA:92,0
DA:93,0
DA:94,0
DA:101,0
DA:102,0
DA:104,0
DA:105,0
DA:107,0
DA:109,0
DA:110,0
DA:111,0
DA:117,0
DA:118,0
DA:120,0
DA:122,0
DA:123,0
DA:124,0
DA:132,0
DA:135,0
DA:136,0
DA:137,0
DA:138,0
DA:140,0
DA:142,0
DA:143,0
DA:145,0
DA:146,0
DA:147,0
DA:148,0
DA:149,0
DA:161,0
DA:162,0
DA:163,0
DA:164,0
DA:165,0
DA:168,0
DA:169,0
DA:170,0
DA:171,0
DA:172,0
DA:173,0
DA:174,0
DA:175,0
DA:176,0
DA:177,0
DA:178,0
DA:179,0
DA:183,0
LF:80
LH:0
end_of_record
SF:lib/widgets/canvas_panel.dart
DA:7,5
DA:9,1
DA:11,1
DA:12,1
DA:14,1
DA:15,1
LF:6
LH:6
end_of_record
SF:lib/widgets/canvas_panel_painter.dart
DA:7,1
DA:18,1
DA:20,4
DA:24,1
DA:25,1
DA:31,3
DA:32,1
DA:33,1
DA:38,1
LF:9
LH:9
end_of_record
SF:lib/widgets/draw_rect.dart
DA:12,1
DA:28,1
DA:30,1
DA:31,3
DA:32,2
DA:42,1
DA:53,1
DA:56,1
DA:57,2
DA:58,1
DA:61,4
DA:64,1
DA:65,1
DA:66,1
DA:67,1
DA:69,1
DA:70,1
DA:71,1
DA:72,1
DA:75,1
DA:78,2
DA:82,1
DA:84,2
DA:85,3
DA:89,1
DA:92,2
DA:96,1
DA:98,2
DA:99,3
DA:112,1
DA:119,3
DA:120,3
DA:121,4
DA:122,3
DA:126,1
DA:127,2
DA:128,4
DA:129,4
DA:130,4
DA:131,4
DA:133,1
DA:134,1
DA:135,1
DA:136,1
DA:140,0
DA:143,1
DA:148,1
LF:47
LH:46
end_of_record
SF:lib/widgets/fill_widget.dart
DA:14,0
DA:26,0
DA:27,0
DA:35,0
DA:37,0
DA:40,0
DA:41,0
DA:42,0
DA:43,0
DA:45,0
DA:47,0
DA:48,0
DA:54,0
DA:55,0
DA:56,0
DA:57,0
DA:62,0
DA:63,0
DA:64,0
DA:65,0
DA:66,0
DA:74,0
DA:75,0
DA:77,0
DA:78,0
DA:79,0
DA:80,0
DA:81,0
DA:84,0
DA:87,0
DA:88,0
DA:96,0
DA:102,0
DA:107,0
DA:109,0
DA:110,0
DA:111,0
DA:112,0
DA:114,0
DA:115,0
DA:116,0
DA:117,0
DA:118,0
DA:121,0
DA:122,0
DA:123,0
DA:124,0
DA:127,0
DA:128,0
DA:129,0
DA:132,0
DA:133,0
DA:134,0
DA:137,0
DA:138,0
DA:140,0
DA:142,0
DA:143,0
DA:144,0
DA:145,0
DA:146,0
DA:147,0
DA:152,0
DA:154,0
DA:155,0
DA:156,0
DA:157,0
DA:158,0
DA:159,0
DA:160,0
DA:162,0
DA:163,0
DA:164,0
DA:165,0
LF:74
LH:0
end_of_record
SF:lib/widgets/marching_ants_path.dart
DA:16,0
DA:32,0
DA:33,0
DA:40,0
DA:42,0
DA:43,0
DA:46,0
DA:49,0
DA:51,0
DA:52,0
DA:55,0
DA:57,0
DA:58,0
DA:59,0
DA:60,0
DA:61,0
DA:62,0
DA:63,0
DA:64,0
DA:65,0
DA:80,0
DA:99,0
DA:102,0
DA:103,0
DA:104,0
DA:106,0
DA:108,0
DA:109,0
DA:113,0
DA:114,0
DA:116,0
DA:119,0
DA:121,0
DA:123,0
DA:124,0
DA:125,0
DA:126,0
DA:129,0
DA:134,0
DA:137,0
DA:138,0
DA:139,0
DA:140,0
DA:142,0
DA:143,0
DA:145,0
DA:148,0
DA:151,0
DA:152,0
DA:153,0
DA:154,0
DA:155,0
DA:156,0
DA:158,0
DA:159,0
DA:160,0
DA:161,0
DA:163,0
DA:164,0
DA:169,0
LF:60
LH:0
end_of_record
SF:lib/widgets/image_placement_widget.dart
DA:15,1
DA:42,1
DA:44,2
DA:49,1
DA:52,3
DA:53,4
DA:54,4
DA:55,1
DA:56,1
DA:57,1
DA:61,1
DA:63,1
DA:64,1
DA:65,1
DA:67,1
DA:68,1
DA:69,1
DA:70,1
DA:71,2
DA:72,1
DA:73,1
DA:74,1
DA:80,1
DA:81,1
DA:82,1
DA:83,1
DA:84,2
DA:85,1
DA:86,1
DA:89,1
DA:90,1
DA:101,1
DA:104,0
DA:105,0
DA:106,0
DA:111,1
DA:114,1
DA:117,1
DA:123,1
DA:125,2
DA:126,2
DA:128,2
DA:129,1
DA:131,1
DA:134,1
DA:135,1
DA:136,1
DA:139,1
DA:142,1
DA:143,1
DA:146,1
DA:159,1
DA:160,1
DA:162,1
DA:163,1
DA:165,0
DA:166,0
DA:167,0
DA:169,0
DA:170,0
DA:174,0
DA:175,0
DA:179,1
DA:180,1
DA:182,0
DA:183,0
DA:184,0
DA:185,0
DA:186,0
DA:187,0
DA:188,0
DA:192,0
DA:194,0
DA:195,0
DA:196,0
DA:198,0
DA:202,1
DA:203,1
DA:205,0
DA:206,0
DA:207,0
DA:208,0
DA:209,0
DA:210,0
DA:214,0
DA:216,0
DA:217,0
DA:221,1
DA:222,1
DA:224,0
DA:225,0
DA:226,0
DA:227,0
DA:228,0
DA:229,0
DA:233,0
DA:235,0
DA:236,0
DA:244,1
DA:250,1
DA:251,3
DA:252,3
DA:253,1
DA:255,1
DA:257,1
DA:260,1
DA:262,1
DA:263,1
DA:274,1
DA:280,1
DA:281,2
DA:282,2
DA:285,1
DA:286,3
DA:287,3
DA:288,1
DA:289,1
DA:292,0
DA:293,0
DA:294,0
DA:295,0
DA:296,0
DA:298,0
DA:299,0
DA:300,0
DA:302,0
DA:303,0
DA:315,1
DA:316,4
DA:322,1
DA:326,1
DA:328,1
DA:330,1
DA:331,1
DA:337,0
DA:338,0
LF:136
LH:84
end_of_record
SF:lib/widgets/overlay_control_widgets.dart
DA:5,2
DA:16,2
DA:18,2
DA:24,2
DA:26,2
DA:29,2
DA:32,2
DA:34,2
DA:42,1
DA:43,1
DA:48,1
DA:49,1
DA:50,1
DA:51,1
DA:53,1
LF:15
LH:15
end_of_record
SF:lib/widgets/rotation_handle_widgets.dart
DA:13,1
DA:15,0
DA:16,4
DA:19,2
DA:20,2
DA:22,1
DA:26,1
DA:27,2
DA:29,1
DA:30,1
LF:10
LH:9
end_of_record
SF:lib/widgets/magnifying_eye_dropper.dart
DA:20,1
DA:44,1
DA:45,1
DA:66,10
DA:71,1
DA:73,1
DA:76,1
DA:78,3
DA:82,1
DA:84,4
DA:86,1
DA:87,4
DA:88,4
DA:93,4
DA:96,1
DA:97,5
DA:98,6
DA:99,1
DA:100,2
DA:102,1
DA:106,1
DA:107,2
DA:108,1
DA:109,1
DA:111,1
DA:112,1
DA:114,1
DA:115,1
DA:116,3
DA:126,1
DA:127,1
DA:128,1
DA:129,1
DA:131,1
DA:132,1
DA:133,1
DA:134,1
DA:135,1
DA:136,1
DA:138,1
DA:142,1
DA:143,1
DA:154,1
DA:155,2
DA:156,1
DA:157,1
DA:159,1
DA:160,1
DA:162,1
DA:163,1
DA:164,4
DA:176,1
DA:177,3
DA:181,5
DA:183,2
DA:184,1
DA:192,1
DA:197,1
DA:199,3
DA:202,1
DA:209,1
DA:220,1
DA:224,1
DA:225,2
DA:226,1
DA:229,4
DA:232,1
DA:233,5
DA:234,2
DA:238,1
DA:239,5
DA:240,2
DA:241,1
DA:242,1
DA:243,1
DA:244,1
DA:246,1
DA:247,5
DA:248,3
DA:249,1
DA:250,1
DA:251,1
DA:252,1
DA:256,1
LF:84
LH:84
end_of_record
SF:lib/widgets/selector_widget.dart
DA:33,0
DA:76,0
DA:77,0
DA:88,0
DA:90,0
DA:94,0
DA:95,0
DA:98,0
DA:99,0
DA:100,0
DA:101,0
DA:105,0
DA:106,0
DA:108,0
DA:110,0
DA:111,0
DA:112,0
DA:113,0
DA:114,0
DA:117,0
DA:118,0
DA:120,0
DA:121,0
DA:123,0
DA:124,0
DA:129,0
DA:130,0
DA:132,0
DA:134,0
DA:139,0
DA:140,0
DA:142,0
DA:144,0
DA:149,0
DA:150,0
DA:152,0
DA:154,0
DA:159,0
DA:160,0
DA:162,0
DA:164,0
DA:169,0
DA:170,0
DA:171,0
DA:172,0
DA:175,0
DA:177,0
DA:182,0
DA:183,0
DA:184,0
DA:185,0
DA:188,0
DA:190,0
DA:195,0
DA:196,0
DA:197,0
DA:198,0
DA:201,0
DA:203,0
DA:208,0
DA:209,0
DA:210,0
DA:211,0
DA:214,0
DA:216,0
DA:222,0
DA:223,0
DA:224,0
DA:225,0
DA:229,0
DA:230,0
DA:231,0
DA:232,0
DA:236,0
DA:237,0
DA:238,0
DA:239,0
DA:244,0
DA:249,0
DA:251,0
DA:252,0
DA:254,0
DA:255,0
DA:258,0
DA:273,0
DA:278,0
DA:279,0
DA:281,0
DA:282,0
DA:283,0
DA:284,0
DA:285,0
DA:286,0
DA:287,0
DA:289,0
DA:290,0
DA:292,0
DA:293,0
DA:294,0
DA:296,0
DA:298,0
DA:299,0
DA:300,0
DA:301,0
DA:303,0
DA:304,0
DA:306,0
DA:307,0
DA:308,0
DA:310,0
DA:311,0
DA:324,0
DA:330,0
DA:331,0
DA:332,0
DA:333,0
DA:334,0
DA:335,0
DA:337,0
DA:338,0
DA:339,0
DA:342,0
DA:344,0
DA:345,0
DA:347,0
DA:348,0
DA:349,0
DA:350,0
DA:353,0
DA:354,0
DA:355,0
DA:358,0
DA:359,0
DA:360,0
DA:361,0
DA:362,0
DA:363,0
DA:366,0
DA:367,0
DA:368,0
DA:370,0
DA:371,0
DA:378,0
DA:379,0
DA:382,0
DA:383,0
DA:384,0
DA:385,0
DA:386,0
DA:387,0
DA:389,0
DA:390,0
DA:391,0
DA:393,0
DA:394,0
DA:395,0
DA:397,0
DA:398,0
DA:405,0
DA:406,0
DA:409,0
DA:410,0
DA:419,0
DA:420,0
DA:421,0
DA:422,0
DA:423,0
DA:424,0
DA:429,0
DA:430,0
DA:431,0
DA:432,0
DA:433,0
DA:434,0
DA:437,0
DA:438,0
DA:439,0
DA:440,0
DA:441,0
DA:442,0
DA:443,0
DA:444,0
DA:445,0
DA:447,0
DA:452,0
DA:455,0
DA:456,0
DA:459,0
DA:460,0
DA:461,0
DA:462,0
DA:468,0
DA:469,0
DA:470,0
DA:471,0
DA:472,0
DA:474,0
DA:475,0
DA:476,0
DA:482,0
DA:483,0
DA:484,0
DA:485,0
DA:486,0
DA:488,0
DA:489,0
DA:490,0
LF:207
LH:0
end_of_record
SF:lib/widgets/text_editor.dart
DA:10,5
DA:12,0
DA:13,0
DA:21,0
DA:23,0
DA:24,0
DA:25,0
DA:28,0
DA:29,0
DA:33,0
DA:39,0
DA:41,0
DA:42,0
DA:44,0
DA:45,0
DA:46,0
DA:50,0
DA:51,0
DA:52,0
DA:53,0
DA:54,0
DA:55,0
DA:56,0
DA:58,0
DA:59,0
DA:60,0
DA:61,0
DA:62,0
DA:63,0
DA:64,0
DA:65,0
DA:67,0
DA:70,0
DA:72,0
DA:77,0
DA:78,0
DA:81,0
DA:91,0
DA:92,0
DA:94,0
DA:95,0
DA:97,0
DA:98,0
DA:106,0
DA:107,0
DA:109,0
DA:110,0
DA:112,0
DA:114,0
DA:115,0
DA:116,0
DA:122,0
DA:123,0
DA:125,0
DA:127,0
DA:128,0
DA:129,0
DA:137,0
DA:140,0
DA:142,0
DA:143,0
DA:145,0
DA:147,0
DA:148,0
DA:150,0
DA:152,0
DA:153,0
DA:166,0
DA:167,0
DA:168,0
DA:169,0
DA:170,0
DA:171,0
DA:174,0
DA:175,0
DA:176,0
DA:177,0
DA:178,0
DA:179,0
DA:182,0
DA:183,0
DA:184,0
DA:185,0
DA:186,0
DA:187,0
DA:188,0
DA:189,0
DA:190,0
DA:192,0
DA:194,0
DA:195,0
DA:196,0
LF:92
LH:1
end_of_record
SF:lib/widgets/transform_widget.dart
DA:16,0
DA:43,0
DA:45,0
DA:46,0
DA:50,0
DA:53,0
DA:55,0
DA:58,0
DA:59,0
DA:61,0
DA:62,0
DA:64,0
DA:65,0
DA:67,0
DA:68,0
DA:71,0
DA:72,0
DA:73,0
DA:75,0
DA:77,0
DA:83,0
DA:85,0
DA:86,0
DA:87,0
DA:88,0
DA:91,0
DA:96,0
DA:101,0
DA:106,0
DA:113,0
DA:118,0
DA:119,0
DA:120,0
DA:125,0
DA:132,0
DA:134,0
DA:135,0
DA:137,0
DA:138,0
DA:140,0
DA:143,0
DA:144,0
DA:145,0
DA:148,0
DA:151,0
DA:152,0
DA:155,0
DA:167,0
DA:168,0
DA:173,0
DA:174,0
DA:175,0
DA:181,0
DA:182,0
DA:187,0
DA:188,0
DA:189,0
DA:195,0
DA:202,0
DA:203,0
DA:204,0
DA:205,0
DA:207,0
DA:209,0
DA:212,0
DA:214,0
DA:215,0
DA:224,0
DA:231,0
DA:232,0
DA:233,0
DA:234,0
DA:235,0
DA:236,0
DA:238,0
DA:239,0
DA:240,0
DA:243,0
DA:245,0
DA:246,0
DA:248,0
DA:249,0
DA:250,0
DA:251,0
DA:252,0
DA:253,0
DA:255,0
DA:256,0
DA:259,0
DA:260,0
DA:261,0
DA:264,0
DA:265,0
DA:266,0
DA:267,0
DA:270,0
DA:271,0
DA:272,0
DA:274,0
DA:275,0
DA:276,0
DA:279,0
DA:280,0
DA:281,0
DA:282,0
DA:286,0
DA:287,0
DA:289,0
DA:290,0
DA:291,0
DA:293,0
DA:294,0
DA:295,0
DA:303,0
DA:304,0
DA:307,0
DA:308,0
DA:309,0
DA:310,0
DA:313,0
DA:314,0
DA:315,0
DA:317,0
DA:318,0
DA:319,0
DA:321,0
DA:322,0
DA:323,0
DA:325,0
DA:326,0
DA:327,0
DA:328,0
DA:330,0
DA:331,0
DA:332,0
DA:333,0
DA:335,0
DA:336,0
DA:337,0
DA:339,0
DA:340,0
DA:341,0
DA:349,0
DA:350,0
DA:353,0
DA:354,0
DA:355,0
DA:356,0
DA:359,0
DA:369,0
DA:370,0
DA:371,0
DA:372,0
DA:373,0
DA:380,0
DA:381,0
DA:382,0
DA:383,0
DA:384,0
DA:390,0
DA:391,0
DA:397,0
DA:405,0
DA:408,0
DA:410,0
DA:411,0
DA:416,0
DA:417,0
DA:418,0
DA:419,0
DA:421,0
DA:422,0
DA:423,0
DA:424,0
DA:425,0
DA:426,0
DA:428,0
DA:431,0
LF:178
LH:0
end_of_record
SF:lib/widgets/shortcuts_help.dart
DA:50,5
DA:52,0
DA:54,0
DA:56,0
DA:58,0
DA:59,0
DA:62,0
DA:63,0
DA:65,0
DA:66,0
DA:67,0
DA:68,0
DA:71,0
DA:73,0
DA:74,0
DA:75,0
DA:76,0
DA:77,0
DA:78,0
DA:81,0
DA:83,0
DA:84,0
DA:85,0
DA:86,0
DA:89,0
DA:91,0
DA:92,0
DA:93,0
DA:94,0
DA:95,0
DA:96,0
DA:99,0
DA:101,0
DA:102,0
DA:103,0
DA:106,0
DA:107,0
DA:110,0
DA:119,0
DA:120,0
DA:121,0
DA:129,0
DA:130,0
DA:132,0
DA:133,0
DA:134,0
DA:136,0
DA:137,0
DA:138,0
DA:139,0
DA:141,0
DA:150,0
DA:157,0
DA:158,0
DA:160,0
DA:171,0
DA:175,0
DA:177,0
DA:179,0
DA:180,0
DA:181,0
DA:182,0
DA:189,0
DA:191,0
LF:64
LH:1
end_of_record
