SF:lib/helpers/color_helper.dart
DA:39,0
DA:41,0
DA:44,0
DA:45,0
DA:48,0
DA:51,0
DA:62,0
DA:63,0
DA:64,0
DA:65,0
DA:68,0
DA:70,0
DA:81,0
DA:82,0
DA:83,0
DA:84,0
DA:87,0
DA:89,0
DA:93,1
DA:95,1
DA:98,1
DA:101,1
DA:104,1
DA:117,0
DA:121,0
DA:122,0
DA:142,0
DA:143,0
DA:148,0
DA:163,1
DA:169,1
DA:170,2
DA:179,1
DA:184,6
DA:185,6
DA:186,6
DA:187,6
DA:189,1
DA:190,1
DA:191,1
DA:192,1
DA:193,1
DA:196,0
DA:200,0
DA:224,0
DA:225,0
DA:226,0
DA:237,0
DA:239,0
DA:240,0
DA:243,0
DA:258,1
DA:259,2
DA:260,2
DA:261,0
DA:263,2
DA:264,3
DA:270,0
DA:272,0
DA:275,0
DA:287,0
DA:288,0
DA:289,0
DA:303,0
DA:305,0
DA:306,0
DA:307,0
DA:310,0
DA:311,0
DA:312,0
DA:313,0
DA:329,1
DA:332,0
DA:333,0
DA:336,0
DA:353,0
DA:354,0
DA:355,0
DA:356,0
DA:357,0
LF:80
LH:24
end_of_record
SF:lib/models/constants.dart
DA:35,2
DA:36,2
DA:37,2
DA:38,2
DA:41,2
DA:42,2
DA:43,2
DA:44,2
DA:46,2
DA:47,0
DA:48,0
DA:49,0
DA:50,0
DA:51,0
DA:53,2
DA:54,2
DA:55,0
LF:17
LH:11
end_of_record
SF:lib/models/fill_model.dart
DA:31,2
DA:34,1
DA:35,1
DA:36,2
DA:37,1
DA:44,1
DA:46,2
DA:47,1
DA:51,1
DA:52,2
DA:56,2
DA:57,2
DA:59,4
DA:60,1
DA:61,2
DA:62,2
DA:64,4
DA:65,1
DA:66,2
DA:72,1
LF:20
LH:20
end_of_record
SF:lib/panels/layers/layer_thumbnail.dart
DA:8,1
DA:16,1
DA:19,1
DA:20,1
DA:22,4
DA:24,1
DA:25,1
DA:26,1
DA:27,1
DA:28,1
DA:30,2
DA:31,1
DA:32,1
DA:33,1
DA:34,1
DA:35,3
LF:16
LH:16
end_of_record
SF:lib/providers/app_provider.dart
DA:29,1
DA:30,3
DA:34,3
DA:35,1
DA:36,1
DA:40,0
DA:42,0
DA:50,3
DA:55,2
DA:64,1
DA:67,1
DA:76,1
DA:77,2
DA:79,2
DA:80,2
DA:81,2
DA:82,1
DA:86,1
DA:87,5
DA:91,1
DA:92,5
DA:96,1
DA:102,1
DA:104,2
DA:105,0
DA:109,5
DA:112,1
DA:115,1
DA:117,5
DA:119,2
DA:120,0
DA:123,1
DA:128,2
DA:129,9
DA:130,9
DA:134,0
DA:135,0
DA:136,0
DA:137,0
DA:139,0
DA:140,0
DA:143,0
DA:148,0
DA:149,0
DA:150,0
DA:154,0
DA:155,0
DA:156,0
DA:161,0
DA:163,0
DA:164,0
DA:167,0
DA:170,0
DA:173,0
DA:176,0
DA:177,0
DA:178,0
DA:182,0
DA:186,0
DA:187,0
DA:191,0
DA:192,0
DA:194,0
DA:196,0
DA:197,0
DA:198,0
DA:199,0
DA:204,0
DA:206,0
DA:208,0
DA:211,0
DA:212,0
DA:218,0
DA:221,0
DA:222,0
DA:223,0
DA:230,1
DA:231,1
DA:232,2
DA:233,1
DA:243,1
DA:246,2
DA:247,0
DA:250,2
DA:251,2
DA:252,4
DA:253,4
DA:256,2
DA:260,0
DA:261,0
DA:262,0
DA:266,0
DA:267,0
DA:268,0
DA:272,1
DA:276,2
DA:278,2
DA:279,0
DA:280,0
DA:284,0
DA:293,1
DA:300,3
DA:301,3
DA:302,2
DA:303,3
DA:305,1
DA:307,1
DA:314,10
DA:315,10
DA:316,1
DA:318,1
DA:329,1
DA:330,1
DA:332,1
DA:334,2
DA:336,1
DA:340,2
DA:346,3
DA:349,1
DA:350,2
DA:351,1
DA:359,2
DA:362,0
DA:363,0
DA:364,0
DA:371,3
DA:374,1
DA:375,2
DA:376,1
DA:383,3
DA:386,1
DA:387,2
DA:388,1
DA:396,2
DA:399,0
DA:400,0
DA:401,0
DA:405,1
DA:413,0
DA:414,0
DA:415,0
DA:417,0
DA:419,0
DA:425,1
DA:430,1
DA:431,3
DA:432,5
DA:437,0
DA:438,0
DA:439,0
DA:440,0
DA:441,0
DA:444,0
DA:445,0
DA:446,0
DA:452,1
DA:453,1
DA:455,7
DA:457,1
DA:459,1
DA:460,1
DA:463,1
DA:464,1
DA:465,1
DA:467,1
DA:468,2
DA:474,1
DA:477,2
DA:478,4
DA:479,2
DA:481,1
DA:483,7
DA:485,1
DA:488,2
DA:490,4
DA:492,1
DA:493,5
DA:494,1
DA:495,7
DA:496,7
DA:498,10
DA:501,1
DA:502,5
DA:504,1
DA:505,8
DA:506,8
DA:508,1
DA:509,8
DA:510,8
DA:515,1
DA:516,1
DA:519,1
DA:520,1
DA:521,1
DA:524,2
DA:530,1
DA:531,2
DA:532,2
DA:533,1
DA:534,2
DA:535,2
DA:536,1
DA:543,1
DA:544,5
DA:547,1
DA:549,2
DA:550,2
DA:551,1
DA:577,0
DA:578,0
DA:585,0
DA:586,0
DA:587,0
DA:588,0
DA:589,0
DA:590,0
DA:592,0
DA:594,0
DA:597,0
DA:598,0
DA:603,0
DA:604,0
DA:607,0
DA:608,0
DA:613,0
DA:614,0
DA:615,0
DA:619,0
DA:620,0
DA:621,0
DA:622,0
DA:623,0
DA:624,0
DA:629,0
DA:631,0
DA:632,0
DA:633,0
DA:634,0
DA:640,0
DA:641,0
DA:642,0
DA:643,0
DA:645,0
DA:647,0
DA:648,0
DA:651,0
DA:652,0
DA:653,0
DA:658,0
DA:659,0
DA:661,0
DA:663,0
DA:664,0
DA:665,0
DA:668,0
DA:669,0
DA:675,0
DA:676,0
DA:678,0
DA:679,0
DA:680,0
DA:681,0
DA:682,0
DA:683,0
DA:690,0
DA:691,0
DA:695,0
DA:704,1
DA:705,1
LF:269
LH:136
end_of_record
SF:lib/widgets/main_view.dart
DA:23,1
DA:27,1
DA:28,1
DA:46,1
DA:48,1
DA:50,1
DA:51,1
DA:52,1
DA:54,1
DA:58,1
DA:61,2
DA:62,1
DA:63,1
DA:64,1
DA:68,1
DA:69,0
DA:71,0
DA:72,0
DA:75,0
DA:78,0
DA:79,0
DA:82,0
DA:83,0
DA:91,0
DA:101,0
DA:106,0
DA:108,0
DA:111,0
DA:115,0
DA:118,0
DA:119,0
DA:124,0
DA:131,1
DA:133,2
DA:134,0
DA:135,0
DA:137,0
DA:139,0
DA:141,0
DA:143,0
DA:144,0
DA:148,1
DA:153,1
DA:155,2
DA:156,0
DA:157,0
DA:159,0
DA:160,0
DA:166,0
DA:167,0
DA:171,1
DA:176,1
DA:177,2
DA:178,0
DA:179,0
DA:180,0
DA:181,0
DA:182,0
DA:184,0
DA:185,0
DA:189,1
DA:193,0
DA:194,0
DA:195,0
DA:196,0
DA:197,0
DA:198,0
DA:199,0
DA:202,0
DA:205,1
DA:213,1
DA:214,0
DA:215,0
DA:216,0
DA:217,0
DA:218,0
DA:219,0
DA:220,0
DA:221,0
DA:223,0
DA:224,0
DA:225,0
DA:229,1
DA:230,0
DA:231,0
DA:232,0
DA:233,0
DA:234,0
DA:235,0
DA:236,0
DA:237,0
DA:239,0
DA:240,0
DA:241,0
DA:248,2
DA:249,0
DA:250,0
DA:251,0
DA:253,0
DA:254,0
DA:256,0
DA:257,0
DA:258,0
DA:259,0
DA:261,0
DA:262,0
DA:263,0
DA:270,2
DA:271,1
DA:274,1
DA:275,1
DA:276,1
DA:277,1
DA:282,1
DA:291,1
DA:292,1
DA:293,1
DA:294,1
DA:296,1
DA:297,1
DA:298,1
DA:300,1
DA:303,1
DA:304,1
DA:305,1
DA:306,1
DA:307,2
DA:308,2
DA:309,1
DA:310,2
DA:312,1
DA:313,2
DA:314,2
DA:329,0
DA:330,0
DA:331,0
DA:332,0
DA:333,0
DA:334,0
DA:345,0
DA:353,0
DA:354,0
DA:355,0
DA:361,0
DA:363,0
DA:365,0
DA:368,0
DA:371,0
DA:374,0
DA:377,0
DA:378,0
DA:381,0
DA:383,0
DA:391,1
DA:396,3
DA:398,3
DA:399,2
DA:400,0
DA:402,2
DA:404,3
DA:405,1
DA:414,1
DA:421,2
DA:424,1
DA:425,0
DA:426,0
DA:429,1
DA:430,0
DA:431,0
DA:435,5
DA:437,2
DA:438,0
DA:442,2
DA:447,2
DA:449,0
DA:450,2
DA:452,0
DA:453,2
DA:455,0
DA:456,0
DA:459,1
DA:460,1
DA:471,1
DA:475,2
DA:477,5
DA:481,1
DA:482,0
DA:483,0
DA:490,1
DA:491,0
DA:492,0
DA:499,2
DA:502,2
DA:503,0
DA:508,4
DA:512,0
DA:523,2
DA:527,0
DA:528,0
DA:529,0
DA:535,0
DA:536,0
DA:540,0
DA:544,2
DA:545,3
DA:549,3
DA:550,1
DA:555,3
DA:556,3
DA:558,2
DA:559,1
DA:560,2
DA:561,2
DA:564,2
DA:565,1
DA:566,2
DA:567,2
DA:570,3
DA:572,2
DA:573,1
DA:574,1
DA:575,2
DA:578,2
DA:579,1
DA:580,2
DA:581,2
DA:585,2
DA:586,2
DA:592,3
DA:594,1
DA:595,1
DA:596,1
DA:597,1
DA:598,1
DA:599,1
DA:600,1
DA:601,1
DA:603,1
DA:613,0
DA:618,0
DA:619,0
DA:623,0
DA:629,0
DA:635,0
DA:637,0
DA:643,0
DA:644,0
DA:645,0
DA:646,0
DA:651,0
DA:652,0
DA:653,0
DA:654,0
DA:655,0
DA:656,0
DA:657,0
DA:658,0
DA:660,0
DA:662,0
DA:665,0
DA:667,0
DA:676,0
DA:686,0
DA:687,0
DA:692,0
DA:693,0
DA:701,0
DA:702,0
DA:704,0
DA:705,0
DA:707,0
DA:709,0
DA:710,0
DA:711,0
DA:717,0
DA:718,0
DA:720,0
DA:722,0
DA:723,0
DA:724,0
DA:732,0
DA:735,0
DA:737,0
DA:738,0
DA:740,0
DA:742,0
DA:743,0
DA:747,0
DA:748,0
DA:761,0
DA:762,0
DA:764,0
DA:765,0
DA:768,0
DA:770,0
DA:771,0
DA:772,0
DA:773,0
DA:775,0
DA:776,0
DA:777,0
DA:787,0
LF:302
LH:117
end_of_record
SF:lib/main.dart
DA:19,1
DA:25,1
DA:26,1
DA:28,1
DA:30,1
DA:31,0
DA:32,0
DA:35,0
DA:37,0
DA:38,0
DA:39,0
DA:44,0
DA:45,0
DA:46,0
DA:49,0
DA:50,0
DA:63,0
DA:64,0
DA:65,0
DA:66,0
DA:72,0
DA:77,1
DA:79,2
DA:88,1
DA:105,1
DA:107,1
DA:108,1
DA:110,3
DA:112,3
DA:114,1
DA:115,2
DA:118,1
DA:120,1
DA:121,1
DA:123,2
DA:128,1
DA:132,1
DA:135,1
DA:136,2
DA:138,1
DA:139,1
DA:142,0
DA:143,0
LF:43
LH:25
end_of_record
SF:lib/main_screen.dart
DA:17,1
DA:22,1
DA:24,1
DA:25,1
DA:27,2
DA:36,1
DA:37,1
DA:39,5
DA:41,1
DA:43,1
DA:44,0
DA:45,1
DA:46,1
DA:47,1
DA:49,1
DA:51,1
DA:57,1
DA:59,1
DA:60,0
DA:62,0
DA:63,0
DA:64,0
DA:65,0
DA:69,1
DA:77,1
DA:82,2
DA:86,1
DA:87,0
DA:89,1
DA:95,1
DA:99,1
DA:100,3
DA:102,0
DA:103,0
DA:105,1
DA:106,1
DA:107,1
DA:108,1
DA:109,1
DA:110,2
DA:111,1
DA:112,1
DA:115,1
DA:116,1
DA:126,0
DA:131,0
DA:132,0
DA:134,0
DA:135,0
DA:136,0
DA:137,0
DA:138,0
DA:139,0
DA:141,0
DA:142,0
DA:143,0
DA:145,0
DA:146,0
DA:147,0
DA:149,0
LF:60
LH:35
end_of_record
SF:lib/files/export_download_non_web.dart
DA:28,0
DA:32,0
DA:37,0
DA:40,0
DA:41,0
DA:56,0
DA:61,0
DA:62,0
DA:82,0
DA:86,0
DA:89,0
DA:92,0
DA:107,0
DA:113,0
DA:116,0
DA:117,0
DA:130,0
DA:134,0
DA:137,0
DA:140,0
DA:155,0
DA:160,0
DA:161,0
DA:165,0
DA:169,0
DA:174,0
DA:177,0
DA:178,0
DA:182,0
DA:187,0
DA:188,0
DA:189,0
DA:191,0
DA:192,0
DA:193,0
LF:35
LH:0
end_of_record
SF:lib/files/file_jpeg.dart
DA:12,0
DA:14,0
DA:16,0
DA:20,0
DA:22,0
LF:5
LH:0
end_of_record
SF:lib/files/file_ora.dart
DA:21,0
DA:26,0
DA:27,0
DA:28,0
DA:32,0
DA:34,0
DA:37,0
DA:42,0
DA:48,0
DA:51,0
DA:52,0
DA:53,0
DA:57,0
DA:58,0
DA:63,0
DA:65,0
DA:69,0
DA:74,0
DA:75,0
DA:76,0
DA:77,0
DA:80,0
DA:81,0
DA:84,0
DA:90,0
DA:91,0
DA:92,0
DA:93,0
DA:95,0
DA:96,0
DA:103,0
DA:109,0
DA:110,0
DA:111,0
DA:112,0
DA:114,0
DA:116,0
DA:117,0
DA:118,0
DA:119,0
DA:122,0
DA:124,0
DA:125,0
DA:127,0
DA:128,0
DA:129,0
DA:132,0
DA:133,0
DA:135,0
DA:154,0
DA:156,0
DA:158,0
DA:160,0
DA:162,0
DA:164,0
DA:166,0
DA:168,0
DA:170,0
DA:172,0
DA:174,0
DA:176,0
DA:178,0
DA:193,0
DA:201,0
DA:203,0
DA:204,0
DA:206,0
DA:211,0
DA:214,0
DA:240,0
DA:241,0
DA:242,0
DA:243,0
DA:249,0
DA:253,0
DA:255,0
DA:273,0
DA:274,0
DA:275,0
DA:278,0
DA:279,0
DA:281,0
DA:282,0
DA:287,0
DA:290,0
DA:291,0
DA:292,0
DA:295,0
DA:297,0
DA:299,0
DA:300,0
DA:302,0
DA:303,0
DA:307,0
DA:308,0
DA:309,0
DA:310,0
DA:311,0
DA:319,0
DA:320,0
DA:322,0
DA:323,0
DA:324,0
DA:326,0
DA:328,0
DA:330,0
DA:333,0
DA:335,0
DA:336,0
DA:337,0
DA:339,0
DA:340,0
DA:342,0
DA:344,0
DA:346,0
DA:348,0
DA:350,0
DA:354,0
DA:355,0
DA:357,0
DA:358,0
DA:359,0
DA:364,0
DA:371,0
DA:372,0
DA:373,0
DA:375,0
DA:376,0
DA:381,0
DA:394,0
DA:398,0
DA:399,0
DA:401,0
DA:402,0
DA:403,0
DA:404,0
DA:405,0
DA:406,0
DA:407,0
LF:139
LH:0
end_of_record
SF:lib/files/file_tiff.dart
DA:11,0
DA:12,0
DA:14,0
DA:16,0
DA:17,0
DA:20,0
DA:24,0
DA:25,0
DA:28,0
DA:29,0
DA:30,0
DA:31,0
DA:32,0
DA:33,0
DA:36,0
DA:37,0
DA:39,0
DA:41,0
DA:42,0
DA:43,0
DA:44,0
DA:48,0
DA:49,0
DA:52,0
DA:56,0
DA:59,0
DA:63,0
DA:64,0
DA:66,0
DA:67,0
DA:68,0
DA:71,0
DA:73,0
DA:74,0
DA:79,0
DA:80,0
DA:86,0
DA:88,0
DA:89,0
DA:91,0
DA:97,0
DA:98,0
DA:99,0
DA:102,0
DA:103,0
DA:106,0
DA:110,0
DA:111,0
DA:115,0
DA:116,0
DA:117,0
DA:118,0
DA:120,0
LF:53
LH:0
end_of_record
SF:lib/panels/share_panel.dart
DA:12,0
DA:14,0
DA:16,0
DA:28,0
DA:29,0
DA:30,0
DA:32,0
DA:33,0
DA:34,0
DA:36,0
DA:38,0
DA:39,0
DA:42,0
DA:43,0
DA:44,0
DA:47,0
DA:49,0
DA:50,0
DA:51,0
DA:52,0
DA:55,0
DA:57,0
DA:58,0
DA:59,0
DA:60,0
DA:63,0
DA:65,0
DA:66,0
DA:67,0
DA:68,0
DA:71,0
DA:73,0
DA:74,0
DA:75,0
DA:76,0
DA:95,0
DA:96,0
DA:98,0
DA:99,0
DA:100,0
DA:101,0
DA:114,0
DA:117,0
LF:43
LH:0
end_of_record
SF:lib/providers/layers_provider.dart
DA:27,1
DA:28,1
DA:31,1
DA:32,1
DA:33,1
DA:35,3
DA:41,1
DA:44,1
DA:47,1
DA:48,1
DA:54,2
DA:57,1
DA:58,1
DA:59,2
DA:60,1
DA:67,3
DA:70,3
DA:77,0
DA:80,0
DA:81,0
DA:82,0
DA:94,2
DA:97,1
DA:98,2
DA:99,4
DA:111,0
DA:114,0
DA:115,0
DA:116,0
DA:120,0
DA:125,0
DA:127,0
DA:128,0
DA:129,0
DA:131,0
DA:133,0
DA:135,0
DA:142,0
DA:143,0
DA:147,0
DA:150,0
DA:152,0
DA:153,0
DA:154,0
DA:155,0
DA:156,0
DA:157,0
DA:159,0
DA:162,0
DA:164,0
DA:166,0
DA:171,0
DA:172,0
DA:173,0
DA:174,0
DA:180,0
DA:181,0
DA:183,0
DA:189,1
DA:190,1
DA:191,1
DA:192,2
DA:199,1
DA:200,2
DA:204,3
DA:207,0
DA:210,0
DA:213,0
DA:218,2
DA:221,1
DA:222,1
DA:223,3
DA:224,1
DA:225,4
DA:226,2
DA:228,1
DA:229,3
DA:230,1
DA:235,3
DA:238,0
DA:239,0
DA:240,0
DA:244,1
DA:245,2
DA:246,1
DA:251,5
DA:254,1
DA:255,2
DA:259,1
DA:260,1
DA:261,2
DA:265,1
DA:266,1
DA:268,1
DA:269,2
DA:274,1
DA:275,3
DA:276,0
DA:281,0
DA:282,0
DA:286,0
DA:289,0
DA:292,1
DA:293,1
DA:294,2
DA:296,0
DA:301,1
DA:302,2
DA:303,1
DA:304,1
DA:305,2
DA:306,1
DA:311,0
DA:312,0
DA:313,0
DA:318,0
DA:319,0
DA:320,0
DA:325,0
DA:326,0
DA:331,0
DA:333,0
DA:334,0
DA:336,0
DA:338,0
DA:340,0
DA:342,0
DA:344,0
DA:346,0
DA:347,0
DA:350,0
DA:352,0
DA:354,0
DA:356,0
DA:359,0
DA:360,0
DA:363,0
DA:365,0
DA:366,0
DA:368,0
DA:369,0
DA:375,2
DA:378,0
DA:379,0
DA:380,0
DA:385,0
DA:386,0
DA:387,0
DA:388,0
DA:390,0
DA:404,0
DA:405,0
DA:406,0
DA:418,0
DA:419,0
DA:420,0
DA:422,0
DA:423,0
DA:424,0
DA:425,0
DA:426,0
DA:427,0
DA:429,0
DA:430,0
DA:432,0
DA:438,0
DA:439,0
DA:441,0
DA:446,1
DA:447,1
DA:448,1
DA:451,1
DA:453,2
DA:456,1
DA:459,2
DA:460,3
DA:461,3
DA:464,1
DA:468,0
DA:469,0
DA:470,0
DA:471,0
DA:478,0
DA:480,0
DA:481,0
DA:482,0
DA:483,0
DA:485,0
DA:486,0
DA:488,0
DA:494,0
DA:495,0
DA:498,0
DA:499,0
DA:501,0
DA:504,0
DA:505,0
DA:507,0
DA:513,1
DA:514,1
DA:516,1
DA:520,2
DA:524,0
DA:526,0
DA:529,0
DA:530,0
DA:533,0
DA:540,0
DA:543,0
DA:544,0
DA:545,0
DA:546,0
DA:548,0
LF:213
LH:78
end_of_record
SF:lib/helpers/list_helper.dart
DA:29,1
DA:35,1
DA:36,0
DA:40,3
DA:43,1
DA:46,2
DA:47,3
DA:57,0
DA:58,0
DA:59,0
DA:61,0
DA:62,0
DA:69,0
DA:70,0
DA:71,0
DA:73,0
DA:74,0
DA:78,0
DA:79,0
DA:80,0
DA:83,0
DA:87,0
DA:93,0
DA:94,0
DA:100,0
DA:105,0
DA:108,0
DA:109,0
DA:110,0
DA:119,0
DA:130,0
DA:135,0
DA:141,0
DA:143,0
DA:151,0
DA:153,0
DA:155,0
DA:161,0
DA:166,0
DA:172,0
DA:177,0
DA:180,0
DA:181,0
DA:183,0
DA:185,0
DA:191,0
DA:196,0
DA:201,0
DA:204,0
DA:205,0
DA:207,0
DA:208,0
DA:213,0
DA:219,0
DA:224,0
DA:227,0
DA:228,0
DA:230,0
DA:231,0
DA:235,0
DA:236,0
DA:242,0
DA:243,0
DA:244,0
DA:245,0
DA:247,0
DA:254,0
DA:255,0
DA:256,0
DA:267,0
DA:268,0
DA:269,0
DA:278,0
DA:279,0
DA:280,0
DA:281,0
DA:283,0
LF:77
LH:6
end_of_record
SF:lib/files/import_files.dart
DA:20,0
DA:21,0
DA:23,0
DA:28,0
DA:30,0
DA:31,0
DA:33,0
DA:34,0
DA:35,0
DA:37,0
DA:39,0
DA:42,0
DA:43,0
DA:48,0
DA:55,0
DA:57,0
DA:59,0
DA:60,0
DA:62,0
DA:63,0
DA:68,0
DA:69,0
DA:70,0
DA:74,0
DA:75,0
DA:76,0
DA:77,0
DA:79,0
DA:80,0
DA:83,0
DA:107,0
DA:108,0
DA:109,0
DA:111,0
DA:116,0
DA:129,0
DA:130,0
DA:131,0
DA:132,0
DA:134,0
DA:135,0
DA:137,0
DA:138,0
DA:141,0
DA:144,0
DA:145,0
DA:146,0
DA:147,0
DA:153,0
DA:155,0
DA:159,0
DA:176,0
DA:181,0
DA:185,0
DA:187,0
DA:189,0
DA:192,0
DA:194,0
DA:196,0
DA:201,0
DA:202,0
DA:207,0
DA:209,0
DA:210,0
DA:211,0
DA:220,0
DA:222,0
DA:223,0
DA:224,0
DA:234,0
DA:253,0
DA:254,0
DA:263,0
DA:270,0
DA:272,0
DA:273,0
DA:274,0
DA:275,0
DA:276,0
DA:281,0
DA:282,0
DA:283,0
DA:284,0
DA:294,0
DA:301,0
DA:303,0
DA:306,0
DA:307,0
DA:308,0
DA:309,0
DA:319,0
DA:325,0
DA:340,0
DA:341,0
DA:343,0
DA:344,0
DA:346,0
DA:347,0
DA:348,0
DA:349,0
DA:353,0
DA:354,0
DA:355,0
DA:364,0
LF:104
LH:0
end_of_record
SF:lib/helpers/image_helper.dart
DA:16,1
DA:17,1
DA:19,0
DA:22,2
DA:23,1
DA:24,1
DA:25,1
DA:28,2
DA:29,2
DA:30,1
DA:31,11
DA:32,3
DA:37,1
DA:38,1
DA:39,1
DA:43,2
DA:44,1
DA:45,4
DA:49,1
DA:50,4
DA:53,2
DA:58,1
DA:64,0
DA:66,0
DA:67,0
DA:69,0
DA:73,1
DA:74,1
DA:75,2
DA:81,0
DA:82,0
DA:83,0
DA:89,0
DA:90,0
DA:91,0
DA:93,0
DA:94,0
DA:95,0
DA:96,0
DA:97,0
DA:98,0
DA:99,0
DA:100,0
DA:101,0
DA:102,0
DA:103,0
DA:104,0
DA:105,0
DA:106,0
DA:110,0
DA:120,0
DA:125,0
DA:126,0
DA:131,0
DA:132,0
DA:135,0
DA:139,0
DA:140,0
DA:141,0
DA:142,0
DA:146,0
DA:147,0
DA:149,0
DA:150,0
DA:151,0
DA:152,0
DA:161,0
DA:162,0
DA:165,0
DA:167,0
DA:176,0
DA:177,0
DA:184,1
DA:185,1
DA:186,1
DA:187,1
DA:188,1
DA:189,1
DA:191,1
DA:193,5
DA:194,3
DA:198,1
DA:199,5
DA:205,0
DA:206,0
DA:207,0
DA:209,0
DA:210,0
DA:211,0
DA:212,0
DA:213,0
DA:216,0
DA:218,0
DA:220,0
DA:221,0
DA:228,1
DA:236,1
DA:237,2
DA:238,3
DA:242,0
DA:243,0
DA:244,0
LF:102
LH:39
end_of_record
SF:lib/providers/shell_provider.dart
DA:34,1
DA:37,1
DA:43,0
DA:44,0
DA:64,2
DA:67,0
DA:68,0
DA:69,0
DA:77,2
DA:80,0
DA:81,0
DA:82,0
LF:12
LH:4
end_of_record
SF:lib/files/save.dart
DA:12,0
DA:18,0
DA:19,0
DA:20,0
DA:24,0
DA:27,0
DA:28,0
DA:31,0
DA:33,0
DA:43,0
DA:47,0
DA:48,0
DA:51,0
DA:52,0
DA:54,0
DA:55,0
DA:56,0
DA:58,0
DA:59,0
DA:61,0
DA:62,0
DA:63,0
DA:67,0
DA:68,0
LF:24
LH:0
end_of_record
SF:lib/floating_buttons.dart
DA:14,1
DA:19,1
DA:21,2
DA:22,0
DA:23,0
DA:27,1
DA:29,2
DA:30,0
DA:31,0
DA:35,1
DA:36,0
DA:40,0
DA:41,0
DA:42,0
DA:47,0
DA:48,0
DA:50,0
DA:52,0
DA:53,0
DA:55,0
DA:57,0
DA:58,0
DA:61,0
DA:62,0
DA:63,0
DA:68,0
DA:69,0
DA:70,0
DA:71,0
DA:73,0
DA:74,0
DA:81,1
DA:84,1
DA:89,1
DA:90,1
DA:91,0
DA:92,0
DA:93,0
DA:95,0
DA:102,1
DA:103,1
DA:104,1
DA:105,1
DA:106,1
DA:108,2
DA:109,1
DA:112,1
DA:113,13
DA:124,1
DA:125,1
DA:126,1
DA:127,1
DA:128,1
DA:130,1
DA:137,1
DA:138,1
DA:139,0
DA:140,0
DA:141,0
DA:156,1
DA:164,1
DA:170,1
DA:171,3
DA:173,1
LF:64
LH:32
end_of_record
SF:lib/widgets/color_selector.dart
DA:9,1
DA:21,1
DA:22,1
DA:35,1
DA:37,1
DA:38,1
DA:41,1
DA:43,1
DA:44,1
DA:47,1
DA:51,2
DA:52,0
DA:54,1
DA:55,1
DA:56,1
DA:57,1
DA:62,1
DA:64,1
DA:65,1
DA:66,1
DA:69,1
DA:70,1
DA:72,1
DA:73,1
DA:74,1
DA:75,1
DA:78,1
DA:79,3
DA:80,0
DA:81,0
DA:82,0
DA:83,0
DA:84,0
DA:86,0
DA:92,1
DA:94,1
DA:95,2
DA:96,1
DA:97,1
DA:101,4
DA:102,0
DA:103,0
DA:104,0
DA:105,0
DA:111,1
DA:113,1
DA:115,1
DA:117,1
DA:118,1
DA:119,1
DA:120,1
DA:122,1
DA:123,1
DA:127,4
DA:128,0
DA:129,0
DA:130,0
DA:131,0
DA:132,0
DA:149,1
DA:150,3
DA:153,2
DA:154,2
DA:155,4
DA:161,1
DA:175,1
DA:177,2
DA:180,1
DA:181,3
DA:182,1
DA:185,1
DA:194,1
DA:199,1
DA:201,1
DA:202,1
DA:203,1
DA:204,3
DA:205,3
DA:206,3
DA:210,3
DA:211,1
DA:214,1
DA:216,3
DA:223,1
DA:231,1
DA:233,1
DA:234,1
DA:235,1
DA:236,3
DA:237,3
DA:241,3
DA:242,1
DA:245,1
DA:247,6
DA:261,1
DA:267,1
DA:269,1
DA:270,1
DA:273,1
DA:274,1
DA:282,1
DA:287,1
DA:288,1
LF:103
LH:87
end_of_record
SF:lib/helpers/draw_path_helper.dart
DA:26,0
DA:31,0
DA:33,0
DA:34,0
DA:37,0
DA:39,0
DA:40,0
DA:41,0
DA:44,0
DA:46,0
DA:47,0
DA:48,0
DA:51,0
DA:53,0
DA:54,0
DA:55,0
DA:58,0
DA:60,0
DA:61,0
DA:62,0
DA:65,0
DA:67,0
DA:68,0
DA:69,0
DA:70,0
DA:71,0
DA:75,0
DA:78,0
DA:80,0
DA:81,0
DA:82,0
DA:83,0
DA:84,0
DA:88,0
DA:91,0
DA:93,0
DA:94,0
DA:95,0
DA:96,0
DA:97,0
DA:101,0
DA:104,0
DA:106,0
DA:107,0
DA:108,0
DA:109,0
DA:110,0
DA:114,0
DA:117,0
DA:123,0
DA:124,0
DA:132,1
DA:145,0
DA:149,2
DA:153,1
DA:155,1
DA:156,2
DA:157,2
LF:58
LH:6
end_of_record
SF:lib/my_window_manager.dart
DA:22,1
DA:23,4
DA:35,1
DA:39,2
DA:42,0
DA:45,0
DA:50,0
DA:52,2
DA:55,2
DA:57,3
DA:59,1
DA:68,0
DA:69,0
DA:70,0
DA:72,0
DA:73,0
DA:74,0
DA:75,0
DA:83,1
DA:84,1
DA:87,1
DA:88,0
DA:89,0
DA:90,0
DA:93,0
DA:94,0
DA:95,0
DA:96,0
DA:98,0
DA:101,1
DA:102,2
DA:107,2
DA:110,2
DA:111,2
DA:122,0
DA:123,0
DA:124,0
DA:126,0
DA:127,0
DA:136,0
DA:138,0
DA:141,0
DA:144,0
LF:43
LH:16
end_of_record
SF:lib/pages/platforms_page.dart
DA:6,1
DA:8,0
DA:10,0
DA:11,0
DA:12,0
DA:13,0
DA:15,0
DA:16,0
DA:17,0
DA:18,0
DA:24,0
DA:30,0
DA:39,0
DA:45,0
DA:54,0
DA:69,0
DA:75,0
DA:78,0
DA:79,0
DA:80,0
DA:82,0
DA:84,0
DA:86,0
DA:87,0
DA:89,0
DA:91,0
DA:92,0
DA:93,0
DA:95,0
LF:29
LH:1
end_of_record
SF:lib/pages/settings_page.dart
DA:7,1
DA:9,0
DA:10,0
DA:14,0
DA:16,0
DA:18,0
DA:19,0
DA:20,0
DA:21,0
DA:23,0
DA:24,0
DA:27,0
DA:28,0
DA:33,0
DA:34,0
DA:35,0
DA:36,0
DA:41,0
DA:42,0
DA:43,0
LF:20
LH:1
end_of_record
SF:lib/providers/undo_provider.dart
DA:10,1
DA:11,1
DA:14,1
DA:15,3
DA:21,0
DA:24,0
DA:30,3
DA:33,0
DA:36,1
DA:37,2
DA:38,2
DA:46,1
DA:51,1
DA:57,1
DA:60,2
DA:62,1
DA:67,1
DA:68,1
DA:72,2
DA:73,2
DA:74,2
DA:75,1
DA:79,0
DA:80,0
DA:84,0
DA:85,0
DA:86,0
DA:87,0
DA:91,0
DA:92,0
DA:93,0
DA:94,0
DA:98,1
DA:99,2
DA:103,1
DA:104,2
DA:108,1
DA:110,2
DA:112,0
DA:118,1
DA:123,1
DA:124,3
DA:125,1
DA:126,1
DA:127,1
DA:131,0
DA:132,0
DA:133,0
DA:141,1
DA:156,1
DA:158,1
LF:51
LH:34
end_of_record
SF:lib/widgets/shortcuts.dart
DA:18,1
DA:24,1
DA:25,1
DA:27,1
DA:32,1
DA:38,1
DA:44,1
DA:52,1
DA:57,1
DA:64,1
DA:69,1
DA:76,1
DA:81,1
DA:88,1
DA:93,1
DA:100,1
DA:106,1
DA:110,1
DA:117,1
DA:124,1
DA:130,1
DA:134,1
DA:139,1
DA:141,1
DA:142,1
DA:143,1
DA:144,0
DA:146,1
DA:147,0
DA:149,1
DA:150,0
DA:152,1
DA:153,0
DA:155,1
DA:156,0
DA:158,1
DA:159,0
DA:160,0
DA:163,0
DA:167,1
DA:168,0
DA:173,1
DA:174,0
DA:175,0
DA:176,0
DA:177,0
DA:180,0
DA:182,0
DA:189,1
DA:190,0
DA:191,0
DA:192,0
DA:199,1
DA:200,0
DA:201,0
DA:202,0
DA:203,0
DA:204,0
DA:205,0
DA:212,1
DA:213,0
DA:214,0
DA:220,1
DA:221,0
DA:222,0
DA:227,1
DA:239,1
DA:245,1
DA:251,1
DA:257,1
DA:263,1
DA:269,1
DA:275,1
DA:281,1
DA:287,1
DA:293,1
DA:299,1
DA:305,1
DA:309,0
DA:310,0
DA:312,0
LF:81
LH:50
end_of_record
SF:lib/panels/side_panel/side_panel.dart
DA:13,1
DA:25,1
DA:26,1
DA:32,1
DA:34,1
DA:36,3
DA:38,3
DA:39,1
DA:42,1
DA:44,1
DA:46,2
DA:48,1
DA:49,2
DA:56,3
DA:59,1
DA:61,1
DA:62,3
DA:65,1
DA:67,1
DA:69,1
DA:70,1
DA:71,1
DA:73,1
DA:75,1
DA:81,1
DA:82,1
DA:90,0
DA:91,0
DA:93,0
LF:29
LH:26
end_of_record
SF:lib/models/canvas_resize.dart
DA:23,0
DA:25,0
DA:27,0
DA:29,0
DA:31,0
DA:33,0
DA:35,0
DA:37,0
DA:39,0
DA:41,0
DA:47,0
DA:52,0
DA:55,0
DA:56,0
DA:57,0
DA:58,0
DA:62,0
DA:63,0
DA:64,0
LF:19
LH:0
end_of_record
SF:lib/models/visible_model.dart
DA:7,0
DA:8,0
LF:2
LH:0
end_of_record
SF:lib/models/render_helper.dart
DA:12,0
DA:18,0
DA:19,0
DA:20,0
DA:21,0
DA:22,0
DA:23,0
DA:24,0
DA:37,0
DA:43,0
DA:44,0
DA:45,0
DA:46,0
DA:47,0
DA:48,0
DA:62,1
DA:70,1
DA:71,1
DA:72,1
DA:73,2
DA:74,1
DA:75,1
DA:76,1
DA:79,1
DA:80,2
DA:81,2
DA:82,1
DA:86,1
DA:87,1
DA:98,1
DA:105,1
DA:106,1
DA:107,1
DA:108,2
DA:109,1
DA:111,3
DA:112,1
DA:113,4
DA:114,4
DA:116,1
DA:117,1
DA:118,2
DA:119,1
DA:120,1
DA:121,1
DA:126,1
DA:130,1
DA:131,1
DA:141,0
DA:147,0
DA:148,0
DA:149,0
DA:150,0
DA:151,0
DA:153,0
DA:154,0
DA:155,0
DA:156,0
DA:158,0
DA:159,0
DA:161,0
DA:162,0
DA:163,0
DA:173,1
DA:180,1
DA:181,1
DA:182,1
DA:183,2
DA:184,1
DA:186,1
DA:187,3
DA:188,3
DA:189,2
DA:190,1
DA:194,1
DA:195,1
DA:205,1
DA:211,1
DA:213,3
DA:215,1
DA:217,1
DA:218,1
DA:225,0
DA:226,0
DA:227,0
DA:228,0
DA:229,0
DA:230,0
DA:238,0
DA:243,0
DA:252,0
DA:258,0
DA:259,0
DA:260,0
DA:270,1
DA:277,1
DA:278,0
DA:282,0
DA:283,0
DA:286,1
DA:297,0
DA:304,0
DA:309,0
DA:317,0
DA:322,0
DA:323,0
DA:325,0
DA:326,0
DA:327,0
DA:328,0
DA:330,0
DA:334,0
DA:344,0
DA:348,0
DA:353,0
DA:354,0
DA:356,0
DA:360,0
DA:361,0
DA:362,0
DA:363,0
DA:364,0
DA:365,0
DA:368,0
DA:370,0
DA:373,0
DA:374,0
DA:376,0
LF:128
LH:55
end_of_record
SF:lib/models/text_object.dart
DA:4,0
DA:21,0
DA:22,0
DA:23,0
DA:26,0
DA:27,0
DA:28,0
DA:29,0
DA:30,0
DA:31,0
DA:32,0
DA:33,0
DA:39,0
DA:41,0
DA:42,0
DA:43,0
DA:44,0
DA:45,0
DA:50,0
DA:51,0
DA:55,0
DA:56,0
DA:57,0
DA:58,0
DA:59,0
LF:25
LH:0
end_of_record
SF:lib/widgets/brush_style_picker.dart
DA:18,1
DA:37,0
DA:41,0
DA:43,0
DA:44,0
DA:49,0
DA:54,0
DA:56,0
DA:57,0
DA:58,0
DA:59,0
DA:60,0
DA:61,0
DA:63,0
DA:64,0
DA:66,0
DA:72,0
DA:74,0
DA:82,1
DA:86,1
DA:87,1
DA:88,2
DA:89,1
DA:90,1
DA:91,2
DA:93,1
DA:94,0
DA:96,0
DA:107,0
DA:112,0
DA:114,0
DA:115,0
DA:117,0
DA:118,0
LF:34
LH:9
end_of_record
SF:lib/models/selector_model.dart
DA:19,0
DA:22,0
DA:24,0
DA:25,0
DA:26,0
DA:27,0
DA:28,0
DA:32,0
DA:33,0
DA:34,0
DA:35,0
DA:40,0
DA:41,0
DA:43,0
DA:47,0
DA:48,0
DA:52,0
DA:56,0
DA:57,0
DA:62,0
DA:63,0
DA:65,0
DA:66,0
DA:67,0
DA:68,0
DA:69,0
DA:71,0
DA:74,0
DA:75,0
DA:76,0
DA:77,0
DA:79,0
DA:82,0
DA:83,0
DA:87,0
DA:93,0
DA:94,0
DA:95,0
DA:96,0
DA:98,0
DA:99,0
DA:101,0
DA:105,0
DA:107,0
DA:108,0
DA:110,0
DA:114,0
DA:115,0
DA:116,0
DA:117,0
DA:118,0
DA:119,0
DA:120,0
DA:122,0
DA:124,0
DA:125,0
DA:126,0
DA:127,0
DA:129,0
DA:133,0
DA:140,0
DA:141,0
DA:145,0
DA:146,0
DA:149,0
DA:150,0
DA:151,0
DA:152,0
DA:155,0
DA:156,0
DA:157,0
DA:158,0
DA:162,0
LF:73
LH:0
end_of_record
SF:lib/models/user_action_drawing.dart
DA:12,1
DA:52,0
DA:54,0
DA:74,1
DA:75,3
DA:78,0
DA:80,0
DA:85,1
DA:90,1
DA:91,1
DA:92,1
DA:93,1
DA:94,1
DA:95,1
DA:96,1
DA:97,1
DA:98,1
DA:99,1
DA:100,1
DA:101,0
DA:102,1
DA:103,1
DA:104,1
DA:105,0
DA:109,1
DA:110,0
DA:111,1
DA:112,0
DA:113,1
DA:114,1
DA:115,1
DA:116,1
DA:121,1
DA:123,1
DA:138,3
DA:140,1
DA:141,1
DA:142,1
DA:145,1
DA:146,1
DA:147,1
DA:148,1
DA:151,1
DA:152,1
DA:153,1
DA:154,1
DA:157,1
DA:158,1
DA:159,1
DA:160,1
DA:161,1
DA:164,1
DA:165,1
DA:166,1
DA:167,1
DA:168,1
DA:171,1
DA:172,1
DA:173,1
DA:176,1
DA:182,1
DA:185,1
DA:186,1
DA:187,1
LF:64
LH:56
end_of_record
SF:lib/widgets/svg_icon.dart
DA:10,1
DA:14,1
DA:18,1
DA:28,0
DA:32,0
LF:5
LH:3
end_of_record
SF:lib/panels/about.dart
DA:11,0
DA:12,0
DA:13,0
DA:15,0
DA:20,0
DA:25,0
DA:27,0
DA:29,0
DA:37,0
LF:9
LH:0
end_of_record
SF:lib/panels/canvas_panel.dart
DA:7,1
DA:9,1
DA:11,1
DA:12,1
DA:14,1
DA:21,1
DA:32,1
DA:34,4
DA:38,1
DA:39,1
DA:41,2
DA:45,4
DA:46,1
DA:47,1
DA:52,0
LF:15
LH:14
end_of_record
SF:lib/widgets/transparent_background.dart
DA:15,1
DA:19,1
DA:20,1
DA:21,1
DA:23,1
DA:24,1
DA:26,1
DA:39,1
DA:44,1
DA:46,1
DA:48,2
DA:56,1
DA:61,1
DA:63,1
DA:64,1
DA:67,1
DA:72,0
DA:80,1
DA:86,4
DA:87,1
DA:88,1
DA:89,1
DA:90,1
DA:91,1
DA:92,1
DA:95,1
DA:96,3
DA:97,1
DA:99,3
DA:100,3
DA:101,5
DA:102,1
DA:103,1
DA:104,2
DA:105,2
DA:109,3
DA:114,1
LF:37
LH:36
end_of_record
SF:lib/panels/canvas_settings.dart
DA:7,0
DA:10,0
DA:23,0
DA:25,0
DA:27,0
DA:28,0
DA:30,0
DA:31,0
DA:36,0
DA:38,0
DA:39,0
DA:41,0
DA:44,0
DA:45,0
DA:47,0
DA:52,0
DA:54,0
DA:55,0
DA:57,0
DA:64,0
DA:65,0
DA:66,0
DA:67,0
DA:71,0
DA:72,0
DA:73,0
DA:78,0
DA:79,0
DA:80,0
DA:82,0
DA:83,0
DA:86,0
DA:87,0
DA:90,0
DA:91,0
DA:92,0
DA:96,0
DA:99,0
DA:101,0
DA:108,0
DA:109,0
DA:110,0
DA:112,0
DA:113,0
DA:114,0
DA:124,0
DA:126,0
DA:128,0
DA:129,0
DA:130,0
DA:131,0
DA:136,0
DA:138,0
DA:139,0
DA:140,0
DA:141,0
DA:142,0
DA:143,0
DA:148,0
DA:149,0
DA:155,0
DA:156,0
DA:157,0
DA:158,0
DA:160,0
DA:161,0
DA:162,0
DA:164,0
DA:165,0
LF:69
LH:0
end_of_record
SF:lib/widgets/nine_grid_selector.dart
DA:11,0
DA:23,0
DA:25,0
DA:28,0
DA:29,0
DA:30,0
DA:32,0
DA:40,0
DA:41,0
DA:42,0
DA:43,0
DA:44,0
DA:45,0
DA:46,0
DA:48,0
DA:49,0
DA:59,0
DA:61,0
DA:63,0
DA:65,0
DA:67,0
DA:69,0
DA:71,0
DA:73,0
DA:75,0
DA:77,0
LF:26
LH:0
end_of_record
SF:lib/panels/layers/blend_mode.dart
DA:15,0
DA:16,0
DA:20,0
DA:24,0
DA:28,0
DA:32,0
DA:36,0
DA:40,0
DA:44,0
DA:48,0
DA:52,0
DA:56,0
DA:60,0
DA:64,0
DA:68,0
DA:72,0
DA:88,0
DA:93,0
DA:95,0
DA:96,0
DA:97,0
DA:98,0
DA:99,0
DA:101,0
DA:102,0
DA:104,0
DA:106,0
DA:108,0
DA:109,0
DA:110,0
DA:112,0
DA:113,0
DA:114,0
DA:115,0
DA:117,0
DA:124,0
DA:137,1
DA:138,1
DA:141,0
LF:39
LH:2
end_of_record
SF:lib/panels/layers/layer_selector.dart
DA:15,1
DA:39,1
DA:41,1
DA:42,1
DA:43,2
DA:44,2
DA:45,1
DA:46,2
DA:47,1
DA:48,3
DA:51,1
DA:53,1
DA:54,0
DA:56,0
DA:57,0
DA:59,1
DA:62,1
DA:63,1
DA:69,0
DA:70,0
DA:71,0
DA:72,0
DA:73,0
DA:74,0
DA:75,0
DA:77,0
DA:81,1
DA:82,3
DA:84,1
DA:85,1
DA:86,2
DA:88,1
DA:95,1
DA:96,1
DA:97,0
DA:100,1
DA:101,1
DA:102,2
DA:103,2
DA:111,1
DA:112,2
DA:117,1
DA:123,1
DA:124,1
DA:125,1
DA:126,1
DA:127,1
DA:128,1
DA:129,2
DA:133,1
DA:142,0
DA:147,0
DA:149,0
DA:151,0
DA:152,0
DA:153,0
DA:154,0
DA:155,0
DA:165,1
DA:171,1
DA:173,1
DA:174,1
DA:177,0
DA:180,1
DA:183,0
DA:186,1
DA:189,3
DA:191,0
DA:193,0
DA:194,0
DA:198,1
DA:199,3
DA:201,0
DA:202,0
DA:204,0
DA:208,2
DA:209,1
DA:211,1
DA:212,2
DA:213,0
DA:214,0
DA:217,0
DA:218,0
DA:219,0
DA:220,0
DA:221,0
DA:232,1
DA:233,1
DA:234,1
DA:235,1
DA:237,2
DA:238,2
DA:240,3
DA:241,0
DA:243,0
DA:245,1
DA:246,1
DA:247,0
DA:248,0
DA:250,1
DA:251,2
DA:252,1
DA:253,1
DA:255,3
DA:260,1
DA:262,1
DA:263,2
DA:264,2
DA:266,0
DA:273,1
DA:274,1
DA:297,1
DA:298,1
DA:300,1
DA:309,1
DA:310,1
DA:312,1
DA:321,1
DA:322,1
DA:333,1
DA:336,1
DA:337,1
DA:338,1
DA:339,2
DA:340,2
DA:343,3
DA:347,1
DA:360,1
DA:377,1
DA:381,1
DA:384,1
DA:385,4
DA:388,1
DA:389,0
DA:392,0
DA:393,0
DA:394,0
DA:395,0
DA:396,0
DA:398,0
DA:399,1
DA:405,1
DA:409,1
DA:410,0
DA:411,0
DA:412,0
DA:414,0
DA:416,0
DA:418,0
DA:422,1
DA:424,1
DA:425,1
DA:426,1
DA:433,1
DA:438,1
DA:439,1
DA:441,0
DA:442,0
DA:444,0
DA:445,0
DA:446,0
DA:449,0
DA:450,0
DA:451,0
DA:453,0
DA:454,0
DA:458,0
DA:459,0
DA:460,0
DA:461,0
DA:464,0
DA:465,0
DA:467,0
DA:468,0
DA:469,0
DA:471,0
DA:472,0
DA:473,0
DA:479,0
DA:480,0
DA:482,0
DA:484,0
DA:486,0
DA:488,0
DA:490,0
DA:492,0
DA:493,0
DA:494,0
DA:500,0
DA:505,0
LF:190
LH:103
end_of_record
SF:lib/widgets/color_preview.dart
DA:14,1
DA:20,1
DA:24,1
DA:26,1
DA:28,1
DA:50,1
DA:78,1
DA:80,1
DA:82,3
DA:84,1
DA:85,1
DA:86,1
DA:87,1
DA:88,1
DA:89,1
DA:92,1
DA:94,1
DA:98,1
DA:99,1
DA:100,1
DA:101,1
DA:102,2
DA:111,1
DA:112,1
DA:113,1
DA:116,1
DA:119,3
LF:27
LH:27
end_of_record
SF:lib/widgets/container_slider.dart
DA:15,1
DA:51,1
DA:52,1
DA:60,1
DA:62,1
DA:63,8
DA:66,1
DA:68,1
DA:69,1
DA:70,1
DA:71,2
DA:72,1
DA:74,1
DA:75,0
DA:77,1
DA:78,0
DA:79,0
DA:82,1
DA:83,0
DA:84,0
DA:89,1
DA:90,1
DA:92,1
DA:94,1
DA:96,1
DA:97,2
DA:98,1
DA:100,1
DA:102,1
DA:103,1
DA:104,1
DA:106,1
DA:107,4
DA:122,0
DA:123,0
DA:124,0
DA:126,0
DA:132,0
DA:135,0
LF:39
LH:28
end_of_record
SF:lib/widgets/truncated_text.dart
DA:14,0
DA:26,0
DA:28,0
DA:30,0
DA:32,0
DA:44,0
DA:45,0
DA:49,0
DA:52,0
DA:53,0
DA:56,0
DA:58,0
LF:12
LH:0
end_of_record
SF:lib/providers/layer_provider.dart
DA:24,1
DA:34,1
DA:35,1
DA:36,1
DA:43,0
DA:46,0
DA:49,0
DA:50,0
DA:58,2
DA:61,1
DA:62,1
DA:63,1
DA:109,2
DA:112,0
DA:113,0
DA:114,0
DA:121,1
DA:122,2
DA:123,1
DA:124,2
DA:126,2
DA:127,6
DA:128,2
DA:135,0
DA:136,0
DA:145,0
DA:146,0
DA:147,0
DA:148,0
DA:149,0
DA:150,0
DA:154,0
DA:163,2
DA:166,0
DA:167,0
DA:168,0
DA:177,2
DA:180,0
DA:181,0
DA:182,0
DA:186,0
DA:189,0
DA:192,0
DA:193,0
DA:194,0
DA:195,0
DA:198,0
DA:202,0
DA:203,0
DA:204,0
DA:205,0
DA:206,0
DA:207,0
DA:211,0
DA:217,0
DA:218,0
DA:220,0
DA:222,0
DA:223,0
DA:224,0
DA:225,0
DA:227,0
DA:230,0
DA:231,0
DA:236,0
DA:237,0
DA:238,0
DA:239,0
DA:240,0
DA:241,0
DA:242,0
DA:243,0
DA:246,0
DA:247,0
DA:249,0
DA:250,0
DA:251,0
DA:252,0
DA:253,0
DA:254,0
DA:255,0
DA:256,0
DA:259,0
DA:260,0
DA:261,0
DA:262,0
DA:263,0
DA:264,0
DA:265,0
DA:267,0
DA:268,0
DA:269,0
DA:271,0
DA:272,0
DA:274,0
DA:275,0
DA:276,0
DA:280,0
DA:281,0
DA:282,0
DA:284,0
DA:285,0
DA:286,0
DA:294,0
DA:295,0
DA:298,0
DA:302,5
DA:305,1
DA:306,2
DA:307,1
DA:308,1
DA:312,0
DA:317,0
DA:319,0
DA:321,0
DA:322,0
DA:323,0
DA:326,0
DA:334,0
DA:340,0
DA:341,0
DA:345,0
DA:346,0
DA:350,1
DA:351,2
DA:352,4
DA:353,1
DA:354,1
DA:359,0
DA:360,0
DA:361,0
DA:362,0
DA:363,0
DA:376,2
DA:379,1
DA:380,1
DA:381,1
DA:382,1
DA:383,1
DA:386,2
DA:387,3
DA:388,3
DA:392,2
DA:393,1
DA:394,2
DA:397,1
DA:400,2
DA:404,1
DA:405,1
DA:406,1
DA:407,3
DA:408,1
DA:409,1
DA:414,1
DA:415,1
DA:416,2
DA:417,2
DA:422,1
DA:423,1
DA:424,1
DA:426,2
DA:427,1
DA:429,1
DA:430,1
DA:434,1
DA:443,0
DA:445,0
DA:448,1
DA:451,0
DA:456,1
DA:458,1
DA:459,5
DA:460,2
DA:462,1
DA:464,3
DA:466,3
DA:470,1
DA:471,1
DA:472,2
DA:473,1
DA:474,6
DA:480,2
DA:481,1
DA:482,1
DA:483,0
DA:485,0
DA:486,0
DA:488,0
DA:489,0
DA:490,0
DA:495,1
DA:496,0
DA:498,0
DA:499,0
DA:501,0
DA:502,0
DA:503,0
DA:508,1
DA:509,1
DA:511,1
DA:512,2
DA:514,2
DA:515,2
DA:516,1
DA:517,1
DA:523,1
DA:524,1
DA:526,1
DA:527,2
DA:529,2
DA:530,2
DA:531,1
DA:532,1
DA:537,1
DA:538,1
DA:540,1
DA:541,2
DA:543,2
DA:544,2
DA:545,1
DA:546,1
DA:551,1
DA:556,1
DA:557,1
DA:559,1
DA:560,2
DA:562,1
DA:563,1
DA:564,1
DA:569,0
DA:570,0
DA:572,0
DA:573,0
DA:575,0
DA:576,0
DA:577,0
DA:582,0
DA:583,0
DA:586,0
DA:587,0
DA:590,0
DA:593,0
DA:594,0
DA:596,0
DA:597,0
DA:599,0
DA:608,1
DA:612,0
DA:617,0
DA:618,0
DA:619,0
DA:621,0
DA:623,0
DA:626,0
DA:627,0
DA:629,0
DA:630,0
DA:631,0
DA:632,0
DA:634,0
DA:637,0
DA:641,0
DA:642,0
DA:645,0
DA:646,0
DA:647,0
DA:648,0
LF:267
LH:110
end_of_record
SF:lib/widgets/image_painter.dart
DA:8,1
DA:13,1
DA:15,1
DA:18,4
DA:19,4
DA:20,1
DA:23,3
DA:24,3
DA:27,3
DA:28,3
DA:30,7
DA:31,1
DA:34,2
DA:37,1
LF:14
LH:14
end_of_record
SF:lib/panels/side_panel/menu.dart
DA:15,1
DA:17,1
DA:19,1
DA:21,1
DA:22,1
DA:24,0
DA:25,0
DA:26,0
DA:28,0
DA:31,0
DA:33,0
DA:36,0
DA:38,0
DA:41,0
DA:43,0
DA:46,0
DA:47,0
DA:49,0
DA:52,0
DA:54,0
DA:57,0
DA:59,0
DA:62,0
DA:64,0
DA:67,0
DA:69,0
DA:78,0
DA:82,0
DA:83,0
DA:86,0
DA:87,0
DA:89,0
DA:90,0
DA:92,0
DA:93,0
DA:95,0
DA:96,0
DA:99,0
DA:101,0
DA:102,0
DA:103,0
DA:104,0
DA:105,0
DA:106,0
DA:107,0
DA:116,0
DA:117,0
DA:120,0
DA:121,0
DA:124,0
DA:125,0
DA:128,0
DA:129,0
DA:132,0
DA:133,0
DA:139,0
DA:145,0
DA:147,0
DA:148,0
DA:149,0
DA:150,0
DA:151,0
LF:62
LH:5
end_of_record
SF:lib/panels/side_panel/top_menu_and_layers_panel.dart
DA:10,1
DA:12,1
DA:14,1
DA:16,1
DA:17,1
DA:19,1
DA:21,1
DA:23,1
DA:28,1
DA:29,1
DA:30,1
DA:32,0
DA:33,0
DA:34,0
DA:36,0
DA:37,0
DA:38,0
DA:39,0
DA:41,1
DA:42,1
DA:43,1
DA:44,2
DA:46,1
DA:47,2
DA:48,0
DA:49,1
DA:52,1
DA:53,2
DA:54,3
LF:29
LH:21
end_of_record
SF:lib/panels/tools/tools_panel.dart
DA:23,1
DA:31,1
DA:33,1
DA:35,1
DA:37,1
DA:38,1
DA:39,1
DA:40,1
DA:42,1
DA:47,1
DA:48,1
DA:50,1
DA:58,1
DA:63,1
DA:64,1
DA:65,1
DA:67,1
DA:68,1
DA:69,1
DA:70,1
DA:71,1
DA:72,1
DA:73,0
DA:74,0
DA:77,0
DA:78,0
DA:82,1
DA:84,0
DA:85,0
DA:86,0
DA:87,0
DA:92,1
DA:94,1
DA:95,1
DA:96,0
DA:103,1
DA:108,1
DA:109,1
DA:110,1
DA:112,1
DA:113,1
DA:114,1
DA:115,1
DA:116,1
DA:117,1
DA:118,1
DA:119,1
DA:122,1
DA:123,2
DA:127,1
DA:129,0
DA:130,0
DA:132,0
DA:133,0
DA:138,1
DA:140,1
DA:141,1
DA:142,0
DA:149,0
DA:154,0
DA:155,0
DA:156,0
DA:164,1
DA:169,1
DA:170,1
DA:171,1
DA:173,1
DA:175,1
DA:176,0
DA:177,0
DA:178,0
DA:182,1
DA:184,1
DA:185,1
DA:186,0
DA:187,0
DA:195,1
DA:201,1
DA:202,1
DA:203,1
DA:204,0
DA:205,0
DA:206,0
DA:208,0
DA:209,0
DA:210,0
DA:211,0
DA:212,0
DA:213,0
DA:221,1
DA:224,1
DA:225,1
DA:227,1
DA:229,1
DA:230,1
DA:232,1
DA:234,1
DA:236,0
DA:237,0
DA:242,1
DA:243,1
DA:245,1
DA:247,1
DA:249,0
DA:250,0
DA:255,1
DA:256,1
DA:258,1
DA:260,1
DA:262,1
DA:263,1
DA:268,1
DA:269,1
DA:271,1
DA:273,1
DA:275,1
DA:276,1
DA:281,1
DA:282,1
DA:284,1
DA:286,1
DA:288,1
DA:289,1
DA:294,1
DA:295,1
DA:296,1
DA:298,1
DA:300,1
DA:302,1
DA:303,1
DA:307,1
DA:308,1
DA:310,1
DA:312,3
DA:314,0
DA:315,0
DA:318,1
DA:319,1
DA:320,1
DA:322,1
DA:324,1
DA:326,0
DA:327,0
DA:332,1
DA:333,1
DA:335,1
DA:337,1
DA:339,0
DA:340,0
DA:348,1
DA:351,1
DA:352,1
DA:353,1
DA:354,1
DA:357,1
DA:358,1
DA:359,1
DA:360,1
DA:362,1
DA:364,1
DA:368,1
DA:369,1
DA:370,1
DA:372,1
DA:374,3
DA:376,1
DA:377,2
DA:378,1
DA:384,1
DA:385,1
DA:386,1
DA:388,1
DA:390,5
DA:392,1
DA:393,2
DA:394,1
DA:395,1
DA:401,1
DA:402,1
DA:403,1
DA:405,1
DA:407,5
DA:409,1
DA:410,2
DA:411,1
DA:412,1
DA:419,1
DA:420,1
DA:421,2
DA:424,1
DA:425,0
DA:431,1
DA:432,0
DA:433,0
DA:434,0
DA:436,0
DA:438,0
DA:442,0
DA:443,0
DA:444,0
DA:446,0
DA:448,0
DA:450,0
DA:451,0
DA:452,0
DA:458,0
DA:459,0
DA:460,0
DA:462,0
DA:464,0
DA:466,0
DA:467,0
DA:468,0
DA:474,0
DA:475,0
DA:476,0
DA:478,0
DA:480,0
DA:482,0
DA:483,0
DA:484,0
DA:490,0
DA:491,0
DA:492,0
DA:494,0
DA:496,0
DA:498,0
DA:499,0
DA:500,0
DA:504,0
DA:509,0
DA:510,0
DA:511,0
DA:513,0
DA:515,0
DA:517,0
DA:518,0
DA:519,0
DA:523,0
DA:524,0
DA:525,0
DA:527,0
DA:529,0
DA:531,0
DA:532,0
DA:533,0
DA:537,0
DA:538,0
DA:539,0
DA:541,0
DA:543,0
DA:545,0
DA:546,0
DA:547,0
DA:551,0
DA:553,0
DA:554,0
DA:555,0
DA:557,0
DA:561,0
DA:562,0
DA:563,0
DA:566,0
DA:567,0
DA:570,0
DA:574,0
DA:575,0
DA:576,0
DA:578,0
DA:582,0
DA:583,0
DA:584,0
DA:588,0
DA:589,0
DA:590,0
DA:591,0
DA:593,0
DA:597,0
DA:598,0
DA:599,0
DA:607,0
DA:608,0
DA:613,2
DA:614,2
DA:618,1
DA:619,1
DA:620,1
DA:622,1
DA:624,1
DA:627,1
DA:628,1
DA:629,1
DA:630,0
DA:631,0
DA:634,0
DA:637,0
DA:638,0
DA:643,1
DA:645,1
DA:648,1
DA:651,0
DA:652,0
DA:660,1
DA:661,1
DA:662,1
DA:663,1
DA:665,1
DA:667,1
DA:668,1
DA:669,1
DA:670,0
DA:671,0
DA:673,0
DA:674,0
DA:678,1
DA:680,1
DA:681,1
DA:682,0
DA:689,1
DA:690,1
DA:694,1
DA:695,1
DA:699,1
DA:700,0
DA:704,1
DA:705,2
DA:709,1
DA:710,1
DA:711,3
DA:712,2
DA:713,2
DA:723,1
LF:332
LH:186
end_of_record
SF:lib/providers/app_preferences.dart
DA:11,2
DA:30,2
DA:33,2
DA:36,2
DA:39,2
DA:42,0
DA:45,1
DA:46,1
DA:47,1
DA:49,1
DA:53,0
DA:56,0
DA:57,0
DA:61,1
DA:62,1
DA:63,2
DA:67,1
DA:68,1
DA:69,3
DA:73,1
DA:74,1
DA:75,3
DA:79,0
DA:82,0
DA:83,0
DA:87,1
DA:88,2
DA:90,3
DA:93,3
DA:96,5
DA:98,5
DA:100,3
LF:32
LH:25
end_of_record
SF:lib/panels/side_panel/side_panel_top_menu.dart
DA:11,1
DA:19,1
DA:21,1
DA:23,1
DA:25,2
DA:26,1
DA:27,1
DA:29,0
DA:31,2
DA:32,1
DA:33,1
DA:35,0
DA:37,2
DA:38,1
DA:39,1
DA:41,0
DA:43,2
DA:44,1
DA:45,1
DA:47,0
DA:48,0
DA:49,0
DA:52,2
DA:53,1
DA:54,1
DA:55,2
DA:58,0
DA:59,0
DA:67,1
DA:72,1
DA:74,1
DA:81,0
DA:86,0
DA:88,0
LF:34
LH:23
end_of_record
SF:lib/panels/tools/flood_fill.dart
DA:26,0
DA:33,0
DA:40,0
DA:42,0
DA:43,0
DA:65,0
DA:71,0
DA:77,0
DA:86,0
DA:94,1
DA:118,1
DA:119,3
DA:139,1
DA:145,1
DA:147,1
DA:152,1
DA:153,1
DA:156,4
DA:161,1
DA:162,1
DA:163,2
DA:164,2
DA:165,2
DA:172,2
DA:176,1
DA:177,2
DA:180,1
DA:183,2
DA:184,2
DA:186,1
DA:187,1
DA:188,1
DA:189,1
DA:192,4
DA:197,2
DA:198,1
DA:203,1
DA:204,1
DA:205,2
DA:206,2
DA:207,2
DA:210,3
DA:211,3
DA:212,3
DA:213,3
DA:218,1
DA:221,4
DA:222,4
DA:225,3
DA:226,3
DA:227,3
DA:228,3
DA:234,1
DA:236,1
DA:239,2
DA:240,5
DA:244,2
DA:245,1
DA:246,5
DA:248,2
DA:249,2
DA:251,3
DA:252,2
DA:254,2
DA:259,0
DA:260,0
DA:261,0
DA:262,0
DA:263,0
DA:273,1
DA:274,1
DA:275,1
DA:276,1
DA:277,3
DA:283,3
DA:287,2
DA:288,5
DA:289,4
DA:308,0
DA:314,0
DA:315,0
DA:318,0
DA:319,0
DA:322,0
DA:323,0
DA:324,0
DA:326,0
DA:327,0
DA:329,0
DA:331,0
DA:342,0
DA:343,0
DA:345,0
DA:346,0
DA:348,0
DA:349,0
DA:351,0
DA:353,0
DA:354,0
DA:355,0
DA:356,0
DA:364,0
DA:365,0
DA:366,0
DA:367,0
DA:368,0
DA:369,0
DA:372,0
DA:374,0
DA:375,0
DA:376,0
DA:379,0
LF:112
LH:64
end_of_record
SF:lib/panels/tools/tool_attributes_widget.dart
DA:5,1
DA:25,1
DA:27,1
DA:28,0
DA:31,0
DA:34,1
DA:35,2
DA:36,1
DA:37,1
DA:38,1
DA:41,1
DA:42,3
DA:43,1
DA:44,1
DA:45,1
LF:15
LH:13
end_of_record
SF:lib/panels/tools/tool_panel_picker.dart
DA:12,1
DA:32,1
DA:34,1
DA:35,1
DA:36,1
DA:37,1
DA:38,1
DA:39,2
LF:8
LH:8
end_of_record
SF:lib/widgets/brush_size_picker.dart
DA:7,1
DA:14,3
DA:16,1
DA:17,1
DA:22,1
DA:24,2
DA:25,2
DA:26,1
DA:29,1
DA:31,1
DA:32,1
DA:33,2
DA:34,2
DA:35,2
DA:36,2
DA:37,1
DA:41,1
DA:43,1
DA:48,0
DA:56,0
DA:58,0
DA:59,0
DA:60,0
DA:61,0
DA:62,0
DA:67,0
DA:68,0
LF:27
LH:18
end_of_record
SF:lib/widgets/text_attributes_widget.dart
DA:10,1
DA:17,0
DA:19,0
DA:21,0
DA:22,0
DA:24,0
DA:25,0
DA:27,0
DA:29,0
DA:30,0
DA:31,0
DA:32,0
DA:33,0
DA:36,0
DA:39,0
DA:40,0
DA:45,0
DA:47,0
DA:49,0
DA:52,0
DA:53,0
DA:57,0
DA:59,0
DA:60,0
DA:62,0
DA:63,0
DA:64,0
DA:65,0
DA:66,0
DA:67,0
DA:70,0
DA:71,0
DA:75,0
DA:77,0
DA:78,0
DA:79,0
DA:87,0
LF:37
LH:1
end_of_record
SF:lib/widgets/tolerance_picker.dart
DA:7,1
DA:11,1
DA:13,1
DA:14,1
DA:19,1
DA:21,1
DA:24,1
DA:26,1
DA:27,2
DA:31,2
DA:32,0
DA:36,1
DA:38,1
DA:43,0
DA:48,0
DA:50,0
DA:51,0
DA:53,0
DA:54,0
DA:55,0
DA:56,0
DA:57,0
LF:22
LH:12
end_of_record
SF:lib/widgets/top_colors.dart
DA:22,1
DA:42,1
DA:44,1
DA:46,2
DA:47,2
DA:48,1
DA:49,1
DA:50,1
DA:51,1
DA:52,1
DA:54,2
DA:55,0
DA:58,1
DA:59,1
DA:60,1
DA:63,0
DA:64,0
DA:67,1
DA:69,1
DA:70,1
DA:71,1
DA:72,1
DA:74,1
DA:75,5
DA:76,1
DA:78,1
DA:82,1
DA:83,1
DA:84,1
DA:85,2
DA:86,1
DA:105,1
DA:106,1
DA:109,2
DA:110,3
DA:111,3
DA:113,3
DA:114,2
DA:118,2
DA:119,2
DA:120,3
DA:121,1
DA:124,3
DA:125,3
DA:126,1
DA:131,2
DA:132,1
DA:133,0
DA:135,0
DA:137,0
DA:139,0
DA:141,0
DA:145,3
LF:53
LH:45
end_of_record
SF:lib/widgets/base_picker.dart
DA:6,1
DA:39,0
DA:46,1
DA:48,1
DA:49,4
DA:52,1
DA:54,1
DA:55,12
DA:56,2
DA:57,4
DA:63,1
DA:65,1
DA:68,1
DA:69,6
DA:70,1
DA:82,2
DA:88,0
DA:89,0
DA:90,0
DA:91,0
DA:93,0
DA:98,0
DA:103,0
DA:105,0
DA:106,0
DA:107,0
DA:108,0
LF:27
LH:15
end_of_record
SF:lib/widgets/color_picker_dialog.dart
DA:14,1
DA:30,1
DA:31,1
DA:38,1
DA:40,1
DA:41,3
DA:42,4
DA:45,1
DA:47,2
DA:48,1
DA:51,1
DA:53,1
DA:54,1
DA:56,1
DA:58,1
DA:60,4
DA:63,1
DA:64,0
DA:65,0
DA:68,0
DA:69,0
DA:71,0
DA:72,0
DA:74,0
DA:77,0
DA:81,1
DA:82,3
DA:84,1
DA:86,1
DA:93,1
DA:94,1
DA:96,1
DA:100,1
DA:103,1
DA:105,1
DA:106,1
DA:109,1
DA:110,1
DA:112,1
DA:113,1
DA:116,0
DA:121,1
DA:122,1
DA:123,1
DA:124,0
DA:125,0
DA:126,0
DA:127,0
DA:135,1
DA:137,1
DA:138,1
DA:146,1
DA:147,0
DA:148,0
DA:149,0
DA:150,0
DA:153,1
DA:156,1
DA:159,1
DA:160,1
DA:171,1
DA:172,1
DA:173,0
DA:174,0
DA:175,0
DA:178,0
DA:179,0
DA:180,0
DA:181,0
DA:188,1
DA:190,1
DA:191,1
DA:193,0
DA:194,0
DA:197,0
DA:198,0
DA:200,0
DA:201,0
DA:202,0
DA:209,1
DA:211,1
DA:212,1
DA:217,1
DA:219,1
DA:220,2
DA:221,1
DA:229,1
DA:231,0
DA:232,0
DA:233,0
DA:234,0
DA:237,0
DA:249,1
DA:251,1
DA:252,1
DA:253,0
DA:256,1
DA:257,1
DA:258,4
DA:259,3
LF:100
LH:63
end_of_record
SF:lib/widgets/draw_rect.dart
DA:11,0
DA:27,0
DA:29,0
DA:30,0
DA:31,0
DA:41,0
DA:52,0
DA:55,0
DA:56,0
DA:57,0
DA:60,0
DA:63,0
DA:64,0
DA:65,0
DA:66,0
DA:68,0
DA:69,0
DA:70,0
DA:71,0
DA:74,0
DA:77,0
DA:81,0
DA:83,0
DA:84,0
DA:88,0
DA:91,0
DA:95,0
DA:97,0
DA:98,0
DA:111,0
DA:118,0
DA:119,0
DA:120,0
DA:121,0
DA:125,0
DA:126,0
DA:127,0
DA:128,0
DA:129,0
DA:130,0
DA:132,0
DA:133,0
DA:134,0
DA:135,0
DA:139,0
DA:142,0
DA:147,0
LF:47
LH:0
end_of_record
SF:lib/widgets/fill_widget.dart
DA:13,1
DA:25,1
DA:26,1
DA:34,1
DA:36,1
DA:39,9
DA:40,5
DA:41,5
DA:42,2
DA:44,3
DA:46,1
DA:47,1
DA:53,1
DA:54,1
DA:55,5
DA:56,5
DA:61,6
DA:62,4
DA:63,1
DA:64,1
DA:65,2
DA:73,4
DA:74,3
DA:76,1
DA:77,1
DA:78,3
DA:79,3
DA:80,1
DA:83,1
DA:86,1
DA:87,1
DA:95,1
DA:101,1
DA:106,2
DA:108,1
DA:109,4
DA:110,4
DA:111,1
DA:113,1
DA:114,2
DA:115,1
DA:116,3
DA:117,3
DA:120,4
DA:121,1
DA:122,2
DA:123,1
DA:126,0
DA:127,0
DA:128,0
DA:131,1
DA:132,2
DA:133,1
DA:136,1
DA:137,1
DA:140,1
DA:141,1
DA:142,2
DA:143,1
DA:144,3
DA:149,1
DA:151,1
DA:152,1
DA:153,1
DA:154,1
DA:155,1
DA:156,1
DA:157,1
DA:159,1
DA:160,1
DA:161,1
DA:162,1
LF:72
LH:69
end_of_record
SF:lib/widgets/marching_ants_path.dart
DA:14,1
DA:30,1
DA:31,1
DA:38,1
DA:40,1
DA:41,2
DA:44,1
DA:47,1
DA:49,2
DA:50,1
DA:53,1
DA:55,1
DA:56,1
DA:57,1
DA:58,1
DA:59,1
DA:60,2
DA:61,2
DA:62,2
DA:63,3
DA:78,1
DA:97,1
DA:100,1
DA:101,1
DA:102,1
DA:104,1
DA:106,1
DA:107,2
DA:111,1
DA:112,1
DA:114,1
DA:117,1
DA:119,3
DA:121,2
DA:122,1
DA:123,1
DA:124,1
DA:127,1
DA:132,1
DA:135,2
DA:136,1
DA:137,1
DA:138,3
DA:140,1
DA:141,1
DA:143,4
DA:146,1
DA:149,1
DA:150,1
DA:151,1
DA:152,1
DA:153,1
DA:154,1
DA:156,1
DA:157,1
DA:158,1
DA:159,1
DA:161,1
DA:162,1
DA:167,1
LF:60
LH:60
end_of_record
SF:lib/widgets/magnifying_eye_dropper.dart
DA:17,0
DA:41,0
DA:42,0
DA:68,0
DA:70,0
DA:73,0
DA:75,0
DA:79,0
DA:81,0
DA:83,0
DA:84,0
DA:85,0
DA:90,0
DA:93,0
DA:94,0
DA:95,0
DA:96,0
DA:97,0
DA:99,0
DA:103,0
DA:104,0
DA:105,0
DA:106,0
DA:108,0
DA:109,0
DA:111,0
DA:112,0
DA:113,0
DA:123,0
DA:124,0
DA:125,0
DA:126,0
DA:128,0
DA:129,0
DA:130,0
DA:131,0
DA:132,0
DA:133,0
DA:135,0
DA:139,0
DA:140,0
DA:151,0
DA:152,0
DA:153,0
DA:154,0
DA:156,0
DA:157,0
DA:159,0
DA:160,0
DA:161,0
DA:173,0
DA:174,0
DA:178,0
DA:180,0
DA:181,0
DA:189,0
DA:194,0
DA:196,0
DA:199,0
DA:206,0
DA:217,0
DA:221,0
DA:222,0
DA:223,0
DA:226,0
DA:229,0
DA:230,0
DA:231,0
DA:235,0
DA:236,0
DA:237,0
DA:238,0
DA:239,0
DA:240,0
DA:241,0
DA:243,0
DA:244,0
DA:245,0
DA:246,0
DA:247,0
DA:248,0
DA:249,0
DA:253,0
LF:83
LH:0
end_of_record
SF:lib/widgets/selector_widget.dart
DA:15,0
DA:39,0
DA:40,0
DA:48,0
DA:50,0
DA:53,0
DA:54,0
DA:56,0
DA:58,0
DA:59,0
DA:60,0
DA:63,0
DA:64,0
DA:66,0
DA:67,0
DA:69,0
DA:70,0
DA:75,0
DA:76,0
DA:78,0
DA:80,0
DA:85,0
DA:86,0
DA:88,0
DA:90,0
DA:95,0
DA:96,0
DA:98,0
DA:100,0
DA:105,0
DA:106,0
DA:108,0
DA:110,0
DA:115,0
DA:116,0
DA:117,0
DA:118,0
DA:121,0
DA:123,0
DA:128,0
DA:129,0
DA:130,0
DA:131,0
DA:134,0
DA:136,0
DA:141,0
DA:142,0
DA:143,0
DA:144,0
DA:147,0
DA:149,0
DA:154,0
DA:155,0
DA:156,0
DA:157,0
DA:160,0
DA:162,0
DA:168,0
DA:169,0
DA:170,0
DA:171,0
DA:180,0
DA:185,0
DA:187,0
DA:188,0
DA:189,0
DA:190,0
DA:191,0
DA:192,0
DA:193,0
DA:195,0
DA:197,0
DA:198,0
DA:200,0
DA:201,0
DA:202,0
DA:203,0
DA:205,0
DA:206,0
DA:208,0
DA:209,0
DA:210,0
DA:211,0
LF:83
LH:0
end_of_record
SF:lib/widgets/text_editor.dart
DA:7,1
DA:9,0
DA:10,0
DA:18,0
DA:20,0
DA:21,0
DA:22,0
DA:25,0
DA:26,0
DA:30,0
DA:36,0
DA:38,0
DA:39,0
DA:41,0
DA:42,0
DA:43,0
DA:46,0
DA:47,0
DA:48,0
DA:49,0
DA:50,0
DA:51,0
DA:53,0
DA:54,0
DA:55,0
DA:56,0
DA:57,0
DA:58,0
DA:60,0
DA:62,0
DA:65,0
DA:67,0
DA:76,0
DA:86,0
DA:87,0
DA:92,0
DA:93,0
DA:101,0
DA:102,0
DA:104,0
DA:105,0
DA:107,0
DA:109,0
DA:110,0
DA:111,0
DA:117,0
DA:118,0
DA:120,0
DA:122,0
DA:123,0
DA:124,0
DA:132,0
DA:135,0
DA:137,0
DA:138,0
DA:140,0
DA:142,0
DA:143,0
DA:147,0
DA:148,0
DA:161,0
DA:162,0
DA:164,0
DA:165,0
DA:166,0
DA:169,0
DA:171,0
DA:172,0
DA:173,0
DA:174,0
DA:177,0
DA:179,0
DA:180,0
DA:181,0
DA:182,0
DA:183,0
DA:184,0
DA:185,0
DA:187,0
DA:189,0
DA:190,0
DA:191,0
LF:82
LH:1
end_of_record
SF:lib/widgets/shortcuts_help.dart
DA:4,1
DA:6,0
DA:8,0
DA:10,0
DA:12,0
DA:13,0
DA:16,0
DA:17,0
DA:19,0
DA:20,0
DA:21,0
DA:22,0
DA:25,0
DA:27,0
DA:28,0
DA:29,0
DA:30,0
DA:31,0
DA:32,0
DA:35,0
DA:37,0
DA:38,0
DA:39,0
DA:40,0
DA:43,0
DA:45,0
DA:46,0
DA:47,0
DA:48,0
DA:49,0
DA:50,0
DA:53,0
DA:55,0
DA:56,0
DA:57,0
DA:60,0
DA:61,0
DA:64,0
DA:73,0
DA:74,0
DA:75,0
DA:82,0
DA:83,0
DA:85,0
DA:86,0
DA:87,0
DA:89,0
DA:90,0
DA:91,0
DA:92,0
DA:94,0
DA:103,0
DA:109,0
DA:110,0
DA:112,0
DA:122,0
DA:126,0
DA:128,0
DA:130,0
DA:131,0
DA:132,0
DA:133,0
DA:140,0
DA:142,0
LF:64
LH:1
end_of_record
