SF:lib/helpers/draw_path_helper.dart
DA:26,1
DA:31,1
DA:33,1
DA:34,1
DA:37,1
DA:39,3
DA:40,7
DA:41,4
DA:44,1
DA:46,3
DA:47,7
DA:48,4
DA:51,1
DA:53,3
DA:54,7
DA:55,4
DA:58,1
DA:60,3
DA:61,7
DA:62,4
DA:65,1
DA:67,4
DA:68,1
DA:69,1
DA:70,5
DA:71,5
DA:75,6
DA:78,1
DA:80,4
DA:81,1
DA:82,1
DA:83,5
DA:84,5
DA:88,6
DA:91,1
DA:93,4
DA:94,1
DA:95,1
DA:96,5
DA:97,5
DA:101,6
DA:104,1
DA:106,4
DA:107,1
DA:108,1
DA:109,5
DA:110,5
DA:114,6
DA:117,0
DA:123,2
DA:124,2
DA:132,1
DA:145,0
DA:149,2
DA:153,1
DA:155,1
DA:156,2
DA:157,2
LF:58
LH:56
end_of_record
SF:lib/models/text_object.dart
DA:4,2
DA:21,1
DA:22,2
DA:23,5
DA:26,1
DA:27,1
DA:28,1
DA:29,1
DA:30,1
DA:31,1
DA:32,1
DA:33,1
DA:39,1
DA:41,1
DA:42,2
DA:43,2
DA:44,1
DA:45,1
DA:50,1
DA:51,2
DA:55,1
DA:56,1
DA:57,1
DA:58,4
DA:59,4
LF:25
LH:25
end_of_record
SF:lib/helpers/color_helper.dart
DA:39,1
DA:41,4
DA:44,3
DA:45,3
DA:48,1
DA:51,4
DA:62,1
DA:63,3
DA:64,3
DA:65,4
DA:68,1
DA:70,4
DA:81,1
DA:82,3
DA:83,4
DA:84,3
DA:87,1
DA:89,4
DA:93,1
DA:95,1
DA:98,1
DA:101,1
DA:104,1
DA:117,1
DA:121,1
DA:122,4
DA:142,0
DA:143,0
DA:148,0
DA:163,1
DA:169,1
DA:170,2
DA:179,1
DA:184,6
DA:185,6
DA:186,6
DA:187,6
DA:189,1
DA:190,1
DA:191,1
DA:192,1
DA:193,1
DA:196,1
DA:200,1
DA:224,1
DA:225,1
DA:226,1
DA:237,1
DA:239,12
DA:240,1
DA:243,2
DA:258,1
DA:259,2
DA:260,2
DA:261,1
DA:263,2
DA:264,3
DA:270,1
DA:272,1
DA:275,1
DA:287,1
DA:288,2
DA:289,1
DA:303,1
DA:305,2
DA:306,2
DA:307,2
DA:310,1
DA:311,2
DA:312,2
DA:313,2
DA:329,6
DA:332,0
DA:333,0
DA:336,0
DA:340,1
DA:341,1
DA:342,7
DA:343,7
DA:344,6
LF:80
LH:74
end_of_record
SF:lib/helpers/image_helper.dart
DA:16,1
DA:17,1
DA:19,0
DA:22,2
DA:23,1
DA:24,1
DA:25,1
DA:28,2
DA:29,2
DA:30,1
DA:31,11
DA:32,3
DA:37,1
DA:38,1
DA:39,1
DA:43,2
DA:44,1
DA:45,4
DA:49,1
DA:50,4
DA:53,2
DA:58,0
DA:64,0
DA:66,0
DA:67,0
DA:69,0
DA:73,2
DA:74,2
DA:75,4
DA:81,1
DA:82,1
DA:83,2
DA:89,3
DA:90,3
DA:91,3
DA:93,9
DA:94,3
DA:95,9
DA:96,3
DA:97,6
DA:98,6
DA:99,3
DA:100,6
DA:101,6
DA:102,6
DA:103,6
DA:104,6
DA:105,6
DA:106,6
DA:110,6
DA:120,1
DA:125,1
DA:126,1
DA:131,1
DA:132,1
DA:135,1
DA:139,0
DA:140,0
DA:141,0
DA:142,0
DA:146,0
DA:147,0
DA:149,0
DA:150,0
DA:151,0
DA:152,0
DA:161,0
DA:162,0
DA:165,0
DA:167,0
DA:176,0
DA:177,0
DA:184,1
DA:185,1
DA:186,1
DA:187,1
DA:188,1
DA:189,1
DA:191,1
DA:193,5
DA:194,3
DA:198,1
DA:199,5
DA:205,1
DA:206,1
DA:207,1
DA:209,1
DA:210,1
DA:211,1
DA:212,1
DA:213,1
DA:216,3
DA:218,2
DA:220,1
DA:221,5
DA:228,7
DA:236,6
DA:237,12
DA:238,18
DA:242,1
DA:243,2
DA:244,1
LF:102
LH:80
end_of_record
SF:lib/helpers/list_helper.dart
DA:29,2
DA:35,2
DA:36,1
DA:40,6
DA:43,2
DA:46,4
DA:47,6
DA:57,1
DA:58,1
DA:59,1
DA:61,2
DA:62,3
DA:69,3
DA:70,1
DA:71,1
DA:73,1
DA:74,1
DA:78,3
DA:79,1
DA:80,1
DA:83,1
DA:87,1
DA:93,1
DA:94,3
DA:100,1
DA:105,2
DA:108,1
DA:109,3
DA:110,1
DA:119,1
DA:130,1
DA:135,1
DA:141,1
DA:143,1
DA:151,1
DA:153,1
DA:155,1
DA:161,1
DA:166,1
DA:172,1
DA:177,6
DA:180,1
DA:181,3
DA:183,1
DA:185,3
DA:191,1
DA:196,1
DA:201,7
DA:204,1
DA:205,5
DA:207,1
DA:208,3
DA:213,1
DA:219,1
DA:224,10
DA:227,1
DA:228,8
DA:230,1
DA:231,4
DA:235,1
DA:236,6
DA:242,1
DA:243,1
DA:244,1
DA:245,1
DA:247,3
DA:254,2
DA:255,4
DA:256,2
DA:267,1
DA:268,2
DA:269,1
DA:278,1
DA:279,1
DA:280,2
DA:281,3
DA:283,1
LF:77
LH:77
end_of_record
SF:lib/models/canvas_resize.dart
DA:23,2
DA:25,2
DA:27,2
DA:29,2
DA:31,2
DA:33,2
DA:35,2
DA:37,2
DA:39,2
DA:41,2
DA:47,2
DA:52,2
DA:55,2
DA:56,8
DA:57,8
DA:58,2
DA:62,10
DA:63,10
DA:64,2
LF:19
LH:19
end_of_record
SF:lib/models/fill_model.dart
DA:17,0
DA:20,0
DA:21,0
DA:22,0
DA:23,0
DA:30,0
DA:32,0
DA:33,0
DA:37,0
DA:38,0
DA:42,0
DA:43,0
DA:45,0
DA:46,0
DA:47,0
DA:48,0
DA:50,0
DA:51,0
DA:52,0
DA:58,0
LF:20
LH:0
end_of_record
SF:lib/models/visible_model.dart
DA:7,1
DA:8,1
LF:2
LH:2
end_of_record
SF:lib/models/render_helper.dart
DA:12,0
DA:18,0
DA:19,0
DA:20,0
DA:21,0
DA:22,0
DA:23,0
DA:24,0
DA:37,0
DA:43,0
DA:44,0
DA:45,0
DA:46,0
DA:47,0
DA:48,0
DA:62,0
DA:70,0
DA:71,0
DA:72,0
DA:73,0
DA:74,0
DA:75,0
DA:76,0
DA:79,0
DA:80,0
DA:81,0
DA:82,0
DA:86,0
DA:87,0
DA:98,0
DA:105,0
DA:106,0
DA:107,0
DA:108,0
DA:109,0
DA:111,0
DA:112,0
DA:113,0
DA:114,0
DA:116,0
DA:117,0
DA:118,0
DA:119,0
DA:120,0
DA:121,0
DA:126,0
DA:130,0
DA:131,0
DA:141,1
DA:147,1
DA:148,1
DA:149,1
DA:150,1
DA:151,2
DA:153,1
DA:154,1
DA:155,2
DA:156,2
DA:158,2
DA:159,3
DA:161,1
DA:162,2
DA:163,3
DA:173,0
DA:180,0
DA:181,0
DA:182,0
DA:183,0
DA:184,0
DA:186,0
DA:187,0
DA:188,0
DA:189,0
DA:190,0
DA:194,0
DA:195,0
DA:205,0
DA:211,0
DA:213,0
DA:215,0
DA:217,0
DA:218,0
DA:225,0
DA:226,0
DA:227,0
DA:228,0
DA:229,0
DA:230,0
DA:238,0
DA:243,0
DA:252,0
DA:258,0
DA:259,0
DA:260,0
DA:270,1
DA:277,1
DA:278,0
DA:282,0
DA:283,0
DA:286,1
DA:297,0
DA:304,0
DA:309,0
DA:317,0
DA:322,0
DA:323,0
DA:325,0
DA:326,0
DA:327,0
DA:328,0
DA:330,0
DA:334,0
DA:344,0
DA:348,0
DA:353,0
DA:354,0
DA:356,0
DA:360,0
DA:361,0
DA:362,0
DA:363,0
DA:364,0
DA:365,0
DA:368,0
DA:370,0
DA:373,0
DA:374,0
DA:376,0
LF:128
LH:18
end_of_record
SF:lib/widgets/brush_style_picker.dart
DA:18,4
DA:37,0
DA:41,0
DA:43,0
DA:44,0
DA:49,0
DA:54,0
DA:56,0
DA:57,0
DA:58,0
DA:59,0
DA:60,0
DA:61,0
DA:63,0
DA:64,0
DA:66,0
DA:72,0
DA:74,0
DA:82,0
DA:86,0
DA:87,0
DA:88,0
DA:89,0
DA:90,0
DA:91,0
DA:93,0
DA:94,0
DA:96,0
DA:107,0
DA:112,0
DA:114,0
DA:115,0
DA:117,0
DA:118,0
LF:34
LH:1
end_of_record
SF:lib/models/selector_model.dart
DA:19,0
DA:22,0
DA:24,0
DA:25,0
DA:26,0
DA:27,0
DA:28,0
DA:32,0
DA:33,0
DA:34,0
DA:35,0
DA:40,0
DA:41,0
DA:43,0
DA:47,0
DA:48,0
DA:52,0
DA:56,0
DA:57,0
DA:62,0
DA:63,0
DA:65,0
DA:66,0
DA:67,0
DA:68,0
DA:69,0
DA:71,0
DA:74,0
DA:75,0
DA:76,0
DA:77,0
DA:79,0
DA:82,0
DA:83,0
DA:87,0
DA:93,0
DA:94,0
DA:95,0
DA:96,0
DA:98,0
DA:99,0
DA:101,0
DA:105,0
DA:107,0
DA:108,0
DA:110,0
DA:114,0
DA:115,0
DA:116,0
DA:117,0
DA:118,0
DA:119,0
DA:120,0
DA:122,0
DA:124,0
DA:125,0
DA:126,0
DA:127,0
DA:129,0
DA:133,0
DA:140,0
DA:141,0
DA:145,0
DA:146,0
DA:149,0
DA:150,0
DA:151,0
DA:152,0
DA:155,0
DA:156,0
DA:157,0
DA:158,0
DA:162,0
LF:73
LH:0
end_of_record
SF:lib/models/user_action_drawing.dart
DA:12,6
DA:52,1
DA:54,2
DA:74,1
DA:75,3
DA:78,1
DA:80,1
DA:85,1
DA:90,1
DA:91,1
DA:92,1
DA:93,1
DA:94,1
DA:95,0
DA:96,1
DA:97,0
DA:98,1
DA:99,0
DA:100,1
DA:101,0
DA:102,1
DA:103,0
DA:104,1
DA:105,1
DA:109,1
DA:110,0
DA:111,1
DA:112,0
DA:113,1
DA:114,1
DA:115,0
DA:116,0
DA:121,1
DA:123,1
DA:138,3
DA:140,1
DA:141,1
DA:142,1
DA:145,1
DA:146,1
DA:147,1
DA:148,1
DA:151,1
DA:152,1
DA:153,1
DA:154,1
DA:157,1
DA:158,1
DA:159,1
DA:160,1
DA:161,1
DA:164,1
DA:165,1
DA:166,1
DA:167,1
DA:168,1
DA:171,1
DA:172,1
DA:173,1
DA:176,1
DA:182,1
DA:185,1
DA:186,1
DA:187,1
LF:64
LH:55
end_of_record
SF:lib/widgets/svg_icon.dart
DA:10,2
DA:14,2
DA:18,2
DA:28,1
DA:32,1
LF:5
LH:5
end_of_record
SF:lib/panels/canvas_panel.dart
DA:7,0
DA:9,0
DA:11,0
DA:12,0
DA:14,0
DA:21,0
DA:32,0
DA:34,0
DA:38,0
DA:39,0
DA:41,0
DA:45,0
DA:46,0
DA:47,0
DA:52,0
LF:15
LH:0
end_of_record
SF:lib/providers/layers_provider.dart
DA:27,5
DA:28,5
DA:31,5
DA:32,5
DA:33,5
DA:35,15
DA:41,0
DA:44,0
DA:47,4
DA:48,4
DA:54,10
DA:57,5
DA:58,5
DA:59,14
DA:60,5
DA:67,0
DA:70,0
DA:77,2
DA:80,1
DA:81,1
DA:82,1
DA:94,4
DA:97,3
DA:98,6
DA:99,0
DA:111,2
DA:114,1
DA:115,1
DA:116,1
DA:120,1
DA:125,1
DA:127,1
DA:128,1
DA:129,3
DA:131,1
DA:133,1
DA:135,1
DA:142,2
DA:143,1
DA:147,1
DA:150,4
DA:152,0
DA:153,0
DA:154,0
DA:155,0
DA:156,0
DA:157,0
DA:159,0
DA:162,1
DA:164,0
DA:166,0
DA:171,0
DA:172,0
DA:173,0
DA:174,0
DA:180,0
DA:181,0
DA:183,0
DA:189,5
DA:190,5
DA:191,5
DA:192,10
DA:199,4
DA:200,8
DA:204,12
DA:207,0
DA:210,0
DA:213,0
DA:218,6
DA:221,4
DA:222,4
DA:223,12
DA:224,4
DA:225,16
DA:226,8
DA:228,4
DA:229,12
DA:230,4
DA:235,9
DA:238,1
DA:239,2
DA:240,1
DA:244,5
DA:245,10
DA:246,5
DA:251,20
DA:254,2
DA:255,4
DA:259,5
DA:260,5
DA:261,10
DA:265,5
DA:266,5
DA:268,5
DA:269,0
DA:274,5
DA:275,15
DA:276,0
DA:281,0
DA:282,0
DA:286,2
DA:289,6
DA:292,2
DA:293,2
DA:294,2
DA:296,4
DA:301,2
DA:302,2
DA:303,2
DA:304,2
DA:305,4
DA:306,2
DA:311,1
DA:312,2
DA:313,3
DA:318,1
DA:319,1
DA:320,2
DA:325,1
DA:326,1
DA:331,1
DA:333,1
DA:334,1
DA:336,1
DA:338,2
DA:340,1
DA:342,1
DA:344,1
DA:346,2
DA:347,1
DA:350,1
DA:352,1
DA:354,0
DA:356,0
DA:359,0
DA:360,0
DA:363,0
DA:365,0
DA:366,0
DA:368,0
DA:369,0
DA:375,4
DA:378,1
DA:379,2
DA:380,1
DA:385,0
DA:386,0
DA:387,0
DA:388,0
DA:390,0
DA:404,0
DA:405,0
DA:406,0
DA:418,0
DA:419,0
DA:420,0
DA:422,0
DA:423,0
DA:424,0
DA:425,0
DA:426,0
DA:427,0
DA:429,0
DA:430,0
DA:432,0
DA:438,0
DA:439,0
DA:441,0
DA:446,0
DA:447,0
DA:448,0
DA:451,0
DA:453,0
DA:456,0
DA:459,0
DA:460,0
DA:461,0
DA:464,0
DA:468,0
DA:469,0
DA:470,0
DA:471,0
DA:478,0
DA:480,0
DA:481,0
DA:482,0
DA:483,0
DA:485,0
DA:486,0
DA:488,0
DA:494,0
DA:495,0
DA:498,0
DA:499,0
DA:501,0
DA:504,0
DA:505,0
DA:507,0
DA:513,0
DA:514,0
DA:516,0
DA:520,0
DA:524,0
DA:526,0
DA:529,0
DA:530,0
DA:533,0
DA:540,0
DA:543,0
DA:544,0
DA:545,0
DA:546,0
DA:548,0
LF:213
LH:108
end_of_record
SF:lib/widgets/transparent_background.dart
DA:15,0
DA:19,0
DA:20,0
DA:21,0
DA:23,0
DA:24,0
DA:26,0
DA:39,7
DA:44,1
DA:46,1
DA:48,2
DA:56,1
DA:61,1
DA:63,1
DA:64,1
DA:67,1
DA:72,0
DA:80,1
DA:86,4
DA:87,1
DA:88,1
DA:89,1
DA:90,1
DA:91,1
DA:92,1
DA:95,1
DA:96,3
DA:97,1
DA:99,3
DA:100,3
DA:101,5
DA:102,1
DA:103,1
DA:104,2
DA:105,2
DA:109,3
DA:114,1
LF:37
LH:29
end_of_record
SF:lib/panels/tools/flood_fill.dart
DA:26,1
DA:33,1
DA:40,1
DA:42,3
DA:43,1
DA:65,0
DA:71,0
DA:77,0
DA:86,0
DA:94,1
DA:118,1
DA:119,3
DA:139,1
DA:145,1
DA:147,1
DA:152,1
DA:153,1
DA:156,4
DA:161,1
DA:162,1
DA:163,2
DA:164,2
DA:165,2
DA:172,2
DA:176,1
DA:177,2
DA:180,1
DA:183,2
DA:184,2
DA:186,1
DA:187,1
DA:188,1
DA:189,1
DA:192,4
DA:197,2
DA:198,1
DA:203,1
DA:204,1
DA:205,2
DA:206,2
DA:207,2
DA:210,3
DA:211,3
DA:212,3
DA:213,3
DA:218,1
DA:221,4
DA:222,4
DA:225,3
DA:226,3
DA:227,3
DA:228,3
DA:234,1
DA:236,1
DA:239,2
DA:240,5
DA:244,2
DA:245,1
DA:246,5
DA:248,2
DA:249,2
DA:251,3
DA:252,2
DA:254,2
DA:259,1
DA:260,1
DA:261,1
DA:262,1
DA:263,3
DA:273,1
DA:274,1
DA:275,1
DA:276,1
DA:277,3
DA:283,3
DA:287,2
DA:288,5
DA:289,4
DA:308,1
DA:314,1
DA:315,1
DA:318,1
DA:319,1
DA:322,1
DA:323,1
DA:324,1
DA:326,1
DA:327,1
DA:329,1
DA:331,5
DA:342,0
DA:343,0
DA:345,0
DA:346,0
DA:348,0
DA:349,0
DA:351,0
DA:353,0
DA:354,0
DA:355,0
DA:356,0
DA:364,0
DA:365,0
DA:366,0
DA:367,0
DA:368,0
DA:369,0
DA:372,0
DA:374,0
DA:375,0
DA:376,0
DA:379,0
LF:112
LH:86
end_of_record
SF:lib/providers/app_preferences.dart
DA:11,2
DA:30,0
DA:33,2
DA:36,0
DA:39,0
DA:42,0
DA:45,2
DA:46,2
DA:47,2
DA:49,1
DA:53,0
DA:56,0
DA:57,0
DA:61,0
DA:62,0
DA:63,0
DA:67,0
DA:68,0
DA:69,0
DA:73,0
DA:74,0
DA:75,0
DA:79,0
DA:82,0
DA:83,0
DA:87,2
DA:88,3
DA:90,3
DA:93,3
DA:96,5
DA:98,5
DA:100,3
LF:32
LH:13
end_of_record
SF:lib/providers/app_provider.dart
DA:29,2
DA:30,6
DA:34,6
DA:35,1
DA:36,1
DA:40,0
DA:42,0
DA:50,3
DA:55,0
DA:64,1
DA:67,1
DA:76,2
DA:77,4
DA:79,4
DA:80,4
DA:81,4
DA:82,2
DA:86,0
DA:87,0
DA:91,0
DA:92,0
DA:96,0
DA:102,0
DA:104,0
DA:105,0
DA:109,0
DA:112,0
DA:115,0
DA:117,0
DA:119,0
DA:120,0
DA:123,0
DA:128,0
DA:129,0
DA:130,0
DA:134,0
DA:135,0
DA:136,0
DA:137,0
DA:139,0
DA:140,0
DA:143,0
DA:148,0
DA:149,0
DA:150,0
DA:154,0
DA:155,0
DA:156,0
DA:161,0
DA:163,0
DA:164,0
DA:167,0
DA:170,0
DA:173,0
DA:176,0
DA:177,0
DA:178,0
DA:182,0
DA:186,0
DA:187,0
DA:191,0
DA:192,0
DA:194,0
DA:196,0
DA:197,0
DA:198,0
DA:199,0
DA:204,0
DA:206,0
DA:208,0
DA:211,0
DA:212,0
DA:218,0
DA:221,0
DA:222,0
DA:223,0
DA:230,2
DA:231,2
DA:232,4
DA:233,2
DA:243,1
DA:246,2
DA:247,0
DA:250,2
DA:251,2
DA:252,4
DA:253,4
DA:256,2
DA:260,1
DA:261,2
DA:262,1
DA:266,0
DA:267,0
DA:268,0
DA:272,0
DA:276,0
DA:278,0
DA:279,0
DA:280,0
DA:284,0
DA:293,0
DA:300,0
DA:301,0
DA:302,0
DA:303,0
DA:305,0
DA:307,0
DA:314,0
DA:315,0
DA:316,0
DA:318,0
DA:329,0
DA:330,0
DA:332,0
DA:334,0
DA:336,0
DA:340,0
DA:346,3
DA:349,0
DA:350,0
DA:351,0
DA:359,0
DA:362,0
DA:363,0
DA:364,0
DA:371,0
DA:374,0
DA:375,0
DA:376,0
DA:383,0
DA:386,0
DA:387,0
DA:388,0
DA:396,0
DA:399,0
DA:400,0
DA:401,0
DA:405,1
DA:413,1
DA:414,1
DA:415,1
DA:417,1
DA:419,1
DA:425,0
DA:430,0
DA:431,0
DA:432,0
DA:437,0
DA:438,0
DA:439,0
DA:440,0
DA:441,0
DA:444,0
DA:445,0
DA:446,0
DA:452,0
DA:453,0
DA:455,0
DA:457,0
DA:459,0
DA:460,0
DA:463,0
DA:464,0
DA:465,0
DA:467,0
DA:468,0
DA:474,0
DA:477,0
DA:478,0
DA:479,0
DA:481,0
DA:483,0
DA:485,0
DA:488,0
DA:490,0
DA:492,0
DA:493,0
DA:494,0
DA:495,0
DA:496,0
DA:498,0
DA:501,0
DA:502,0
DA:504,0
DA:505,0
DA:506,0
DA:508,0
DA:509,0
DA:510,0
DA:515,0
DA:516,0
DA:519,0
DA:520,0
DA:521,0
DA:524,0
DA:530,0
DA:531,0
DA:532,0
DA:533,0
DA:534,0
DA:535,0
DA:536,0
DA:543,0
DA:544,0
DA:547,0
DA:549,0
DA:550,0
DA:551,0
DA:577,0
DA:578,0
DA:585,0
DA:586,0
DA:587,0
DA:588,0
DA:589,0
DA:590,0
DA:592,0
DA:594,0
DA:597,0
DA:598,0
DA:603,0
DA:604,0
DA:607,0
DA:608,0
DA:613,0
DA:614,0
DA:615,0
DA:619,0
DA:620,0
DA:621,0
DA:622,0
DA:623,0
DA:624,0
DA:629,0
DA:631,0
DA:632,0
DA:633,0
DA:634,0
DA:640,0
DA:641,0
DA:642,0
DA:643,0
DA:645,0
DA:647,0
DA:648,0
DA:651,0
DA:652,0
DA:653,0
DA:658,0
DA:659,0
DA:661,0
DA:663,0
DA:664,0
DA:665,0
DA:668,0
DA:669,0
DA:675,0
DA:676,0
DA:678,0
DA:679,0
DA:680,0
DA:681,0
DA:682,0
DA:683,0
DA:690,0
DA:691,0
DA:695,0
DA:704,2
DA:705,2
LF:269
LH:37
end_of_record
SF:lib/providers/undo_provider.dart
DA:10,4
DA:11,4
DA:14,4
DA:15,12
DA:21,0
DA:24,0
DA:30,3
DA:33,0
DA:36,3
DA:37,6
DA:38,6
DA:46,3
DA:51,3
DA:57,3
DA:60,6
DA:62,3
DA:67,1
DA:68,1
DA:72,2
DA:73,2
DA:74,2
DA:75,1
DA:79,0
DA:80,0
DA:84,0
DA:85,0
DA:86,0
DA:87,0
DA:91,0
DA:92,0
DA:93,0
DA:94,0
DA:98,0
DA:99,0
DA:103,0
DA:104,0
DA:108,0
DA:110,0
DA:112,0
DA:118,0
DA:123,0
DA:124,0
DA:125,0
DA:126,0
DA:127,0
DA:131,0
DA:132,0
DA:133,0
DA:141,3
DA:156,0
DA:158,0
LF:51
LH:20
end_of_record
SF:lib/providers/layer_provider.dart
DA:24,6
DA:34,6
DA:35,6
DA:36,6
DA:43,0
DA:46,0
DA:49,0
DA:50,0
DA:58,6
DA:61,1
DA:62,1
DA:63,1
DA:109,4
DA:112,2
DA:113,2
DA:114,2
DA:121,1
DA:122,2
DA:123,1
DA:124,2
DA:126,2
DA:127,6
DA:128,2
DA:135,0
DA:136,0
DA:145,0
DA:146,0
DA:147,0
DA:148,0
DA:149,0
DA:150,0
DA:154,0
DA:163,6
DA:166,2
DA:167,2
DA:168,2
DA:177,4
DA:180,1
DA:181,1
DA:182,1
DA:186,6
DA:189,6
DA:192,2
DA:193,4
DA:194,8
DA:195,14
DA:198,2
DA:202,0
DA:203,0
DA:204,0
DA:205,0
DA:206,0
DA:207,0
DA:211,0
DA:217,0
DA:218,0
DA:220,0
DA:222,0
DA:223,0
DA:224,0
DA:225,0
DA:227,0
DA:230,0
DA:231,0
DA:236,0
DA:237,0
DA:238,0
DA:239,0
DA:240,0
DA:241,0
DA:242,0
DA:243,0
DA:246,0
DA:247,0
DA:249,0
DA:250,0
DA:251,0
DA:252,0
DA:253,0
DA:254,0
DA:255,0
DA:256,0
DA:259,0
DA:260,0
DA:261,0
DA:262,0
DA:263,0
DA:264,0
DA:265,0
DA:267,0
DA:268,0
DA:269,0
DA:271,0
DA:272,0
DA:274,0
DA:275,0
DA:276,0
DA:280,0
DA:281,0
DA:282,0
DA:284,0
DA:285,0
DA:286,0
DA:294,0
DA:295,0
DA:298,0
DA:302,10
DA:305,5
DA:306,10
DA:307,5
DA:308,5
DA:312,2
DA:317,2
DA:319,2
DA:321,2
DA:322,8
DA:323,8
DA:326,2
DA:334,2
DA:340,0
DA:341,0
DA:345,1
DA:346,4
DA:350,2
DA:351,4
DA:352,8
DA:353,2
DA:354,2
DA:359,1
DA:360,2
DA:361,4
DA:362,1
DA:363,1
DA:376,2
DA:379,1
DA:380,1
DA:381,1
DA:382,1
DA:383,1
DA:386,2
DA:387,3
DA:388,3
DA:392,2
DA:393,1
DA:394,2
DA:397,1
DA:400,2
DA:404,5
DA:405,5
DA:406,5
DA:407,10
DA:408,0
DA:409,0
DA:414,1
DA:415,1
DA:416,2
DA:417,2
DA:422,2
DA:423,2
DA:424,2
DA:426,4
DA:427,2
DA:429,2
DA:430,2
DA:434,1
DA:443,0
DA:445,0
DA:448,1
DA:451,0
DA:456,2
DA:458,2
DA:459,10
DA:460,4
DA:462,2
DA:464,4
DA:466,3
DA:470,2
DA:471,2
DA:472,4
DA:473,2
DA:474,12
DA:480,3
DA:481,1
DA:482,1
DA:483,0
DA:485,0
DA:486,0
DA:488,0
DA:489,0
DA:490,0
DA:495,1
DA:496,1
DA:498,1
DA:499,2
DA:501,1
DA:502,1
DA:503,1
DA:508,0
DA:509,0
DA:511,0
DA:512,0
DA:514,0
DA:515,0
DA:516,0
DA:517,0
DA:523,0
DA:524,0
DA:526,0
DA:527,0
DA:529,0
DA:530,0
DA:531,0
DA:532,0
DA:537,0
DA:538,0
DA:540,0
DA:541,0
DA:543,0
DA:544,0
DA:545,0
DA:546,0
DA:551,0
DA:556,0
DA:557,0
DA:559,0
DA:560,0
DA:562,0
DA:563,0
DA:564,0
DA:569,0
DA:570,0
DA:572,0
DA:573,0
DA:575,0
DA:576,0
DA:577,0
DA:582,0
DA:583,0
DA:586,0
DA:587,0
DA:590,0
DA:593,0
DA:594,0
DA:596,0
DA:597,0
DA:599,0
DA:608,2
DA:612,0
DA:617,0
DA:618,0
DA:619,0
DA:621,0
DA:623,0
DA:626,0
DA:627,0
DA:629,0
DA:630,0
DA:631,0
DA:632,0
DA:634,0
DA:637,0
DA:641,0
DA:642,0
DA:645,0
DA:646,0
DA:647,0
DA:648,0
LF:267
LH:113
end_of_record
SF:lib/widgets/base_picker.dart
DA:6,2
DA:39,0
DA:46,2
DA:48,2
DA:49,8
DA:52,1
DA:54,1
DA:55,4
DA:56,2
DA:57,4
DA:63,2
DA:65,2
DA:68,2
DA:69,12
DA:70,2
DA:82,4
DA:88,1
DA:89,1
DA:90,2
DA:91,1
DA:93,3
DA:98,0
DA:103,0
DA:105,0
DA:106,0
DA:107,0
DA:108,0
LF:27
LH:20
end_of_record
SF:lib/files/export_download_non_web.dart
DA:28,0
DA:32,0
DA:37,0
DA:40,0
DA:41,0
DA:56,0
DA:61,0
DA:62,0
DA:82,0
DA:86,0
DA:89,0
DA:92,0
DA:107,0
DA:113,0
DA:116,0
DA:117,0
DA:130,0
DA:134,0
DA:137,0
DA:140,0
DA:155,0
DA:160,0
DA:161,0
DA:165,0
DA:169,0
DA:174,0
DA:177,0
DA:178,0
DA:182,0
DA:187,0
DA:188,0
DA:189,0
DA:191,0
DA:192,0
DA:193,0
LF:35
LH:0
end_of_record
SF:lib/files/file_jpeg.dart
DA:12,1
DA:14,1
DA:16,0
DA:20,0
DA:22,0
LF:5
LH:2
end_of_record
SF:lib/files/file_ora.dart
DA:21,1
DA:26,1
DA:27,1
DA:28,2
DA:32,0
DA:34,0
DA:37,2
DA:42,1
DA:48,2
DA:51,2
DA:52,0
DA:53,2
DA:57,0
DA:58,0
DA:63,0
DA:65,2
DA:69,1
DA:74,1
DA:75,2
DA:76,2
DA:77,2
DA:80,1
DA:81,1
DA:84,1
DA:90,1
DA:91,2
DA:92,2
DA:93,1
DA:95,2
DA:96,1
DA:103,1
DA:109,1
DA:110,1
DA:111,1
DA:112,1
DA:114,2
DA:116,1
DA:117,1
DA:118,2
DA:119,2
DA:122,1
DA:124,1
DA:125,1
DA:127,1
DA:128,1
DA:129,1
DA:132,2
DA:133,1
DA:135,1
DA:154,1
DA:156,1
DA:158,1
DA:160,1
DA:162,1
DA:164,1
DA:166,1
DA:168,1
DA:170,1
DA:172,1
DA:174,1
DA:176,1
DA:178,1
DA:193,1
DA:201,6
DA:203,1
DA:204,1
DA:206,1
DA:211,0
DA:214,0
DA:240,1
DA:241,1
DA:242,3
DA:243,1
DA:249,0
DA:253,0
DA:255,0
DA:273,1
DA:274,1
DA:275,1
DA:278,1
DA:279,1
DA:281,1
DA:282,1
DA:287,1
DA:290,3
DA:291,1
DA:292,1
DA:295,2
DA:297,1
DA:299,1
DA:300,1
DA:302,1
DA:303,2
DA:307,2
DA:308,1
DA:309,1
DA:310,1
DA:311,2
DA:319,1
DA:320,1
DA:322,1
DA:323,1
DA:324,1
DA:326,4
DA:328,1
DA:330,4
DA:333,1
DA:335,1
DA:336,1
DA:337,1
DA:339,2
DA:340,1
DA:342,1
DA:344,0
DA:346,0
DA:348,0
DA:350,1
DA:354,1
DA:355,0
DA:357,0
DA:358,0
DA:359,0
DA:364,1
DA:371,2
DA:372,1
DA:373,1
DA:375,1
DA:376,1
DA:381,2
DA:394,1
DA:398,2
DA:399,1
DA:401,1
DA:402,2
DA:403,2
DA:404,2
DA:405,2
DA:406,2
DA:407,2
LF:139
LH:121
end_of_record
SF:lib/files/file_tiff.dart
DA:11,1
DA:12,1
DA:14,0
DA:16,0
DA:17,0
DA:20,0
DA:24,0
DA:25,0
DA:28,0
DA:29,0
DA:30,0
DA:31,0
DA:32,0
DA:33,0
DA:36,0
DA:37,0
DA:39,0
DA:41,0
DA:42,0
DA:43,0
DA:44,0
DA:48,0
DA:49,0
DA:52,0
DA:56,0
DA:59,0
DA:63,0
DA:64,0
DA:66,0
DA:67,0
DA:68,0
DA:71,0
DA:73,0
DA:74,0
DA:79,0
DA:80,0
DA:86,0
DA:88,0
DA:89,0
DA:91,0
DA:97,0
DA:98,0
DA:99,0
DA:102,0
DA:103,0
DA:106,0
DA:110,0
DA:111,0
DA:115,0
DA:116,0
DA:117,0
DA:118,0
DA:120,0
LF:53
LH:2
end_of_record
SF:lib/panels/share_panel.dart
DA:12,0
DA:14,0
DA:16,0
DA:28,0
DA:29,0
DA:30,0
DA:32,0
DA:33,0
DA:34,0
DA:36,0
DA:38,0
DA:39,0
DA:42,0
DA:43,0
DA:44,0
DA:47,0
DA:49,0
DA:50,0
DA:51,0
DA:52,0
DA:55,0
DA:57,0
DA:58,0
DA:59,0
DA:60,0
DA:63,0
DA:65,0
DA:66,0
DA:67,0
DA:68,0
DA:71,0
DA:73,0
DA:74,0
DA:75,0
DA:76,0
DA:95,0
DA:96,0
DA:98,0
DA:99,0
DA:100,0
DA:101,0
DA:114,0
DA:117,0
LF:43
LH:0
end_of_record
SF:lib/files/import_files.dart
DA:20,0
DA:21,0
DA:23,0
DA:28,0
DA:30,0
DA:31,0
DA:33,0
DA:34,0
DA:35,0
DA:37,0
DA:39,0
DA:42,0
DA:43,0
DA:48,0
DA:55,0
DA:57,0
DA:59,0
DA:60,0
DA:62,0
DA:63,0
DA:68,0
DA:69,0
DA:70,0
DA:74,0
DA:75,0
DA:76,0
DA:77,0
DA:79,0
DA:80,0
DA:83,0
DA:107,0
DA:108,0
DA:109,0
DA:111,0
DA:116,0
DA:129,0
DA:130,0
DA:131,0
DA:132,0
DA:134,0
DA:135,0
DA:137,0
DA:138,0
DA:141,0
DA:144,0
DA:145,0
DA:146,0
DA:147,0
DA:153,0
DA:155,0
DA:159,0
DA:176,0
DA:181,0
DA:185,0
DA:187,0
DA:189,0
DA:192,0
DA:194,0
DA:196,0
DA:201,0
DA:202,0
DA:207,0
DA:209,0
DA:210,0
DA:211,0
DA:220,0
DA:222,0
DA:223,0
DA:224,0
DA:234,3
DA:253,1
DA:254,3
DA:263,0
DA:270,0
DA:272,0
DA:273,0
DA:274,0
DA:275,0
DA:276,0
DA:281,0
DA:282,0
DA:283,0
DA:284,0
DA:294,0
DA:301,0
DA:303,0
DA:306,0
DA:307,0
DA:308,0
DA:309,0
DA:319,0
DA:325,0
DA:340,0
DA:341,0
DA:343,0
DA:344,0
DA:346,0
DA:347,0
DA:348,0
DA:349,0
DA:353,0
DA:354,0
DA:355,0
DA:364,0
LF:104
LH:3
end_of_record
SF:lib/providers/shell_provider.dart
DA:34,0
DA:37,0
DA:43,0
DA:44,0
DA:64,0
DA:67,0
DA:68,0
DA:69,0
DA:77,0
DA:80,0
DA:81,0
DA:82,0
LF:12
LH:0
end_of_record
SF:lib/files/save.dart
DA:12,0
DA:18,0
DA:19,0
DA:20,0
DA:24,0
DA:27,0
DA:28,0
DA:31,0
DA:33,0
DA:43,0
DA:47,0
DA:48,0
DA:51,0
DA:52,0
DA:54,0
DA:55,0
DA:56,0
DA:58,0
DA:59,0
DA:61,0
DA:62,0
DA:63,0
DA:67,0
DA:68,0
LF:24
LH:0
end_of_record
SF:lib/floating_buttons.dart
DA:14,0
DA:19,0
DA:21,0
DA:22,0
DA:23,0
DA:27,0
DA:29,0
DA:30,0
DA:31,0
DA:35,0
DA:36,0
DA:40,0
DA:41,0
DA:42,0
DA:47,0
DA:48,0
DA:50,0
DA:52,0
DA:53,0
DA:55,0
DA:57,0
DA:58,0
DA:61,0
DA:62,0
DA:63,0
DA:68,0
DA:69,0
DA:70,0
DA:71,0
DA:73,0
DA:74,0
DA:81,0
DA:84,0
DA:89,0
DA:90,0
DA:91,0
DA:92,0
DA:93,0
DA:95,0
DA:102,0
DA:103,0
DA:104,0
DA:105,0
DA:106,0
DA:108,0
DA:109,0
DA:112,0
DA:113,0
DA:124,0
DA:125,0
DA:126,0
DA:127,0
DA:128,0
DA:130,0
DA:137,0
DA:138,0
DA:139,0
DA:140,0
DA:141,0
DA:156,0
DA:164,0
DA:170,0
DA:171,0
DA:173,0
LF:64
LH:0
end_of_record
SF:lib/models/constants.dart
DA:35,0
DA:36,0
DA:37,0
DA:38,0
DA:41,0
DA:42,0
DA:43,0
DA:44,0
DA:46,0
DA:47,0
DA:48,0
DA:49,0
DA:50,0
DA:51,0
DA:53,0
DA:54,0
DA:55,0
LF:17
LH:0
end_of_record
SF:lib/widgets/color_selector.dart
DA:9,1
DA:21,1
DA:22,1
DA:35,1
DA:37,1
DA:38,1
DA:41,1
DA:43,1
DA:44,1
DA:47,1
DA:51,2
DA:52,0
DA:54,1
DA:55,1
DA:56,1
DA:57,1
DA:62,1
DA:64,1
DA:65,1
DA:66,1
DA:69,1
DA:70,1
DA:72,1
DA:73,1
DA:74,1
DA:75,1
DA:78,1
DA:79,3
DA:80,1
DA:81,2
DA:82,1
DA:83,4
DA:84,0
DA:86,7
DA:92,1
DA:94,1
DA:95,2
DA:96,1
DA:97,1
DA:101,4
DA:102,1
DA:103,2
DA:104,1
DA:105,7
DA:111,1
DA:113,1
DA:115,1
DA:117,1
DA:118,1
DA:119,1
DA:120,1
DA:122,1
DA:123,1
DA:127,4
DA:128,1
DA:129,2
DA:130,1
DA:131,3
DA:132,4
DA:149,1
DA:150,3
DA:153,2
DA:154,2
DA:155,4
DA:161,1
DA:175,1
DA:177,2
DA:180,1
DA:181,3
DA:182,1
DA:185,1
DA:194,1
DA:199,1
DA:201,1
DA:202,1
DA:203,1
DA:204,3
DA:205,3
DA:206,3
DA:210,3
DA:211,1
DA:214,1
DA:216,3
DA:223,1
DA:231,1
DA:233,1
DA:234,1
DA:235,1
DA:236,3
DA:237,3
DA:241,3
DA:242,1
DA:245,1
DA:247,6
DA:261,0
DA:267,0
DA:269,0
DA:270,0
DA:273,0
DA:274,0
DA:282,1
DA:287,1
DA:288,1
LF:103
LH:95
end_of_record
SF:lib/main.dart
DA:19,0
DA:25,0
DA:26,0
DA:28,0
DA:30,0
DA:31,0
DA:32,0
DA:35,0
DA:37,0
DA:38,0
DA:39,0
DA:44,0
DA:45,0
DA:46,0
DA:49,0
DA:50,0
DA:63,0
DA:64,0
DA:65,0
DA:66,0
DA:72,0
DA:77,0
DA:79,0
DA:88,1
DA:105,1
DA:107,1
DA:108,1
DA:110,1
DA:112,3
DA:114,1
DA:115,0
DA:118,1
DA:120,1
DA:121,1
DA:123,2
DA:128,1
DA:132,1
DA:135,1
DA:136,2
DA:138,1
DA:139,1
DA:142,0
DA:143,0
LF:43
LH:17
end_of_record
SF:lib/main_screen.dart
DA:17,7
DA:22,1
DA:24,1
DA:25,1
DA:27,2
DA:36,0
DA:37,0
DA:39,0
DA:41,0
DA:43,0
DA:44,0
DA:45,0
DA:46,0
DA:47,0
DA:49,0
DA:51,0
DA:57,0
DA:59,0
DA:60,0
DA:62,0
DA:63,0
DA:64,0
DA:65,0
DA:69,0
DA:77,0
DA:82,0
DA:86,0
DA:87,0
DA:89,0
DA:95,0
DA:99,0
DA:100,0
DA:102,0
DA:103,0
DA:105,0
DA:106,0
DA:107,0
DA:108,0
DA:109,0
DA:110,0
DA:111,0
DA:112,0
DA:115,0
DA:116,0
DA:126,0
DA:131,0
DA:132,0
DA:134,0
DA:135,0
DA:136,0
DA:137,0
DA:138,0
DA:139,0
DA:141,0
DA:142,0
DA:143,0
DA:145,0
DA:146,0
DA:147,0
DA:149,0
LF:60
LH:5
end_of_record
SF:lib/my_window_manager.dart
DA:20,0
DA:21,0
DA:24,0
DA:28,0
DA:31,0
DA:34,0
DA:39,0
DA:41,0
DA:44,0
DA:46,0
DA:48,0
DA:53,0
DA:54,0
DA:55,0
DA:57,0
DA:58,0
DA:59,0
DA:60,0
DA:63,0
DA:64,0
DA:67,0
DA:68,0
DA:69,0
DA:70,0
DA:73,0
DA:74,0
DA:75,0
DA:76,0
DA:78,0
DA:81,0
DA:82,0
DA:87,0
DA:90,0
DA:91,0
DA:94,0
DA:95,0
DA:96,0
DA:98,0
DA:99,0
DA:104,0
DA:106,0
DA:109,0
DA:112,0
LF:43
LH:0
end_of_record
SF:lib/pages/platforms_page.dart
DA:6,7
DA:8,0
DA:10,0
DA:11,0
DA:12,0
DA:13,0
DA:15,0
DA:16,0
DA:17,0
DA:18,0
DA:24,0
DA:30,0
DA:39,0
DA:45,0
DA:54,0
DA:69,0
DA:75,0
DA:78,0
DA:79,0
DA:80,0
DA:82,0
DA:84,0
DA:86,0
DA:87,0
DA:89,0
DA:91,0
DA:92,0
DA:93,0
DA:95,0
LF:29
LH:1
end_of_record
SF:lib/pages/settings_page.dart
DA:7,7
DA:9,0
DA:10,0
DA:14,0
DA:16,0
DA:18,0
DA:19,0
DA:20,0
DA:21,0
DA:23,0
DA:24,0
DA:27,0
DA:28,0
DA:33,0
DA:34,0
DA:35,0
DA:36,0
DA:41,0
DA:42,0
DA:43,0
LF:20
LH:1
end_of_record
SF:lib/widgets/shortcuts.dart
DA:18,1
DA:24,1
DA:25,1
DA:27,1
DA:32,1
DA:38,1
DA:44,1
DA:52,1
DA:57,1
DA:64,1
DA:69,1
DA:76,1
DA:81,1
DA:88,1
DA:93,1
DA:100,1
DA:106,1
DA:110,1
DA:117,1
DA:124,1
DA:130,1
DA:134,1
DA:139,1
DA:141,1
DA:142,1
DA:143,1
DA:144,0
DA:146,1
DA:147,0
DA:149,1
DA:150,0
DA:152,1
DA:153,0
DA:155,1
DA:156,0
DA:158,1
DA:159,0
DA:160,0
DA:163,0
DA:167,1
DA:168,0
DA:173,1
DA:174,0
DA:175,0
DA:176,0
DA:177,0
DA:180,0
DA:182,0
DA:189,1
DA:190,0
DA:191,0
DA:192,0
DA:199,1
DA:200,0
DA:201,0
DA:202,0
DA:203,0
DA:204,0
DA:205,0
DA:212,1
DA:213,0
DA:214,0
DA:220,1
DA:221,0
DA:222,0
DA:227,1
DA:239,7
DA:245,7
DA:251,7
DA:257,7
DA:263,7
DA:269,7
DA:275,7
DA:281,7
DA:287,7
DA:293,7
DA:299,7
DA:305,7
DA:309,0
DA:310,0
DA:312,0
LF:81
LH:50
end_of_record
SF:lib/panels/side_panel/side_panel.dart
DA:13,0
DA:25,0
DA:26,0
DA:32,0
DA:34,0
DA:36,0
DA:38,0
DA:39,0
DA:42,0
DA:44,0
DA:46,0
DA:48,0
DA:49,0
DA:56,0
DA:59,0
DA:61,0
DA:62,0
DA:65,0
DA:67,0
DA:69,0
DA:70,0
DA:71,0
DA:73,0
DA:75,0
DA:81,0
DA:82,0
DA:90,0
DA:91,0
DA:93,0
LF:29
LH:0
end_of_record
SF:lib/widgets/main_view.dart
DA:23,7
DA:27,0
DA:28,0
DA:46,0
DA:48,0
DA:50,0
DA:51,0
DA:52,0
DA:54,0
DA:58,0
DA:61,0
DA:62,0
DA:63,0
DA:64,0
DA:68,0
DA:69,0
DA:71,0
DA:72,0
DA:75,0
DA:78,0
DA:79,0
DA:82,0
DA:83,0
DA:91,0
DA:101,0
DA:106,0
DA:108,0
DA:111,0
DA:115,0
DA:118,0
DA:119,0
DA:124,0
DA:131,0
DA:133,0
DA:134,0
DA:135,0
DA:137,0
DA:139,0
DA:141,0
DA:143,0
DA:144,0
DA:148,0
DA:153,0
DA:155,0
DA:156,0
DA:157,0
DA:159,0
DA:160,0
DA:166,0
DA:167,0
DA:171,0
DA:176,0
DA:177,0
DA:178,0
DA:179,0
DA:180,0
DA:181,0
DA:182,0
DA:184,0
DA:185,0
DA:189,0
DA:193,0
DA:194,0
DA:195,0
DA:196,0
DA:197,0
DA:198,0
DA:199,0
DA:202,0
DA:205,0
DA:213,0
DA:214,0
DA:215,0
DA:216,0
DA:217,0
DA:218,0
DA:219,0
DA:220,0
DA:221,0
DA:223,0
DA:224,0
DA:225,0
DA:229,0
DA:230,0
DA:231,0
DA:232,0
DA:233,0
DA:234,0
DA:235,0
DA:236,0
DA:237,0
DA:239,0
DA:240,0
DA:241,0
DA:248,0
DA:249,0
DA:250,0
DA:251,0
DA:253,0
DA:254,0
DA:256,0
DA:257,0
DA:258,0
DA:259,0
DA:261,0
DA:262,0
DA:263,0
DA:270,0
DA:271,0
DA:274,0
DA:275,0
DA:276,0
DA:277,0
DA:282,0
DA:291,0
DA:292,0
DA:293,0
DA:294,0
DA:296,0
DA:297,0
DA:298,0
DA:300,0
DA:303,0
DA:304,0
DA:305,0
DA:306,0
DA:307,0
DA:308,0
DA:309,0
DA:310,0
DA:312,0
DA:313,0
DA:314,0
DA:329,0
DA:330,0
DA:331,0
DA:332,0
DA:333,0
DA:334,0
DA:345,0
DA:353,0
DA:354,0
DA:355,0
DA:361,0
DA:363,0
DA:365,0
DA:368,0
DA:371,0
DA:374,0
DA:377,0
DA:378,0
DA:381,0
DA:383,0
DA:391,0
DA:396,0
DA:398,0
DA:399,0
DA:400,0
DA:402,0
DA:404,0
DA:405,0
DA:414,0
DA:421,0
DA:424,0
DA:425,0
DA:426,0
DA:429,0
DA:430,0
DA:431,0
DA:435,0
DA:437,0
DA:438,0
DA:442,0
DA:447,0
DA:449,0
DA:450,0
DA:452,0
DA:453,0
DA:455,0
DA:456,0
DA:459,0
DA:460,0
DA:471,0
DA:475,0
DA:477,0
DA:481,0
DA:482,0
DA:483,0
DA:490,0
DA:491,0
DA:492,0
DA:499,0
DA:502,0
DA:503,0
DA:508,0
DA:512,0
DA:523,0
DA:527,0
DA:528,0
DA:529,0
DA:535,0
DA:536,0
DA:540,0
DA:544,0
DA:545,0
DA:549,0
DA:550,0
DA:555,0
DA:556,0
DA:558,0
DA:559,0
DA:560,0
DA:561,0
DA:564,0
DA:565,0
DA:566,0
DA:567,0
DA:570,0
DA:572,0
DA:573,0
DA:574,0
DA:575,0
DA:578,0
DA:579,0
DA:580,0
DA:581,0
DA:585,0
DA:586,0
DA:592,0
DA:594,0
DA:595,0
DA:596,0
DA:597,0
DA:598,0
DA:599,0
DA:600,0
DA:601,0
DA:603,0
DA:613,0
DA:618,0
DA:619,0
DA:623,0
DA:629,0
DA:635,0
DA:637,0
DA:643,0
DA:644,0
DA:645,0
DA:646,0
DA:651,0
DA:652,0
DA:653,0
DA:654,0
DA:655,0
DA:656,0
DA:657,0
DA:658,0
DA:660,0
DA:662,0
DA:665,0
DA:667,0
DA:676,0
DA:686,0
DA:687,0
DA:692,0
DA:693,0
DA:701,0
DA:702,0
DA:704,0
DA:705,0
DA:707,0
DA:709,0
DA:710,0
DA:711,0
DA:717,0
DA:718,0
DA:720,0
DA:722,0
DA:723,0
DA:724,0
DA:732,0
DA:735,0
DA:737,0
DA:738,0
DA:740,0
DA:742,0
DA:743,0
DA:747,0
DA:748,0
DA:761,0
DA:762,0
DA:764,0
DA:765,0
DA:768,0
DA:770,0
DA:771,0
DA:772,0
DA:773,0
DA:775,0
DA:776,0
DA:777,0
DA:787,0
LF:302
LH:1
end_of_record
SF:lib/panels/about.dart
DA:11,0
DA:12,0
DA:13,0
DA:15,0
DA:20,0
DA:25,0
DA:27,0
DA:29,0
DA:37,0
LF:9
LH:0
end_of_record
SF:lib/panels/canvas_settings.dart
DA:7,0
DA:10,0
DA:23,0
DA:25,0
DA:27,0
DA:28,0
DA:30,0
DA:31,0
DA:36,0
DA:38,0
DA:39,0
DA:41,0
DA:44,0
DA:45,0
DA:47,0
DA:52,0
DA:54,0
DA:55,0
DA:57,0
DA:64,0
DA:65,0
DA:66,0
DA:67,0
DA:71,0
DA:72,0
DA:73,0
DA:78,0
DA:79,0
DA:80,0
DA:82,0
DA:83,0
DA:86,0
DA:87,0
DA:90,0
DA:91,0
DA:92,0
DA:96,0
DA:99,0
DA:101,0
DA:108,0
DA:109,0
DA:110,0
DA:112,0
DA:113,0
DA:114,0
DA:124,0
DA:126,0
DA:128,0
DA:129,0
DA:130,0
DA:131,0
DA:136,0
DA:138,0
DA:139,0
DA:140,0
DA:141,0
DA:142,0
DA:143,0
DA:148,0
DA:149,0
DA:155,0
DA:156,0
DA:157,0
DA:158,0
DA:160,0
DA:161,0
DA:162,0
DA:164,0
DA:165,0
LF:69
LH:0
end_of_record
SF:lib/widgets/nine_grid_selector.dart
DA:11,1
DA:23,1
DA:25,1
DA:28,1
DA:29,1
DA:30,1
DA:32,1
DA:40,1
DA:41,1
DA:42,4
DA:43,1
DA:44,1
DA:45,4
DA:46,1
DA:48,1
DA:49,4
DA:59,1
DA:61,1
DA:63,1
DA:65,1
DA:67,1
DA:69,1
DA:71,1
DA:73,1
DA:75,1
DA:77,1
LF:26
LH:26
end_of_record
SF:lib/panels/layers/blend_mode.dart
DA:3,0
DA:4,0
DA:8,0
DA:12,0
DA:16,0
DA:20,0
DA:24,0
DA:28,0
DA:32,0
DA:36,0
DA:40,0
DA:44,0
DA:48,0
DA:52,0
DA:56,0
DA:60,0
DA:66,0
DA:71,0
DA:73,0
DA:74,0
DA:75,0
DA:76,0
DA:77,0
DA:79,0
DA:80,0
DA:82,0
DA:84,0
DA:86,0
DA:87,0
DA:88,0
DA:90,0
DA:91,0
DA:92,0
DA:93,0
DA:95,0
DA:102,0
DA:107,0
DA:108,0
DA:111,0
LF:39
LH:0
end_of_record
SF:lib/panels/layers/layer_selector.dart
DA:15,0
DA:39,0
DA:41,0
DA:42,0
DA:43,0
DA:44,0
DA:45,0
DA:46,0
DA:47,0
DA:48,0
DA:51,0
DA:53,0
DA:54,0
DA:56,0
DA:57,0
DA:59,0
DA:62,0
DA:63,0
DA:69,0
DA:70,0
DA:71,0
DA:72,0
DA:73,0
DA:74,0
DA:75,0
DA:77,0
DA:81,0
DA:82,0
DA:84,0
DA:85,0
DA:86,0
DA:88,0
DA:95,0
DA:96,0
DA:97,0
DA:100,0
DA:101,0
DA:102,0
DA:103,0
DA:111,0
DA:112,0
DA:117,0
DA:123,0
DA:124,0
DA:125,0
DA:126,0
DA:127,0
DA:128,0
DA:129,0
DA:133,0
DA:142,0
DA:147,0
DA:149,0
DA:151,0
DA:152,0
DA:153,0
DA:154,0
DA:155,0
DA:165,0
DA:171,0
DA:173,0
DA:174,0
DA:177,0
DA:180,0
DA:183,0
DA:186,0
DA:189,0
DA:191,0
DA:193,0
DA:194,0
DA:198,0
DA:199,0
DA:201,0
DA:202,0
DA:204,0
DA:208,0
DA:209,0
DA:211,0
DA:212,0
DA:213,0
DA:214,0
DA:217,0
DA:218,0
DA:219,0
DA:220,0
DA:221,0
DA:232,0
DA:233,0
DA:234,0
DA:235,0
DA:237,0
DA:238,0
DA:240,0
DA:241,0
DA:243,0
DA:245,0
DA:246,0
DA:247,0
DA:248,0
DA:250,0
DA:251,0
DA:252,0
DA:253,0
DA:255,0
DA:260,0
DA:262,0
DA:263,0
DA:264,0
DA:266,0
DA:273,0
DA:274,0
DA:297,0
DA:298,0
DA:300,0
DA:309,0
DA:310,0
DA:312,0
DA:321,0
DA:322,0
DA:333,0
DA:336,0
DA:337,0
DA:338,0
DA:339,0
DA:340,0
DA:343,0
DA:347,0
DA:360,0
DA:377,0
DA:381,0
DA:384,0
DA:385,0
DA:388,0
DA:389,0
DA:392,0
DA:393,0
DA:394,0
DA:395,0
DA:396,0
DA:398,0
DA:399,0
DA:405,0
DA:409,0
DA:410,0
DA:411,0
DA:412,0
DA:414,0
DA:416,0
DA:418,0
DA:422,0
DA:424,0
DA:425,0
DA:426,0
DA:433,0
DA:438,0
DA:439,0
DA:441,0
DA:442,0
DA:444,0
DA:445,0
DA:446,0
DA:449,0
DA:450,0
DA:451,0
DA:453,0
DA:454,0
DA:458,0
DA:459,0
DA:460,0
DA:461,0
DA:464,0
DA:465,0
DA:467,0
DA:468,0
DA:469,0
DA:471,0
DA:472,0
DA:473,0
DA:479,0
DA:480,0
DA:482,0
DA:484,0
DA:486,0
DA:488,0
DA:490,0
DA:492,0
DA:493,0
DA:494,0
DA:500,0
DA:505,0
LF:190
LH:0
end_of_record
SF:lib/panels/layers/layer_thumbnail.dart
DA:8,0
DA:16,0
DA:19,0
DA:20,0
DA:22,0
DA:24,0
DA:25,0
DA:26,0
DA:27,0
DA:28,0
DA:30,0
DA:31,0
DA:32,0
DA:33,0
DA:34,0
DA:35,0
LF:16
LH:0
end_of_record
SF:lib/widgets/color_preview.dart
DA:14,0
DA:20,0
DA:24,0
DA:26,0
DA:28,0
DA:50,0
DA:78,0
DA:80,0
DA:82,0
DA:84,0
DA:85,0
DA:86,0
DA:87,0
DA:88,0
DA:89,0
DA:92,0
DA:94,0
DA:98,0
DA:99,0
DA:100,0
DA:101,0
DA:102,0
DA:111,0
DA:112,0
DA:113,0
DA:116,0
DA:119,0
LF:27
LH:0
end_of_record
SF:lib/widgets/container_slider.dart
DA:15,0
DA:51,0
DA:52,0
DA:60,0
DA:62,0
DA:63,0
DA:66,0
DA:68,0
DA:69,0
DA:70,0
DA:71,0
DA:72,0
DA:74,0
DA:75,0
DA:77,0
DA:78,0
DA:79,0
DA:82,0
DA:83,0
DA:84,0
DA:89,0
DA:90,0
DA:92,0
DA:94,0
DA:96,0
DA:97,0
DA:98,0
DA:100,0
DA:102,0
DA:103,0
DA:104,0
DA:106,0
DA:107,0
DA:122,0
DA:123,0
DA:124,0
DA:126,0
DA:132,0
DA:135,0
LF:39
LH:0
end_of_record
SF:lib/widgets/truncated_text.dart
DA:14,0
DA:26,1
DA:28,2
DA:30,1
DA:32,1
DA:44,1
DA:45,3
DA:49,3
DA:52,1
DA:53,3
DA:56,2
DA:58,1
LF:12
LH:11
end_of_record
SF:lib/widgets/image_painter.dart
DA:8,0
DA:13,0
DA:15,0
DA:18,0
DA:19,0
DA:20,0
DA:23,0
DA:24,0
DA:27,0
DA:28,0
DA:30,0
DA:31,0
DA:34,0
DA:37,0
LF:14
LH:0
end_of_record
SF:lib/panels/side_panel/menu.dart
DA:15,7
DA:17,0
DA:19,0
DA:21,0
DA:22,0
DA:24,0
DA:25,0
DA:26,0
DA:28,0
DA:31,0
DA:33,0
DA:36,0
DA:38,0
DA:41,0
DA:43,0
DA:46,0
DA:47,0
DA:49,0
DA:52,0
DA:54,0
DA:57,0
DA:59,0
DA:62,0
DA:64,0
DA:67,0
DA:69,0
DA:78,0
DA:82,0
DA:83,0
DA:86,0
DA:87,0
DA:89,0
DA:90,0
DA:92,0
DA:93,0
DA:95,0
DA:96,0
DA:99,0
DA:101,0
DA:102,0
DA:103,0
DA:104,0
DA:105,0
DA:106,0
DA:107,0
DA:116,0
DA:117,0
DA:120,0
DA:121,0
DA:124,0
DA:125,0
DA:128,0
DA:129,0
DA:132,0
DA:133,0
DA:139,0
DA:145,0
DA:147,0
DA:148,0
DA:149,0
DA:150,0
DA:151,0
LF:62
LH:1
end_of_record
SF:lib/panels/side_panel/top_menu_and_layers_panel.dart
DA:10,7
DA:12,0
DA:14,0
DA:16,0
DA:17,0
DA:19,0
DA:21,0
DA:23,0
DA:28,0
DA:29,0
DA:30,0
DA:32,0
DA:33,0
DA:34,0
DA:36,0
DA:37,0
DA:38,0
DA:39,0
DA:41,0
DA:42,0
DA:43,0
DA:44,0
DA:46,0
DA:47,0
DA:48,0
DA:49,0
DA:52,0
DA:53,0
DA:54,0
LF:29
LH:1
end_of_record
SF:lib/panels/tools/tools_panel.dart
DA:23,0
DA:31,0
DA:33,0
DA:35,0
DA:37,0
DA:38,0
DA:39,0
DA:40,0
DA:42,0
DA:47,0
DA:48,0
DA:50,0
DA:58,0
DA:63,0
DA:64,0
DA:65,0
DA:67,0
DA:68,0
DA:69,0
DA:70,0
DA:71,0
DA:72,0
DA:73,0
DA:74,0
DA:77,0
DA:78,0
DA:82,0
DA:84,0
DA:85,0
DA:86,0
DA:87,0
DA:92,0
DA:94,0
DA:95,0
DA:96,0
DA:103,0
DA:108,0
DA:109,0
DA:110,0
DA:112,0
DA:113,0
DA:114,0
DA:115,0
DA:116,0
DA:117,0
DA:118,0
DA:119,0
DA:122,0
DA:123,0
DA:127,0
DA:129,0
DA:130,0
DA:132,0
DA:133,0
DA:138,0
DA:140,0
DA:141,0
DA:142,0
DA:149,0
DA:154,0
DA:155,0
DA:156,0
DA:164,0
DA:169,0
DA:170,0
DA:171,0
DA:173,0
DA:175,0
DA:176,0
DA:177,0
DA:178,0
DA:182,0
DA:184,0
DA:185,0
DA:186,0
DA:187,0
DA:195,0
DA:201,0
DA:202,0
DA:203,0
DA:204,0
DA:205,0
DA:206,0
DA:208,0
DA:209,0
DA:210,0
DA:211,0
DA:212,0
DA:213,0
DA:221,0
DA:224,0
DA:225,0
DA:227,0
DA:229,0
DA:230,0
DA:232,0
DA:234,0
DA:236,0
DA:237,0
DA:242,0
DA:243,0
DA:245,0
DA:247,0
DA:249,0
DA:250,0
DA:255,0
DA:256,0
DA:258,0
DA:260,0
DA:262,0
DA:263,0
DA:268,0
DA:269,0
DA:271,0
DA:273,0
DA:275,0
DA:276,0
DA:281,0
DA:282,0
DA:284,0
DA:286,0
DA:288,0
DA:289,0
DA:294,0
DA:295,0
DA:296,0
DA:298,0
DA:300,0
DA:302,0
DA:303,0
DA:307,0
DA:308,0
DA:310,0
DA:312,0
DA:314,0
DA:315,0
DA:318,0
DA:319,0
DA:320,0
DA:322,0
DA:324,0
DA:326,0
DA:327,0
DA:332,0
DA:333,0
DA:335,0
DA:337,0
DA:339,0
DA:340,0
DA:348,0
DA:351,0
DA:352,0
DA:353,0
DA:354,0
DA:357,0
DA:358,0
DA:359,0
DA:360,0
DA:362,0
DA:364,0
DA:368,0
DA:369,0
DA:370,0
DA:372,0
DA:374,0
DA:376,0
DA:377,0
DA:378,0
DA:384,0
DA:385,0
DA:386,0
DA:388,0
DA:390,0
DA:392,0
DA:393,0
DA:394,0
DA:395,0
DA:401,0
DA:402,0
DA:403,0
DA:405,0
DA:407,0
DA:409,0
DA:410,0
DA:411,0
DA:412,0
DA:419,0
DA:420,0
DA:421,0
DA:424,0
DA:425,0
DA:431,0
DA:432,0
DA:433,0
DA:434,0
DA:436,0
DA:438,0
DA:442,0
DA:443,0
DA:444,0
DA:446,0
DA:448,0
DA:450,0
DA:451,0
DA:452,0
DA:458,0
DA:459,0
DA:460,0
DA:462,0
DA:464,0
DA:466,0
DA:467,0
DA:468,0
DA:474,0
DA:475,0
DA:476,0
DA:478,0
DA:480,0
DA:482,0
DA:483,0
DA:484,0
DA:490,0
DA:491,0
DA:492,0
DA:494,0
DA:496,0
DA:498,0
DA:499,0
DA:500,0
DA:504,0
DA:509,0
DA:510,0
DA:511,0
DA:513,0
DA:515,0
DA:517,0
DA:518,0
DA:519,0
DA:523,0
DA:524,0
DA:525,0
DA:527,0
DA:529,0
DA:531,0
DA:532,0
DA:533,0
DA:537,0
DA:538,0
DA:539,0
DA:541,0
DA:543,0
DA:545,0
DA:546,0
DA:547,0
DA:551,0
DA:553,0
DA:554,0
DA:555,0
DA:557,0
DA:561,0
DA:562,0
DA:563,0
DA:566,0
DA:567,0
DA:570,0
DA:574,0
DA:575,0
DA:576,0
DA:578,0
DA:582,0
DA:583,0
DA:584,0
DA:588,0
DA:589,0
DA:590,0
DA:591,0
DA:593,0
DA:597,0
DA:598,0
DA:599,0
DA:607,0
DA:608,0
DA:613,0
DA:614,0
DA:618,0
DA:619,0
DA:620,0
DA:622,0
DA:624,0
DA:627,0
DA:628,0
DA:629,0
DA:630,0
DA:631,0
DA:634,0
DA:637,0
DA:638,0
DA:643,0
DA:645,0
DA:648,0
DA:651,0
DA:652,0
DA:660,0
DA:661,0
DA:662,0
DA:663,0
DA:665,0
DA:667,0
DA:668,0
DA:669,0
DA:670,0
DA:671,0
DA:673,0
DA:674,0
DA:678,0
DA:680,0
DA:681,0
DA:682,0
DA:689,0
DA:690,0
DA:694,0
DA:695,0
DA:699,0
DA:700,0
DA:704,0
DA:705,0
DA:709,0
DA:710,0
DA:711,0
DA:712,0
DA:713,0
DA:723,0
LF:332
LH:0
end_of_record
SF:lib/panels/side_panel/side_panel_top_menu.dart
DA:11,0
DA:19,0
DA:21,0
DA:23,0
DA:25,0
DA:26,0
DA:27,0
DA:29,0
DA:31,0
DA:32,0
DA:33,0
DA:35,0
DA:37,0
DA:38,0
DA:39,0
DA:41,0
DA:43,0
DA:44,0
DA:45,0
DA:47,0
DA:48,0
DA:49,0
DA:52,0
DA:53,0
DA:54,0
DA:55,0
DA:58,0
DA:59,0
DA:67,0
DA:72,0
DA:74,0
DA:81,0
DA:86,0
DA:88,0
LF:34
LH:0
end_of_record
SF:lib/panels/tools/tool_attributes_widget.dart
DA:5,0
DA:25,0
DA:27,0
DA:28,0
DA:31,0
DA:34,0
DA:35,0
DA:36,0
DA:37,0
DA:38,0
DA:41,0
DA:42,0
DA:43,0
DA:44,0
DA:45,0
LF:15
LH:0
end_of_record
SF:lib/panels/tools/tool_panel_picker.dart
DA:12,0
DA:32,0
DA:34,0
DA:35,0
DA:36,0
DA:37,0
DA:38,0
DA:39,0
LF:8
LH:0
end_of_record
SF:lib/widgets/brush_size_picker.dart
DA:7,1
DA:14,3
DA:16,1
DA:17,1
DA:22,1
DA:24,2
DA:25,2
DA:26,1
DA:29,1
DA:31,1
DA:32,1
DA:33,2
DA:34,2
DA:35,2
DA:36,2
DA:37,1
DA:41,1
DA:43,1
DA:48,1
DA:56,1
DA:58,1
DA:59,1
DA:60,2
DA:61,1
DA:62,1
DA:67,1
DA:68,1
LF:27
LH:27
end_of_record
SF:lib/widgets/text_attributes_widget.dart
DA:10,7
DA:17,0
DA:19,0
DA:21,0
DA:22,0
DA:24,0
DA:25,0
DA:27,0
DA:29,0
DA:30,0
DA:31,0
DA:32,0
DA:33,0
DA:36,0
DA:39,0
DA:40,0
DA:45,0
DA:47,0
DA:49,0
DA:52,0
DA:53,0
DA:57,0
DA:59,0
DA:60,0
DA:62,0
DA:63,0
DA:64,0
DA:65,0
DA:66,0
DA:67,0
DA:70,0
DA:71,0
DA:75,0
DA:77,0
DA:78,0
DA:79,0
DA:87,0
LF:37
LH:1
end_of_record
SF:lib/widgets/tolerance_picker.dart
DA:7,1
DA:11,1
DA:13,1
DA:14,1
DA:19,1
DA:21,1
DA:24,1
DA:26,1
DA:27,2
DA:31,2
DA:32,0
DA:36,1
DA:38,1
DA:43,1
DA:48,1
DA:50,1
DA:51,1
DA:53,1
DA:54,1
DA:55,1
DA:56,0
DA:57,0
LF:22
LH:19
end_of_record
SF:lib/widgets/top_colors.dart
DA:22,0
DA:42,0
DA:44,0
DA:46,0
DA:47,0
DA:48,0
DA:49,0
DA:50,0
DA:51,0
DA:52,0
DA:54,0
DA:55,0
DA:58,0
DA:59,0
DA:60,0
DA:63,0
DA:64,0
DA:67,0
DA:69,0
DA:70,0
DA:71,0
DA:72,0
DA:74,0
DA:75,0
DA:76,0
DA:78,0
DA:82,0
DA:83,0
DA:84,0
DA:85,0
DA:86,0
DA:105,0
DA:106,0
DA:109,0
DA:110,0
DA:111,0
DA:113,0
DA:114,0
DA:118,0
DA:119,0
DA:120,0
DA:121,0
DA:124,0
DA:125,0
DA:126,0
DA:131,0
DA:132,0
DA:133,0
DA:135,0
DA:137,0
DA:139,0
DA:141,0
DA:145,0
LF:53
LH:0
end_of_record
SF:lib/widgets/color_picker_dialog.dart
DA:14,0
DA:30,0
DA:31,0
DA:38,0
DA:40,0
DA:41,0
DA:42,0
DA:45,0
DA:47,0
DA:48,0
DA:51,0
DA:53,0
DA:54,0
DA:56,0
DA:58,0
DA:60,0
DA:63,0
DA:64,0
DA:65,0
DA:68,0
DA:69,0
DA:71,0
DA:72,0
DA:74,0
DA:77,0
DA:81,0
DA:82,0
DA:84,0
DA:86,0
DA:93,0
DA:94,0
DA:96,0
DA:100,0
DA:103,0
DA:105,0
DA:106,0
DA:109,0
DA:110,0
DA:112,0
DA:113,0
DA:116,0
DA:121,0
DA:122,0
DA:123,0
DA:124,0
DA:125,0
DA:126,0
DA:127,0
DA:135,0
DA:137,0
DA:138,0
DA:146,0
DA:147,0
DA:148,0
DA:149,0
DA:150,0
DA:153,0
DA:156,0
DA:159,0
DA:160,0
DA:171,0
DA:172,0
DA:173,0
DA:174,0
DA:175,0
DA:178,0
DA:179,0
DA:180,0
DA:181,0
DA:188,0
DA:190,0
DA:191,0
DA:193,0
DA:194,0
DA:197,0
DA:198,0
DA:200,0
DA:201,0
DA:202,0
DA:209,0
DA:211,0
DA:212,0
DA:217,0
DA:219,0
DA:220,0
DA:221,0
DA:229,0
DA:231,0
DA:232,0
DA:233,0
DA:234,0
DA:237,0
DA:249,0
DA:251,0
DA:252,0
DA:253,0
DA:256,0
DA:257,0
DA:258,0
DA:259,0
LF:100
LH:0
end_of_record
SF:lib/widgets/draw_rect.dart
DA:11,1
DA:27,1
DA:29,1
DA:30,3
DA:31,2
DA:41,1
DA:52,1
DA:55,1
DA:56,2
DA:57,1
DA:60,4
DA:63,1
DA:64,1
DA:65,1
DA:66,1
DA:68,1
DA:69,1
DA:70,1
DA:71,1
DA:74,1
DA:77,2
DA:81,1
DA:83,2
DA:84,3
DA:88,1
DA:91,2
DA:95,1
DA:97,2
DA:98,3
DA:111,1
DA:118,3
DA:119,3
DA:120,4
DA:121,3
DA:125,1
DA:126,2
DA:127,4
DA:128,4
DA:129,4
DA:130,4
DA:132,1
DA:133,1
DA:134,1
DA:135,1
DA:139,0
DA:142,1
DA:147,1
LF:47
LH:46
end_of_record
SF:lib/widgets/fill_widget.dart
DA:13,0
DA:25,0
DA:26,0
DA:34,0
DA:36,0
DA:39,0
DA:40,0
DA:41,0
DA:42,0
DA:44,0
DA:46,0
DA:47,0
DA:53,0
DA:54,0
DA:55,0
DA:56,0
DA:61,0
DA:62,0
DA:63,0
DA:64,0
DA:65,0
DA:73,0
DA:74,0
DA:76,0
DA:77,0
DA:78,0
DA:79,0
DA:80,0
DA:83,0
DA:86,0
DA:87,0
DA:95,0
DA:101,0
DA:106,0
DA:108,0
DA:109,0
DA:110,0
DA:111,0
DA:113,0
DA:114,0
DA:115,0
DA:116,0
DA:117,0
DA:120,0
DA:121,0
DA:122,0
DA:123,0
DA:126,0
DA:127,0
DA:128,0
DA:131,0
DA:132,0
DA:133,0
DA:136,0
DA:137,0
DA:140,0
DA:141,0
DA:142,0
DA:143,0
DA:144,0
DA:149,0
DA:151,0
DA:152,0
DA:153,0
DA:154,0
DA:155,0
DA:156,0
DA:157,0
DA:159,0
DA:160,0
DA:161,0
DA:162,0
LF:72
LH:0
end_of_record
SF:lib/widgets/marching_ants_path.dart
DA:14,0
DA:30,0
DA:31,0
DA:38,0
DA:40,0
DA:41,0
DA:44,0
DA:47,0
DA:49,0
DA:50,0
DA:53,0
DA:55,0
DA:56,0
DA:57,0
DA:58,0
DA:59,0
DA:60,0
DA:61,0
DA:62,0
DA:63,0
DA:78,0
DA:97,0
DA:100,0
DA:101,0
DA:102,0
DA:104,0
DA:106,0
DA:107,0
DA:111,0
DA:112,0
DA:114,0
DA:117,0
DA:119,0
DA:121,0
DA:122,0
DA:123,0
DA:124,0
DA:127,0
DA:132,0
DA:135,0
DA:136,0
DA:137,0
DA:138,0
DA:140,0
DA:141,0
DA:143,0
DA:146,0
DA:149,0
DA:150,0
DA:151,0
DA:152,0
DA:153,0
DA:154,0
DA:156,0
DA:157,0
DA:158,0
DA:159,0
DA:161,0
DA:162,0
DA:167,0
LF:60
LH:0
end_of_record
SF:lib/widgets/magnifying_eye_dropper.dart
DA:17,1
DA:41,1
DA:42,1
DA:63,10
DA:68,1
DA:70,1
DA:73,1
DA:75,3
DA:79,1
DA:81,4
DA:83,1
DA:84,4
DA:85,4
DA:90,4
DA:93,1
DA:94,5
DA:95,6
DA:96,1
DA:97,2
DA:99,1
DA:103,1
DA:104,2
DA:105,1
DA:106,1
DA:108,1
DA:109,1
DA:111,1
DA:112,1
DA:113,3
DA:123,1
DA:124,1
DA:125,1
DA:126,1
DA:128,1
DA:129,1
DA:130,1
DA:131,1
DA:132,1
DA:133,1
DA:135,1
DA:139,1
DA:140,1
DA:151,1
DA:152,2
DA:153,1
DA:154,1
DA:156,1
DA:157,1
DA:159,1
DA:160,1
DA:161,4
DA:173,1
DA:174,3
DA:178,5
DA:180,2
DA:181,1
DA:189,1
DA:194,1
DA:196,3
DA:199,1
DA:206,1
DA:217,1
DA:221,1
DA:222,2
DA:223,1
DA:226,4
DA:229,1
DA:230,5
DA:231,2
DA:235,1
DA:236,5
DA:237,2
DA:238,1
DA:239,1
DA:240,1
DA:241,1
DA:243,1
DA:244,5
DA:245,3
DA:246,1
DA:247,1
DA:248,1
DA:249,1
DA:253,1
LF:84
LH:84
end_of_record
SF:lib/widgets/selector_widget.dart
DA:15,0
DA:39,0
DA:40,0
DA:48,0
DA:50,0
DA:53,0
DA:54,0
DA:56,0
DA:58,0
DA:59,0
DA:60,0
DA:63,0
DA:64,0
DA:66,0
DA:67,0
DA:69,0
DA:70,0
DA:75,0
DA:76,0
DA:78,0
DA:80,0
DA:85,0
DA:86,0
DA:88,0
DA:90,0
DA:95,0
DA:96,0
DA:98,0
DA:100,0
DA:105,0
DA:106,0
DA:108,0
DA:110,0
DA:115,0
DA:116,0
DA:117,0
DA:118,0
DA:121,0
DA:123,0
DA:128,0
DA:129,0
DA:130,0
DA:131,0
DA:134,0
DA:136,0
DA:141,0
DA:142,0
DA:143,0
DA:144,0
DA:147,0
DA:149,0
DA:154,0
DA:155,0
DA:156,0
DA:157,0
DA:160,0
DA:162,0
DA:168,0
DA:169,0
DA:170,0
DA:171,0
DA:180,0
DA:185,0
DA:187,0
DA:188,0
DA:189,0
DA:190,0
DA:191,0
DA:192,0
DA:193,0
DA:195,0
DA:197,0
DA:198,0
DA:200,0
DA:201,0
DA:202,0
DA:203,0
DA:205,0
DA:206,0
DA:208,0
DA:209,0
DA:210,0
DA:211,0
LF:83
LH:0
end_of_record
SF:lib/widgets/text_editor.dart
DA:7,7
DA:9,0
DA:10,0
DA:18,0
DA:20,0
DA:21,0
DA:22,0
DA:25,0
DA:26,0
DA:30,0
DA:36,0
DA:38,0
DA:39,0
DA:41,0
DA:42,0
DA:43,0
DA:46,0
DA:47,0
DA:48,0
DA:49,0
DA:50,0
DA:51,0
DA:53,0
DA:54,0
DA:55,0
DA:56,0
DA:57,0
DA:58,0
DA:60,0
DA:62,0
DA:65,0
DA:67,0
DA:76,0
DA:86,0
DA:87,0
DA:92,0
DA:93,0
DA:101,0
DA:102,0
DA:104,0
DA:105,0
DA:107,0
DA:109,0
DA:110,0
DA:111,0
DA:117,0
DA:118,0
DA:120,0
DA:122,0
DA:123,0
DA:124,0
DA:132,0
DA:135,0
DA:137,0
DA:138,0
DA:140,0
DA:142,0
DA:143,0
DA:147,0
DA:148,0
DA:161,0
DA:162,0
DA:164,0
DA:165,0
DA:166,0
DA:169,0
DA:171,0
DA:172,0
DA:173,0
DA:174,0
DA:177,0
DA:179,0
DA:180,0
DA:181,0
DA:182,0
DA:183,0
DA:184,0
DA:185,0
DA:187,0
DA:189,0
DA:190,0
DA:191,0
LF:82
LH:1
end_of_record
SF:lib/widgets/shortcuts_help.dart
DA:4,7
DA:6,0
DA:8,0
DA:10,0
DA:12,0
DA:13,0
DA:16,0
DA:17,0
DA:19,0
DA:20,0
DA:21,0
DA:22,0
DA:25,0
DA:27,0
DA:28,0
DA:29,0
DA:30,0
DA:31,0
DA:32,0
DA:35,0
DA:37,0
DA:38,0
DA:39,0
DA:40,0
DA:43,0
DA:45,0
DA:46,0
DA:47,0
DA:48,0
DA:49,0
DA:50,0
DA:53,0
DA:55,0
DA:56,0
DA:57,0
DA:60,0
DA:61,0
DA:64,0
DA:73,0
DA:74,0
DA:75,0
DA:82,0
DA:83,0
DA:85,0
DA:86,0
DA:87,0
DA:89,0
DA:90,0
DA:91,0
DA:92,0
DA:94,0
DA:103,0
DA:109,0
DA:110,0
DA:112,0
DA:122,0
DA:126,0
DA:128,0
DA:130,0
DA:131,0
DA:132,0
DA:133,0
DA:140,0
DA:142,0
LF:64
LH:1
end_of_record
SF:lib/files/assets_helper.dart
DA:19,0
DA:20,0
DA:21,0
DA:23,0
DA:24,0
DA:25,0
DA:26,0
DA:29,0
DA:32,0
DA:33,0
LF:10
LH:0
end_of_record
